ERROR - 2022-02-01 07:48:11 --> MySQL server has gone away
CRITICAL - 2022-02-01 07:48:11 --> MySQL server has gone away
#0 C:\xampp\htdocs\plantonistas2.0\system\Database\MySQLi\Connection.php(292): mysqli->query('DELETE FROM `ci...', 0)
#1 C:\xampp\htdocs\plantonistas2.0\system\Database\BaseConnection.php(670): CodeIgniter\Database\MySQLi\Connection->execute('DELETE FROM `ci...')
#2 C:\xampp\htdocs\plantonistas2.0\system\Database\BaseConnection.php(598): CodeIgniter\Database\BaseConnection->simpleQuery('DELETE FROM `ci...')
#3 C:\xampp\htdocs\plantonistas2.0\system\Database\BaseBuilder.php(2225): CodeIgniter\Database\BaseConnection->query('DELETE FROM `ci...', Array, false)
#4 C:\xampp\htdocs\plantonistas2.0\system\Model.php(359): CodeIgniter\Database\BaseBuilder->delete()
#5 C:\xampp\htdocs\plantonistas2.0\system\BaseModel.php(963): CodeIgniter\Model->doDelete(Array, false)
#6 C:\xampp\htdocs\plantonistas2.0\app\Controllers\Cidades.php(94): CodeIgniter\BaseModel->delete(Array)
#7 C:\xampp\htdocs\plantonistas2.0\system\CodeIgniter.php(825): App\Controllers\Cidades->excluir('6')
#8 C:\xampp\htdocs\plantonistas2.0\system\CodeIgniter.php(412): CodeIgniter\CodeIgniter->runController(Object(App\Controllers\Cidades))
#9 C:\xampp\htdocs\plantonistas2.0\system\CodeIgniter.php(320): CodeIgniter\CodeIgniter->handleRequest(NULL, Object(Config\Cache), false)
#10 C:\xampp\htdocs\plantonistas2.0\public\index.php(37): CodeIgniter\CodeIgniter->run()
#11 {main}
ERROR - 2022-02-01 07:48:15 --> Error connecting to the database: Nenhuma conexão pôde ser feita porque a máquina de destino as recusou ativamente
CRITICAL - 2022-02-01 07:48:15 --> Unable to connect to the database.
Main connection [MySQLi]: Nenhuma conexão pôde ser feita porque a máquina de destino as recusou ativamente
#0 C:\xampp\htdocs\plantonistas2.0\system\Database\BaseConnection.php(577): CodeIgniter\Database\BaseConnection->initialize()
#1 C:\xampp\htdocs\plantonistas2.0\system\Database\BaseBuilder.php(2225): CodeIgniter\Database\BaseConnection->query('DELETE FROM `ci...', Array, false)
#2 C:\xampp\htdocs\plantonistas2.0\system\Model.php(359): CodeIgniter\Database\BaseBuilder->delete()
#3 C:\xampp\htdocs\plantonistas2.0\system\BaseModel.php(963): CodeIgniter\Model->doDelete(Array, false)
#4 C:\xampp\htdocs\plantonistas2.0\app\Controllers\Cidades.php(94): CodeIgniter\BaseModel->delete(Array)
#5 C:\xampp\htdocs\plantonistas2.0\system\CodeIgniter.php(825): App\Controllers\Cidades->excluir('6')
#6 C:\xampp\htdocs\plantonistas2.0\system\CodeIgniter.php(412): CodeIgniter\CodeIgniter->runController(Object(App\Controllers\Cidades))
#7 C:\xampp\htdocs\plantonistas2.0\system\CodeIgniter.php(320): CodeIgniter\CodeIgniter->handleRequest(NULL, Object(Config\Cache), false)
#8 C:\xampp\htdocs\plantonistas2.0\public\index.php(37): CodeIgniter\CodeIgniter->run()
#9 {main}
ERROR - 2022-02-01 07:48:19 --> Error connecting to the database: Nenhuma conexão pôde ser feita porque a máquina de destino as recusou ativamente
CRITICAL - 2022-02-01 07:48:19 --> Unable to connect to the database.
Main connection [MySQLi]: Nenhuma conexão pôde ser feita porque a máquina de destino as recusou ativamente
#0 C:\xampp\htdocs\plantonistas2.0\system\Database\BaseConnection.php(577): CodeIgniter\Database\BaseConnection->initialize()
#1 C:\xampp\htdocs\plantonistas2.0\system\Database\BaseBuilder.php(2225): CodeIgniter\Database\BaseConnection->query('DELETE FROM `ci...', Array, false)
#2 C:\xampp\htdocs\plantonistas2.0\system\Model.php(359): CodeIgniter\Database\BaseBuilder->delete()
#3 C:\xampp\htdocs\plantonistas2.0\system\BaseModel.php(963): CodeIgniter\Model->doDelete(Array, false)
#4 C:\xampp\htdocs\plantonistas2.0\app\Controllers\Cidades.php(94): CodeIgniter\BaseModel->delete(Array)
#5 C:\xampp\htdocs\plantonistas2.0\system\CodeIgniter.php(825): App\Controllers\Cidades->excluir('6')
#6 C:\xampp\htdocs\plantonistas2.0\system\CodeIgniter.php(412): CodeIgniter\CodeIgniter->runController(Object(App\Controllers\Cidades))
#7 C:\xampp\htdocs\plantonistas2.0\system\CodeIgniter.php(320): CodeIgniter\CodeIgniter->handleRequest(NULL, Object(Config\Cache), false)
#8 C:\xampp\htdocs\plantonistas2.0\public\index.php(37): CodeIgniter\CodeIgniter->run()
#9 {main}
ERROR - 2022-02-01 07:48:24 --> Error connecting to the database: Nenhuma conexão pôde ser feita porque a máquina de destino as recusou ativamente
CRITICAL - 2022-02-01 07:48:24 --> Unable to connect to the database.
Main connection [MySQLi]: Nenhuma conexão pôde ser feita porque a máquina de destino as recusou ativamente
#0 C:\xampp\htdocs\plantonistas2.0\system\Database\BaseConnection.php(577): CodeIgniter\Database\BaseConnection->initialize()
#1 C:\xampp\htdocs\plantonistas2.0\system\Database\BaseBuilder.php(2225): CodeIgniter\Database\BaseConnection->query('DELETE FROM `ci...', Array, false)
#2 C:\xampp\htdocs\plantonistas2.0\system\Model.php(359): CodeIgniter\Database\BaseBuilder->delete()
#3 C:\xampp\htdocs\plantonistas2.0\system\BaseModel.php(963): CodeIgniter\Model->doDelete(Array, false)
#4 C:\xampp\htdocs\plantonistas2.0\app\Controllers\Cidades.php(94): CodeIgniter\BaseModel->delete(Array)
#5 C:\xampp\htdocs\plantonistas2.0\system\CodeIgniter.php(825): App\Controllers\Cidades->excluir('6')
#6 C:\xampp\htdocs\plantonistas2.0\system\CodeIgniter.php(412): CodeIgniter\CodeIgniter->runController(Object(App\Controllers\Cidades))
#7 C:\xampp\htdocs\plantonistas2.0\system\CodeIgniter.php(320): CodeIgniter\CodeIgniter->handleRequest(NULL, Object(Config\Cache), false)
#8 C:\xampp\htdocs\plantonistas2.0\public\index.php(37): CodeIgniter\CodeIgniter->run()
#9 {main}
ERROR - 2022-02-01 07:48:28 --> Error connecting to the database: Nenhuma conexão pôde ser feita porque a máquina de destino as recusou ativamente
CRITICAL - 2022-02-01 07:48:28 --> Unable to connect to the database.
Main connection [MySQLi]: Nenhuma conexão pôde ser feita porque a máquina de destino as recusou ativamente
#0 C:\xampp\htdocs\plantonistas2.0\system\Database\BaseConnection.php(577): CodeIgniter\Database\BaseConnection->initialize()
#1 C:\xampp\htdocs\plantonistas2.0\system\Database\BaseBuilder.php(2225): CodeIgniter\Database\BaseConnection->query('DELETE FROM `ci...', Array, false)
#2 C:\xampp\htdocs\plantonistas2.0\system\Model.php(359): CodeIgniter\Database\BaseBuilder->delete()
#3 C:\xampp\htdocs\plantonistas2.0\system\BaseModel.php(963): CodeIgniter\Model->doDelete(Array, false)
#4 C:\xampp\htdocs\plantonistas2.0\app\Controllers\Cidades.php(94): CodeIgniter\BaseModel->delete(Array)
#5 C:\xampp\htdocs\plantonistas2.0\system\CodeIgniter.php(825): App\Controllers\Cidades->excluir('6')
#6 C:\xampp\htdocs\plantonistas2.0\system\CodeIgniter.php(412): CodeIgniter\CodeIgniter->runController(Object(App\Controllers\Cidades))
#7 C:\xampp\htdocs\plantonistas2.0\system\CodeIgniter.php(320): CodeIgniter\CodeIgniter->handleRequest(NULL, Object(Config\Cache), false)
#8 C:\xampp\htdocs\plantonistas2.0\public\index.php(37): CodeIgniter\CodeIgniter->run()
#9 {main}
ERROR - 2022-02-01 07:48:32 --> Error connecting to the database: Nenhuma conexão pôde ser feita porque a máquina de destino as recusou ativamente
CRITICAL - 2022-02-01 07:48:32 --> Unable to connect to the database.
Main connection [MySQLi]: Nenhuma conexão pôde ser feita porque a máquina de destino as recusou ativamente
#0 C:\xampp\htdocs\plantonistas2.0\system\Database\BaseConnection.php(577): CodeIgniter\Database\BaseConnection->initialize()
#1 C:\xampp\htdocs\plantonistas2.0\system\Database\BaseBuilder.php(2225): CodeIgniter\Database\BaseConnection->query('DELETE FROM `ci...', Array, false)
#2 C:\xampp\htdocs\plantonistas2.0\system\Model.php(359): CodeIgniter\Database\BaseBuilder->delete()
#3 C:\xampp\htdocs\plantonistas2.0\system\BaseModel.php(963): CodeIgniter\Model->doDelete(Array, false)
#4 C:\xampp\htdocs\plantonistas2.0\app\Controllers\Cidades.php(94): CodeIgniter\BaseModel->delete(Array)
#5 C:\xampp\htdocs\plantonistas2.0\system\CodeIgniter.php(825): App\Controllers\Cidades->excluir('6')
#6 C:\xampp\htdocs\plantonistas2.0\system\CodeIgniter.php(412): CodeIgniter\CodeIgniter->runController(Object(App\Controllers\Cidades))
#7 C:\xampp\htdocs\plantonistas2.0\system\CodeIgniter.php(320): CodeIgniter\CodeIgniter->handleRequest(NULL, Object(Config\Cache), false)
#8 C:\xampp\htdocs\plantonistas2.0\public\index.php(37): CodeIgniter\CodeIgniter->run()
#9 {main}
ERROR - 2022-02-01 07:48:44 --> Cannot delete or update a parent row: a foreign key constraint fails (`plantao`.`plantoes`, CONSTRAINT `plantoes_ibfk_1` FOREIGN KEY (`cidades_id`) REFERENCES `cidades` (`id`))
CRITICAL - 2022-02-01 07:48:44 --> Cannot delete or update a parent row: a foreign key constraint fails (`plantao`.`plantoes`, CONSTRAINT `plantoes_ibfk_1` FOREIGN KEY (`cidades_id`) REFERENCES `cidades` (`id`))
#0 C:\xampp\htdocs\plantonistas2.0\system\Database\MySQLi\Connection.php(292): mysqli->query('DELETE FROM `ci...', 0)
#1 C:\xampp\htdocs\plantonistas2.0\system\Database\BaseConnection.php(670): CodeIgniter\Database\MySQLi\Connection->execute('DELETE FROM `ci...')
#2 C:\xampp\htdocs\plantonistas2.0\system\Database\BaseConnection.php(598): CodeIgniter\Database\BaseConnection->simpleQuery('DELETE FROM `ci...')
#3 C:\xampp\htdocs\plantonistas2.0\system\Database\BaseBuilder.php(2225): CodeIgniter\Database\BaseConnection->query('DELETE FROM `ci...', Array, false)
#4 C:\xampp\htdocs\plantonistas2.0\system\Model.php(359): CodeIgniter\Database\BaseBuilder->delete()
#5 C:\xampp\htdocs\plantonistas2.0\system\BaseModel.php(963): CodeIgniter\Model->doDelete(Array, false)
#6 C:\xampp\htdocs\plantonistas2.0\app\Controllers\Cidades.php(94): CodeIgniter\BaseModel->delete(Array)
#7 C:\xampp\htdocs\plantonistas2.0\system\CodeIgniter.php(825): App\Controllers\Cidades->excluir('6')
#8 C:\xampp\htdocs\plantonistas2.0\system\CodeIgniter.php(412): CodeIgniter\CodeIgniter->runController(Object(App\Controllers\Cidades))
#9 C:\xampp\htdocs\plantonistas2.0\system\CodeIgniter.php(320): CodeIgniter\CodeIgniter->handleRequest(NULL, Object(Config\Cache), false)
#10 C:\xampp\htdocs\plantonistas2.0\public\index.php(37): CodeIgniter\CodeIgniter->run()
#11 {main}
ERROR - 2022-02-01 07:49:05 --> Cannot delete or update a parent row: a foreign key constraint fails (`plantao`.`plantoes`, CONSTRAINT `plantoes_ibfk_2` FOREIGN KEY (`plantonistas_id`) REFERENCES `plantonistas` (`id`))
CRITICAL - 2022-02-01 07:49:05 --> Cannot delete or update a parent row: a foreign key constraint fails (`plantao`.`plantoes`, CONSTRAINT `plantoes_ibfk_2` FOREIGN KEY (`plantonistas_id`) REFERENCES `plantonistas` (`id`))
#0 C:\xampp\htdocs\plantonistas2.0\system\Database\MySQLi\Connection.php(292): mysqli->query('DELETE FROM `pl...', 0)
#1 C:\xampp\htdocs\plantonistas2.0\system\Database\BaseConnection.php(670): CodeIgniter\Database\MySQLi\Connection->execute('DELETE FROM `pl...')
#2 C:\xampp\htdocs\plantonistas2.0\system\Database\BaseConnection.php(598): CodeIgniter\Database\BaseConnection->simpleQuery('DELETE FROM `pl...')
#3 C:\xampp\htdocs\plantonistas2.0\system\Database\BaseBuilder.php(2225): CodeIgniter\Database\BaseConnection->query('DELETE FROM `pl...', Array, false)
#4 C:\xampp\htdocs\plantonistas2.0\system\Model.php(359): CodeIgniter\Database\BaseBuilder->delete()
#5 C:\xampp\htdocs\plantonistas2.0\system\BaseModel.php(963): CodeIgniter\Model->doDelete(Array, false)
#6 C:\xampp\htdocs\plantonistas2.0\app\Controllers\Plantonistas.php(96): CodeIgniter\BaseModel->delete(Array)
#7 C:\xampp\htdocs\plantonistas2.0\system\CodeIgniter.php(825): App\Controllers\Plantonistas->excluir('7')
#8 C:\xampp\htdocs\plantonistas2.0\system\CodeIgniter.php(412): CodeIgniter\CodeIgniter->runController(Object(App\Controllers\Plantonistas))
#9 C:\xampp\htdocs\plantonistas2.0\system\CodeIgniter.php(320): CodeIgniter\CodeIgniter->handleRequest(NULL, Object(Config\Cache), false)
#10 C:\xampp\htdocs\plantonistas2.0\public\index.php(37): CodeIgniter\CodeIgniter->run()
#11 {main}
ERROR - 2022-02-01 07:49:46 --> Cannot delete or update a parent row: a foreign key constraint fails (`plantao`.`plantoes`, CONSTRAINT `plantoes_ibfk_3` FOREIGN KEY (`regioes_id`) REFERENCES `regioes` (`id`))
CRITICAL - 2022-02-01 07:49:46 --> Cannot delete or update a parent row: a foreign key constraint fails (`plantao`.`plantoes`, CONSTRAINT `plantoes_ibfk_3` FOREIGN KEY (`regioes_id`) REFERENCES `regioes` (`id`))
#0 C:\xampp\htdocs\plantonistas2.0\system\Database\MySQLi\Connection.php(292): mysqli->query('DELETE FROM `re...', 0)
#1 C:\xampp\htdocs\plantonistas2.0\system\Database\BaseConnection.php(670): CodeIgniter\Database\MySQLi\Connection->execute('DELETE FROM `re...')
#2 C:\xampp\htdocs\plantonistas2.0\system\Database\BaseConnection.php(598): CodeIgniter\Database\BaseConnection->simpleQuery('DELETE FROM `re...')
#3 C:\xampp\htdocs\plantonistas2.0\system\Database\BaseBuilder.php(2225): CodeIgniter\Database\BaseConnection->query('DELETE FROM `re...', Array, false)
#4 C:\xampp\htdocs\plantonistas2.0\system\Model.php(359): CodeIgniter\Database\BaseBuilder->delete()
#5 C:\xampp\htdocs\plantonistas2.0\system\BaseModel.php(963): CodeIgniter\Model->doDelete(Array, false)
#6 C:\xampp\htdocs\plantonistas2.0\app\Controllers\Regioes.php(88): CodeIgniter\BaseModel->delete(Array)
#7 C:\xampp\htdocs\plantonistas2.0\system\CodeIgniter.php(825): App\Controllers\Regioes->excluir('8')
#8 C:\xampp\htdocs\plantonistas2.0\system\CodeIgniter.php(412): CodeIgniter\CodeIgniter->runController(Object(App\Controllers\Regioes))
#9 C:\xampp\htdocs\plantonistas2.0\system\CodeIgniter.php(320): CodeIgniter\CodeIgniter->handleRequest(NULL, Object(Config\Cache), false)
#10 C:\xampp\htdocs\plantonistas2.0\public\index.php(37): CodeIgniter\CodeIgniter->run()
#11 {main}
CRITICAL - 2022-02-01 08:07:29 --> Call to a member function mysqli_num_rows() on array
#0 C:\xampp\htdocs\plantonistas2.0\system\View\View.php(210): include()
#1 C:\xampp\htdocs\plantonistas2.0\system\View\View.php(213): CodeIgniter\View\View->CodeIgniter\View\{closure}()
#2 C:\xampp\htdocs\plantonistas2.0\system\Common.php(1089): CodeIgniter\View\View->render('plantoes', Array, true)
#3 C:\xampp\htdocs\plantonistas2.0\app\Controllers\Plantoes.php(42): view('plantoes', Array)
#4 C:\xampp\htdocs\plantonistas2.0\system\CodeIgniter.php(825): App\Controllers\Plantoes->index()
#5 C:\xampp\htdocs\plantonistas2.0\system\CodeIgniter.php(412): CodeIgniter\CodeIgniter->runController(Object(App\Controllers\Plantoes))
#6 C:\xampp\htdocs\plantonistas2.0\system\CodeIgniter.php(320): CodeIgniter\CodeIgniter->handleRequest(NULL, Object(Config\Cache), false)
#7 C:\xampp\htdocs\plantonistas2.0\public\index.php(37): CodeIgniter\CodeIgniter->run()
#8 {main}
CRITICAL - 2022-02-01 08:20:49 --> Undefined variable $plantoes
#0 C:\xampp\htdocs\plantonistas2.0\app\Views\regioes.php(18): CodeIgniter\Debug\Exceptions->errorHandler(2, 'Undefined varia...', 'C:\\xampp\\htdocs...', 18)
#1 C:\xampp\htdocs\plantonistas2.0\system\View\View.php(210): include('C:\\xampp\\htdocs...')
#2 C:\xampp\htdocs\plantonistas2.0\system\View\View.php(213): CodeIgniter\View\View->CodeIgniter\View\{closure}()
#3 C:\xampp\htdocs\plantonistas2.0\system\Common.php(1089): CodeIgniter\View\View->render('regioes', Array, true)
#4 C:\xampp\htdocs\plantonistas2.0\app\Controllers\Regioes.php(30): view('regioes', Array)
#5 C:\xampp\htdocs\plantonistas2.0\system\CodeIgniter.php(825): App\Controllers\Regioes->index()
#6 C:\xampp\htdocs\plantonistas2.0\system\CodeIgniter.php(412): CodeIgniter\CodeIgniter->runController(Object(App\Controllers\Regioes))
#7 C:\xampp\htdocs\plantonistas2.0\system\CodeIgniter.php(320): CodeIgniter\CodeIgniter->handleRequest(NULL, Object(Config\Cache), false)
#8 C:\xampp\htdocs\plantonistas2.0\public\index.php(37): CodeIgniter\CodeIgniter->run()
#9 {main}
CRITICAL - 2022-02-01 08:24:04 --> Array to string conversion
#0 C:\xampp\htdocs\plantonistas2.0\app\Views\plantoes.php(21): CodeIgniter\Debug\Exceptions->errorHandler(2, 'Array to string...', 'C:\\xampp\\htdocs...', 21)
#1 C:\xampp\htdocs\plantonistas2.0\system\View\View.php(210): include('C:\\xampp\\htdocs...')
#2 C:\xampp\htdocs\plantonistas2.0\system\View\View.php(213): CodeIgniter\View\View->CodeIgniter\View\{closure}()
#3 C:\xampp\htdocs\plantonistas2.0\system\Common.php(1089): CodeIgniter\View\View->render('plantoes', Array, true)
#4 C:\xampp\htdocs\plantonistas2.0\app\Controllers\Plantoes.php(42): view('plantoes', Array)
#5 C:\xampp\htdocs\plantonistas2.0\system\CodeIgniter.php(825): App\Controllers\Plantoes->index()
#6 C:\xampp\htdocs\plantonistas2.0\system\CodeIgniter.php(412): CodeIgniter\CodeIgniter->runController(Object(App\Controllers\Plantoes))
#7 C:\xampp\htdocs\plantonistas2.0\system\CodeIgniter.php(320): CodeIgniter\CodeIgniter->handleRequest(NULL, Object(Config\Cache), false)
#8 C:\xampp\htdocs\plantonistas2.0\public\index.php(37): CodeIgniter\CodeIgniter->run()
#9 {main}
CRITICAL - 2022-02-01 08:44:48 --> CodeIgniter\Validation\Rules::is_unique(): Argument #2 ($field) must be of type string, null given, called in C:\xampp\htdocs\plantonistas2.0\system\Validation\Validation.php on line 291
#0 C:\xampp\htdocs\plantonistas2.0\system\Validation\Validation.php(291): CodeIgniter\Validation\Rules->is_unique('Len\xC3\xA7o\xC3\xADs Pauli...', NULL)
#1 C:\xampp\htdocs\plantonistas2.0\system\Validation\Validation.php(157): CodeIgniter\Validation\Validation->processRules('nome', 'nome', 'Len\xC3\xA7o\xC3\xADs Pauli...', Array, Array)
#2 C:\xampp\htdocs\plantonistas2.0\system\BaseModel.php(1347): CodeIgniter\Validation\Validation->run(Array, NULL, NULL)
#3 C:\xampp\htdocs\plantonistas2.0\system\BaseModel.php(707): CodeIgniter\BaseModel->validate(Array)
#4 C:\xampp\htdocs\plantonistas2.0\system\Model.php(625): CodeIgniter\BaseModel->insert(Array, true)
#5 C:\xampp\htdocs\plantonistas2.0\app\Controllers\Cidades.php(48): CodeIgniter\Model->insert(Array)
#6 C:\xampp\htdocs\plantonistas2.0\system\CodeIgniter.php(825): App\Controllers\Cidades->adicionar()
#7 C:\xampp\htdocs\plantonistas2.0\system\CodeIgniter.php(412): CodeIgniter\CodeIgniter->runController(Object(App\Controllers\Cidades))
#8 C:\xampp\htdocs\plantonistas2.0\system\CodeIgniter.php(320): CodeIgniter\CodeIgniter->handleRequest(NULL, Object(Config\Cache), false)
#9 C:\xampp\htdocs\plantonistas2.0\public\index.php(37): CodeIgniter\CodeIgniter->run()
#10 {main}
CRITICAL - 2022-02-01 10:35:53 --> Undefined variable $errors
#0 C:\xampp\htdocs\plantonistas2.0\app\Views\adicionarRegiao.php(19): CodeIgniter\Debug\Exceptions->errorHandler(2, 'Undefined varia...', 'C:\\xampp\\htdocs...', 19)
#1 C:\xampp\htdocs\plantonistas2.0\system\View\View.php(210): include('C:\\xampp\\htdocs...')
#2 C:\xampp\htdocs\plantonistas2.0\system\View\View.php(213): CodeIgniter\View\View->CodeIgniter\View\{closure}()
#3 C:\xampp\htdocs\plantonistas2.0\system\Common.php(1089): CodeIgniter\View\View->render('adicionarRegiao', Array, true)
#4 C:\xampp\htdocs\plantonistas2.0\app\Controllers\Regioes.php(52): view('adicionarRegiao', Array)
#5 C:\xampp\htdocs\plantonistas2.0\system\CodeIgniter.php(825): App\Controllers\Regioes->adicionar()
#6 C:\xampp\htdocs\plantonistas2.0\system\CodeIgniter.php(412): CodeIgniter\CodeIgniter->runController(Object(App\Controllers\Regioes))
#7 C:\xampp\htdocs\plantonistas2.0\system\CodeIgniter.php(320): CodeIgniter\CodeIgniter->handleRequest(NULL, Object(Config\Cache), false)
#8 C:\xampp\htdocs\plantonistas2.0\public\index.php(37): CodeIgniter\CodeIgniter->run()
#9 {main}
CRITICAL - 2022-02-01 14:21:41 --> strpos(): Argument #3 ($offset) must be contained in argument #1 ($haystack)
#0 C:\xampp\htdocs\plantonistas2.0\system\Validation\Validation.php(724): strpos('required|min_le...', '|', 55)
#1 C:\xampp\htdocs\plantonistas2.0\system\Validation\Validation.php(138): CodeIgniter\Validation\Validation->splitRules(Array)
#2 C:\xampp\htdocs\plantonistas2.0\system\BaseModel.php(1347): CodeIgniter\Validation\Validation->run(Array, NULL, NULL)
#3 C:\xampp\htdocs\plantonistas2.0\system\BaseModel.php(707): CodeIgniter\BaseModel->validate(Array)
#4 C:\xampp\htdocs\plantonistas2.0\system\Model.php(625): CodeIgniter\BaseModel->insert(Array, true)
#5 C:\xampp\htdocs\plantonistas2.0\app\Controllers\Plantonistas.php(46): CodeIgniter\Model->insert()
#6 C:\xampp\htdocs\plantonistas2.0\system\CodeIgniter.php(825): App\Controllers\Plantonistas->adicionar()
#7 C:\xampp\htdocs\plantonistas2.0\system\CodeIgniter.php(412): CodeIgniter\CodeIgniter->runController(Object(App\Controllers\Plantonistas))
#8 C:\xampp\htdocs\plantonistas2.0\system\CodeIgniter.php(320): CodeIgniter\CodeIgniter->handleRequest(NULL, Object(Config\Cache), false)
#9 C:\xampp\htdocs\plantonistas2.0\public\index.php(37): CodeIgniter\CodeIgniter->run()
#10 {main}
CRITICAL - 2022-02-01 14:21:58 --> strpos(): Argument #3 ($offset) must be contained in argument #1 ($haystack)
#0 C:\xampp\htdocs\plantonistas2.0\system\Validation\Validation.php(724): strpos('required|min_le...', '|', 55)
#1 C:\xampp\htdocs\plantonistas2.0\system\Validation\Validation.php(138): CodeIgniter\Validation\Validation->splitRules(Array)
#2 C:\xampp\htdocs\plantonistas2.0\system\BaseModel.php(1347): CodeIgniter\Validation\Validation->run(Array, NULL, NULL)
#3 C:\xampp\htdocs\plantonistas2.0\system\BaseModel.php(707): CodeIgniter\BaseModel->validate(Array)
#4 C:\xampp\htdocs\plantonistas2.0\system\Model.php(625): CodeIgniter\BaseModel->insert(Array, true)
#5 C:\xampp\htdocs\plantonistas2.0\app\Controllers\Plantonistas.php(46): CodeIgniter\Model->insert()
#6 C:\xampp\htdocs\plantonistas2.0\system\CodeIgniter.php(825): App\Controllers\Plantonistas->adicionar()
#7 C:\xampp\htdocs\plantonistas2.0\system\CodeIgniter.php(412): CodeIgniter\CodeIgniter->runController(Object(App\Controllers\Plantonistas))
#8 C:\xampp\htdocs\plantonistas2.0\system\CodeIgniter.php(320): CodeIgniter\CodeIgniter->handleRequest(NULL, Object(Config\Cache), false)
#9 C:\xampp\htdocs\plantonistas2.0\public\index.php(37): CodeIgniter\CodeIgniter->run()
#10 {main}
CRITICAL - 2022-02-01 14:22:03 --> strpos(): Argument #3 ($offset) must be contained in argument #1 ($haystack)
#0 C:\xampp\htdocs\plantonistas2.0\system\Validation\Validation.php(724): strpos('required|min_le...', '|', 55)
#1 C:\xampp\htdocs\plantonistas2.0\system\Validation\Validation.php(138): CodeIgniter\Validation\Validation->splitRules(Array)
#2 C:\xampp\htdocs\plantonistas2.0\system\BaseModel.php(1347): CodeIgniter\Validation\Validation->run(Array, NULL, NULL)
#3 C:\xampp\htdocs\plantonistas2.0\system\BaseModel.php(707): CodeIgniter\BaseModel->validate(Array)
#4 C:\xampp\htdocs\plantonistas2.0\system\Model.php(625): CodeIgniter\BaseModel->insert(Array, true)
#5 C:\xampp\htdocs\plantonistas2.0\app\Controllers\Plantonistas.php(46): CodeIgniter\Model->insert()
#6 C:\xampp\htdocs\plantonistas2.0\system\CodeIgniter.php(825): App\Controllers\Plantonistas->adicionar()
#7 C:\xampp\htdocs\plantonistas2.0\system\CodeIgniter.php(412): CodeIgniter\CodeIgniter->runController(Object(App\Controllers\Plantonistas))
#8 C:\xampp\htdocs\plantonistas2.0\system\CodeIgniter.php(320): CodeIgniter\CodeIgniter->handleRequest(NULL, Object(Config\Cache), false)
#9 C:\xampp\htdocs\plantonistas2.0\public\index.php(37): CodeIgniter\CodeIgniter->run()
#10 {main}
CRITICAL - 2022-02-01 14:26:07 --> strpos(): Argument #3 ($offset) must be contained in argument #1 ($haystack)
#0 C:\xampp\htdocs\plantonistas2.0\system\Validation\Validation.php(724): strpos('required|min_le...', '|', 55)
#1 C:\xampp\htdocs\plantonistas2.0\system\Validation\Validation.php(138): CodeIgniter\Validation\Validation->splitRules(Array)
#2 C:\xampp\htdocs\plantonistas2.0\system\BaseModel.php(1347): CodeIgniter\Validation\Validation->run(Array, NULL, NULL)
#3 C:\xampp\htdocs\plantonistas2.0\system\BaseModel.php(707): CodeIgniter\BaseModel->validate(Array)
#4 C:\xampp\htdocs\plantonistas2.0\system\Model.php(625): CodeIgniter\BaseModel->insert(Array, true)
#5 C:\xampp\htdocs\plantonistas2.0\app\Controllers\Plantonistas.php(46): CodeIgniter\Model->insert()
#6 C:\xampp\htdocs\plantonistas2.0\system\CodeIgniter.php(825): App\Controllers\Plantonistas->adicionar()
#7 C:\xampp\htdocs\plantonistas2.0\system\CodeIgniter.php(412): CodeIgniter\CodeIgniter->runController(Object(App\Controllers\Plantonistas))
#8 C:\xampp\htdocs\plantonistas2.0\system\CodeIgniter.php(320): CodeIgniter\CodeIgniter->handleRequest(NULL, Object(Config\Cache), false)
#9 C:\xampp\htdocs\plantonistas2.0\public\index.php(37): CodeIgniter\CodeIgniter->run()
#10 {main}
CRITICAL - 2022-02-01 14:30:14 --> strpos(): Argument #3 ($offset) must be contained in argument #1 ($haystack)
#0 C:\xampp\htdocs\plantonistas2.0\system\Validation\Validation.php(724): strpos('required|min_le...', '|', 55)
#1 C:\xampp\htdocs\plantonistas2.0\system\Validation\Validation.php(138): CodeIgniter\Validation\Validation->splitRules(Array)
#2 C:\xampp\htdocs\plantonistas2.0\system\BaseModel.php(1347): CodeIgniter\Validation\Validation->run(Array, NULL, NULL)
#3 C:\xampp\htdocs\plantonistas2.0\system\BaseModel.php(707): CodeIgniter\BaseModel->validate(Array)
#4 C:\xampp\htdocs\plantonistas2.0\system\Model.php(625): CodeIgniter\BaseModel->insert(Array, true)
#5 C:\xampp\htdocs\plantonistas2.0\app\Controllers\Plantonistas.php(46): CodeIgniter\Model->insert()
#6 C:\xampp\htdocs\plantonistas2.0\system\CodeIgniter.php(825): App\Controllers\Plantonistas->adicionar()
#7 C:\xampp\htdocs\plantonistas2.0\system\CodeIgniter.php(412): CodeIgniter\CodeIgniter->runController(Object(App\Controllers\Plantonistas))
#8 C:\xampp\htdocs\plantonistas2.0\system\CodeIgniter.php(320): CodeIgniter\CodeIgniter->handleRequest(NULL, Object(Config\Cache), false)
#9 C:\xampp\htdocs\plantonistas2.0\public\index.php(37): CodeIgniter\CodeIgniter->run()
#10 {main}
