CRITICAL - 2022-02-04 05:56:23 --> Undefined variable $msg
#0 C:\xampp\htdocs\plantonistas2.0\app\Views\footer.php(20): CodeIgniter\Debug\Exceptions->errorHandler(2, 'Undefined varia...', 'C:\\xampp\\htdocs...', 20)
#1 C:\xampp\htdocs\plantonistas2.0\system\View\View.php(210): include('C:\\xampp\\htdocs...')
#2 C:\xampp\htdocs\plantonistas2.0\system\View\View.php(213): CodeIgniter\View\View->CodeIgniter\View\{closure}()
#3 C:\xampp\htdocs\plantonistas2.0\system\View\View.php(424): CodeIgniter\View\View->render('footer', NULL, true)
#4 C:\xampp\htdocs\plantonistas2.0\app\Views\home.php(38): CodeIgniter\View\View->include('footer')
#5 C:\xampp\htdocs\plantonistas2.0\system\View\View.php(210): include('C:\\xampp\\htdocs...')
#6 C:\xampp\htdocs\plantonistas2.0\system\View\View.php(213): CodeIgniter\View\View->CodeIgniter\View\{closure}()
#7 C:\xampp\htdocs\plantonistas2.0\system\Common.php(1089): CodeIgniter\View\View->render('home', Array, true)
#8 C:\xampp\htdocs\plantonistas2.0\app\Controllers\Geral.php(25): view('home', Array)
#9 C:\xampp\htdocs\plantonistas2.0\system\CodeIgniter.php(825): App\Controllers\Geral->index()
#10 C:\xampp\htdocs\plantonistas2.0\system\CodeIgniter.php(412): CodeIgniter\CodeIgniter->runController(Object(App\Controllers\Geral))
#11 C:\xampp\htdocs\plantonistas2.0\system\CodeIgniter.php(320): CodeIgniter\CodeIgniter->handleRequest(NULL, Object(Config\Cache), false)
#12 C:\xampp\htdocs\plantonistas2.0\index.php(37): CodeIgniter\CodeIgniter->run()
#13 {main}
CRITICAL - 2022-02-04 05:56:33 --> Undefined variable $msg
#0 C:\xampp\htdocs\plantonistas2.0\app\Views\footer.php(20): CodeIgniter\Debug\Exceptions->errorHandler(2, 'Undefined varia...', 'C:\\xampp\\htdocs...', 20)
#1 C:\xampp\htdocs\plantonistas2.0\system\View\View.php(210): include('C:\\xampp\\htdocs...')
#2 C:\xampp\htdocs\plantonistas2.0\system\View\View.php(213): CodeIgniter\View\View->CodeIgniter\View\{closure}()
#3 C:\xampp\htdocs\plantonistas2.0\system\View\View.php(424): CodeIgniter\View\View->render('footer', NULL, true)
#4 C:\xampp\htdocs\plantonistas2.0\app\Views\plantoes.php(43): CodeIgniter\View\View->include('footer')
#5 C:\xampp\htdocs\plantonistas2.0\system\View\View.php(210): include('C:\\xampp\\htdocs...')
#6 C:\xampp\htdocs\plantonistas2.0\system\View\View.php(213): CodeIgniter\View\View->CodeIgniter\View\{closure}()
#7 C:\xampp\htdocs\plantonistas2.0\system\Common.php(1089): CodeIgniter\View\View->render('plantoes', Array, true)
#8 C:\xampp\htdocs\plantonistas2.0\app\Controllers\Plantoes.php(42): view('plantoes', Array)
#9 C:\xampp\htdocs\plantonistas2.0\system\CodeIgniter.php(825): App\Controllers\Plantoes->index()
#10 C:\xampp\htdocs\plantonistas2.0\system\CodeIgniter.php(412): CodeIgniter\CodeIgniter->runController(Object(App\Controllers\Plantoes))
#11 C:\xampp\htdocs\plantonistas2.0\system\CodeIgniter.php(320): CodeIgniter\CodeIgniter->handleRequest(NULL, Object(Config\Cache), false)
#12 C:\xampp\htdocs\plantonistas2.0\index.php(37): CodeIgniter\CodeIgniter->run()
#13 {main}
CRITICAL - 2022-02-04 06:02:16 --> Undefined variable $msg
#0 C:\xampp\htdocs\plantonistas2.0\app\Views\footer.php(20): CodeIgniter\Debug\Exceptions->errorHandler(2, 'Undefined varia...', 'C:\\xampp\\htdocs...', 20)
#1 C:\xampp\htdocs\plantonistas2.0\system\View\View.php(210): include('C:\\xampp\\htdocs...')
#2 C:\xampp\htdocs\plantonistas2.0\system\View\View.php(213): CodeIgniter\View\View->CodeIgniter\View\{closure}()
#3 C:\xampp\htdocs\plantonistas2.0\system\View\View.php(424): CodeIgniter\View\View->render('footer', NULL, true)
#4 C:\xampp\htdocs\plantonistas2.0\app\Views\plantoes.php(43): CodeIgniter\View\View->include('footer')
#5 C:\xampp\htdocs\plantonistas2.0\system\View\View.php(210): include('C:\\xampp\\htdocs...')
#6 C:\xampp\htdocs\plantonistas2.0\system\View\View.php(213): CodeIgniter\View\View->CodeIgniter\View\{closure}()
#7 C:\xampp\htdocs\plantonistas2.0\system\Common.php(1089): CodeIgniter\View\View->render('plantoes', Array, true)
#8 C:\xampp\htdocs\plantonistas2.0\app\Controllers\Plantoes.php(42): view('plantoes', Array)
#9 C:\xampp\htdocs\plantonistas2.0\system\CodeIgniter.php(825): App\Controllers\Plantoes->index()
#10 C:\xampp\htdocs\plantonistas2.0\system\CodeIgniter.php(412): CodeIgniter\CodeIgniter->runController(Object(App\Controllers\Plantoes))
#11 C:\xampp\htdocs\plantonistas2.0\system\CodeIgniter.php(320): CodeIgniter\CodeIgniter->handleRequest(NULL, Object(Config\Cache), false)
#12 C:\xampp\htdocs\plantonistas2.0\index.php(37): CodeIgniter\CodeIgniter->run()
#13 {main}
CRITICAL - 2022-02-04 07:51:33 --> Undefined variable $regioes
#0 C:\xampp\htdocs\plantonistas2.0\app\Views\regioes.php(18): CodeIgniter\Debug\Exceptions->errorHandler(2, 'Undefined varia...', 'C:\\xampp\\htdocs...', 18)
#1 C:\xampp\htdocs\plantonistas2.0\system\View\View.php(210): include('C:\\xampp\\htdocs...')
#2 C:\xampp\htdocs\plantonistas2.0\system\View\View.php(213): CodeIgniter\View\View->CodeIgniter\View\{closure}()
#3 C:\xampp\htdocs\plantonistas2.0\system\Common.php(1089): CodeIgniter\View\View->render('regioes', Array, true)
#4 C:\xampp\htdocs\plantonistas2.0\app\Controllers\Regioes.php(98): view('regioes', Array)
#5 C:\xampp\htdocs\plantonistas2.0\system\CodeIgniter.php(825): App\Controllers\Regioes->excluir('27')
#6 C:\xampp\htdocs\plantonistas2.0\system\CodeIgniter.php(412): CodeIgniter\CodeIgniter->runController(Object(App\Controllers\Regioes))
#7 C:\xampp\htdocs\plantonistas2.0\system\CodeIgniter.php(320): CodeIgniter\CodeIgniter->handleRequest(NULL, Object(Config\Cache), false)
#8 C:\xampp\htdocs\plantonistas2.0\index.php(37): CodeIgniter\CodeIgniter->run()
#9 {main}
ERROR - 2022-02-04 08:08:51 --> Cannot delete or update a parent row: a foreign key constraint fails (`plantao`.`cidades`, CONSTRAINT `cidades_ibfk_1` FOREIGN KEY (`regioes_id`) REFERENCES `regioes` (`id`))
ERROR - 2022-02-04 08:08:54 --> Cannot delete or update a parent row: a foreign key constraint fails (`plantao`.`cidades`, CONSTRAINT `cidades_ibfk_1` FOREIGN KEY (`regioes_id`) REFERENCES `regioes` (`id`))
ERROR - 2022-02-04 08:09:31 --> Cannot delete or update a parent row: a foreign key constraint fails (`plantao`.`cidades`, CONSTRAINT `cidades_ibfk_1` FOREIGN KEY (`regioes_id`) REFERENCES `regioes` (`id`))
ERROR - 2022-02-04 08:16:05 --> Cannot delete or update a parent row: a foreign key constraint fails (`plantao`.`cidades`, CONSTRAINT `cidades_ibfk_1` FOREIGN KEY (`regioes_id`) REFERENCES `regioes` (`id`))
CRITICAL - 2022-02-04 08:16:05 --> Cannot delete or update a parent row: a foreign key constraint fails (`plantao`.`cidades`, CONSTRAINT `cidades_ibfk_1` FOREIGN KEY (`regioes_id`) REFERENCES `regioes` (`id`))
#0 C:\xampp\htdocs\plantonistas2.0\system\Database\MySQLi\Connection.php(292): mysqli->query('DELETE FROM `re...', 0)
#1 C:\xampp\htdocs\plantonistas2.0\system\Database\BaseConnection.php(670): CodeIgniter\Database\MySQLi\Connection->execute('DELETE FROM `re...')
#2 C:\xampp\htdocs\plantonistas2.0\system\Database\BaseConnection.php(598): CodeIgniter\Database\BaseConnection->simpleQuery('DELETE FROM `re...')
#3 C:\xampp\htdocs\plantonistas2.0\system\Database\BaseBuilder.php(2225): CodeIgniter\Database\BaseConnection->query('DELETE FROM `re...', Array, false)
#4 C:\xampp\htdocs\plantonistas2.0\system\Model.php(359): CodeIgniter\Database\BaseBuilder->delete()
#5 C:\xampp\htdocs\plantonistas2.0\system\BaseModel.php(963): CodeIgniter\Model->doDelete(Array, false)
#6 C:\xampp\htdocs\plantonistas2.0\app\Controllers\Regioes.php(94): CodeIgniter\BaseModel->delete(Array)
#7 C:\xampp\htdocs\plantonistas2.0\system\CodeIgniter.php(825): App\Controllers\Regioes->excluir('24')
#8 C:\xampp\htdocs\plantonistas2.0\system\CodeIgniter.php(412): CodeIgniter\CodeIgniter->runController(Object(App\Controllers\Regioes))
#9 C:\xampp\htdocs\plantonistas2.0\system\CodeIgniter.php(320): CodeIgniter\CodeIgniter->handleRequest(NULL, Object(Config\Cache), false)
#10 C:\xampp\htdocs\plantonistas2.0\index.php(37): CodeIgniter\CodeIgniter->run()
#11 {main}
CRITICAL - 2022-02-04 08:40:20 --> Undefined variable $regioes
#0 C:\xampp\htdocs\plantonistas2.0\app\Views\regioes.php(19): CodeIgniter\Debug\Exceptions->errorHandler(2, 'Undefined varia...', 'C:\\xampp\\htdocs...', 19)
#1 C:\xampp\htdocs\plantonistas2.0\system\View\View.php(210): include('C:\\xampp\\htdocs...')
#2 C:\xampp\htdocs\plantonistas2.0\system\View\View.php(213): CodeIgniter\View\View->CodeIgniter\View\{closure}()
#3 C:\xampp\htdocs\plantonistas2.0\system\Common.php(1089): CodeIgniter\View\View->render('regioes', Array, true)
#4 C:\xampp\htdocs\plantonistas2.0\app\Controllers\Regioes.php(96): view('regioes', Array)
#5 C:\xampp\htdocs\plantonistas2.0\system\CodeIgniter.php(825): App\Controllers\Regioes->excluir('43')
#6 C:\xampp\htdocs\plantonistas2.0\system\CodeIgniter.php(412): CodeIgniter\CodeIgniter->runController(Object(App\Controllers\Regioes))
#7 C:\xampp\htdocs\plantonistas2.0\system\CodeIgniter.php(320): CodeIgniter\CodeIgniter->handleRequest(NULL, Object(Config\Cache), false)
#8 C:\xampp\htdocs\plantonistas2.0\index.php(37): CodeIgniter\CodeIgniter->run()
#9 {main}
ERROR - 2022-02-04 08:59:12 --> Cannot delete or update a parent row: a foreign key constraint fails (`plantao`.`cidades`, CONSTRAINT `cidades_ibfk_1` FOREIGN KEY (`regioes_id`) REFERENCES `regioes` (`id`))
CRITICAL - 2022-02-04 08:59:12 --> Cannot delete or update a parent row: a foreign key constraint fails (`plantao`.`cidades`, CONSTRAINT `cidades_ibfk_1` FOREIGN KEY (`regioes_id`) REFERENCES `regioes` (`id`))
#0 C:\xampp\htdocs\plantonistas2.0\system\Database\MySQLi\Connection.php(292): mysqli->query('DELETE FROM `re...', 0)
#1 C:\xampp\htdocs\plantonistas2.0\system\Database\BaseConnection.php(670): CodeIgniter\Database\MySQLi\Connection->execute('DELETE FROM `re...')
#2 C:\xampp\htdocs\plantonistas2.0\system\Database\BaseConnection.php(598): CodeIgniter\Database\BaseConnection->simpleQuery('DELETE FROM `re...')
#3 C:\xampp\htdocs\plantonistas2.0\system\Database\BaseBuilder.php(2225): CodeIgniter\Database\BaseConnection->query('DELETE FROM `re...', Array, false)
#4 C:\xampp\htdocs\plantonistas2.0\system\Model.php(359): CodeIgniter\Database\BaseBuilder->delete()
#5 C:\xampp\htdocs\plantonistas2.0\system\BaseModel.php(963): CodeIgniter\Model->doDelete(Array, false)
#6 C:\xampp\htdocs\plantonistas2.0\app\Controllers\Regioes.php(71): CodeIgniter\BaseModel->delete(Array)
#7 C:\xampp\htdocs\plantonistas2.0\system\CodeIgniter.php(825): App\Controllers\Regioes->excluir('21')
#8 C:\xampp\htdocs\plantonistas2.0\system\CodeIgniter.php(412): CodeIgniter\CodeIgniter->runController(Object(App\Controllers\Regioes))
#9 C:\xampp\htdocs\plantonistas2.0\system\CodeIgniter.php(320): CodeIgniter\CodeIgniter->handleRequest(NULL, Object(Config\Cache), false)
#10 C:\xampp\htdocs\plantonistas2.0\index.php(37): CodeIgniter\CodeIgniter->run()
#11 {main}
ERROR - 2022-02-04 09:09:40 --> Cannot delete or update a parent row: a foreign key constraint fails (`plantao`.`plantoes`, CONSTRAINT `plantoes_ibfk_2` FOREIGN KEY (`plantonistas_id`) REFERENCES `plantonistas` (`id`))
CRITICAL - 2022-02-04 09:09:40 --> Cannot delete or update a parent row: a foreign key constraint fails (`plantao`.`plantoes`, CONSTRAINT `plantoes_ibfk_2` FOREIGN KEY (`plantonistas_id`) REFERENCES `plantonistas` (`id`))
#0 C:\xampp\htdocs\plantonistas2.0\system\Database\MySQLi\Connection.php(292): mysqli->query('DELETE FROM `pl...', 0)
#1 C:\xampp\htdocs\plantonistas2.0\system\Database\BaseConnection.php(670): CodeIgniter\Database\MySQLi\Connection->execute('DELETE FROM `pl...')
#2 C:\xampp\htdocs\plantonistas2.0\system\Database\BaseConnection.php(598): CodeIgniter\Database\BaseConnection->simpleQuery('DELETE FROM `pl...')
#3 C:\xampp\htdocs\plantonistas2.0\system\Database\BaseBuilder.php(2225): CodeIgniter\Database\BaseConnection->query('DELETE FROM `pl...', Array, false)
#4 C:\xampp\htdocs\plantonistas2.0\system\Model.php(359): CodeIgniter\Database\BaseBuilder->delete()
#5 C:\xampp\htdocs\plantonistas2.0\system\BaseModel.php(963): CodeIgniter\Model->doDelete(Array, false)
#6 C:\xampp\htdocs\plantonistas2.0\app\Controllers\Plantonistas.php(87): CodeIgniter\BaseModel->delete(Array)
#7 C:\xampp\htdocs\plantonistas2.0\system\CodeIgniter.php(825): App\Controllers\Plantonistas->excluir('20')
#8 C:\xampp\htdocs\plantonistas2.0\system\CodeIgniter.php(412): CodeIgniter\CodeIgniter->runController(Object(App\Controllers\Plantonistas))
#9 C:\xampp\htdocs\plantonistas2.0\system\CodeIgniter.php(320): CodeIgniter\CodeIgniter->handleRequest(NULL, Object(Config\Cache), false)
#10 C:\xampp\htdocs\plantonistas2.0\index.php(37): CodeIgniter\CodeIgniter->run()
#11 {main}
CRITICAL - 2022-02-04 10:00:18 --> Undefined variable $regiao
#0 C:\xampp\htdocs\plantonistas2.0\app\Views\plantonistas.php(28): CodeIgniter\Debug\Exceptions->errorHandler(2, 'Undefined varia...', 'C:\\xampp\\htdocs...', 28)
#1 C:\xampp\htdocs\plantonistas2.0\system\View\View.php(210): include('C:\\xampp\\htdocs...')
#2 C:\xampp\htdocs\plantonistas2.0\system\View\View.php(213): CodeIgniter\View\View->CodeIgniter\View\{closure}()
#3 C:\xampp\htdocs\plantonistas2.0\system\Common.php(1089): CodeIgniter\View\View->render('plantonistas', Array, true)
#4 C:\xampp\htdocs\plantonistas2.0\app\Controllers\Plantonistas.php(22): view('plantonistas', Array)
#5 C:\xampp\htdocs\plantonistas2.0\system\CodeIgniter.php(825): App\Controllers\Plantonistas->index()
#6 C:\xampp\htdocs\plantonistas2.0\system\CodeIgniter.php(412): CodeIgniter\CodeIgniter->runController(Object(App\Controllers\Plantonistas))
#7 C:\xampp\htdocs\plantonistas2.0\system\CodeIgniter.php(320): CodeIgniter\CodeIgniter->handleRequest(NULL, Object(Config\Cache), false)
#8 C:\xampp\htdocs\plantonistas2.0\index.php(37): CodeIgniter\CodeIgniter->run()
#9 {main}
CRITICAL - 2022-02-04 10:00:24 --> Undefined variable $regiao
#0 C:\xampp\htdocs\plantonistas2.0\app\Views\plantonistas.php(44): CodeIgniter\Debug\Exceptions->errorHandler(2, 'Undefined varia...', 'C:\\xampp\\htdocs...', 44)
#1 C:\xampp\htdocs\plantonistas2.0\system\View\View.php(210): include('C:\\xampp\\htdocs...')
#2 C:\xampp\htdocs\plantonistas2.0\system\View\View.php(213): CodeIgniter\View\View->CodeIgniter\View\{closure}()
#3 C:\xampp\htdocs\plantonistas2.0\system\Common.php(1089): CodeIgniter\View\View->render('plantonistas', Array, true)
#4 C:\xampp\htdocs\plantonistas2.0\app\Controllers\Plantonistas.php(22): view('plantonistas', Array)
#5 C:\xampp\htdocs\plantonistas2.0\system\CodeIgniter.php(825): App\Controllers\Plantonistas->index()
#6 C:\xampp\htdocs\plantonistas2.0\system\CodeIgniter.php(412): CodeIgniter\CodeIgniter->runController(Object(App\Controllers\Plantonistas))
#7 C:\xampp\htdocs\plantonistas2.0\system\CodeIgniter.php(320): CodeIgniter\CodeIgniter->handleRequest(NULL, Object(Config\Cache), false)
#8 C:\xampp\htdocs\plantonistas2.0\index.php(37): CodeIgniter\CodeIgniter->run()
#9 {main}
CRITICAL - 2022-02-04 10:11:33 --> print_r(): Argument #2 ($return) must be of type bool, array given
#0 C:\xampp\htdocs\plantonistas2.0\app\Views\plantoes.php(20): print_r('sddd', Array)
#1 C:\xampp\htdocs\plantonistas2.0\system\View\View.php(210): include('C:\\xampp\\htdocs...')
#2 C:\xampp\htdocs\plantonistas2.0\system\View\View.php(213): CodeIgniter\View\View->CodeIgniter\View\{closure}()
#3 C:\xampp\htdocs\plantonistas2.0\system\Common.php(1089): CodeIgniter\View\View->render('plantoes', Array, true)
#4 C:\xampp\htdocs\plantonistas2.0\app\Controllers\Plantoes.php(37): view('plantoes', Array)
#5 C:\xampp\htdocs\plantonistas2.0\system\CodeIgniter.php(825): App\Controllers\Plantoes->index()
#6 C:\xampp\htdocs\plantonistas2.0\system\CodeIgniter.php(412): CodeIgniter\CodeIgniter->runController(Object(App\Controllers\Plantoes))
#7 C:\xampp\htdocs\plantonistas2.0\system\CodeIgniter.php(320): CodeIgniter\CodeIgniter->handleRequest(NULL, Object(Config\Cache), false)
#8 C:\xampp\htdocs\plantonistas2.0\index.php(37): CodeIgniter\CodeIgniter->run()
#9 {main}
CRITICAL - 2022-02-04 10:11:39 --> print_r(): Argument #2 ($return) must be of type bool, array given
#0 C:\xampp\htdocs\plantonistas2.0\app\Views\plantoes.php(20): print_r('sddd', Array)
#1 C:\xampp\htdocs\plantonistas2.0\system\View\View.php(210): include('C:\\xampp\\htdocs...')
#2 C:\xampp\htdocs\plantonistas2.0\system\View\View.php(213): CodeIgniter\View\View->CodeIgniter\View\{closure}()
#3 C:\xampp\htdocs\plantonistas2.0\system\Common.php(1089): CodeIgniter\View\View->render('plantoes', Array, true)
#4 C:\xampp\htdocs\plantonistas2.0\app\Controllers\Plantoes.php(37): view('plantoes', Array)
#5 C:\xampp\htdocs\plantonistas2.0\system\CodeIgniter.php(825): App\Controllers\Plantoes->index()
#6 C:\xampp\htdocs\plantonistas2.0\system\CodeIgniter.php(412): CodeIgniter\CodeIgniter->runController(Object(App\Controllers\Plantoes))
#7 C:\xampp\htdocs\plantonistas2.0\system\CodeIgniter.php(320): CodeIgniter\CodeIgniter->handleRequest(NULL, Object(Config\Cache), false)
#8 C:\xampp\htdocs\plantonistas2.0\index.php(37): CodeIgniter\CodeIgniter->run()
#9 {main}
CRITICAL - 2022-02-04 10:13:10 --> Undefined variable $plantao
#0 C:\xampp\htdocs\plantonistas2.0\app\Views\plantoes.php(20): CodeIgniter\Debug\Exceptions->errorHandler(2, 'Undefined varia...', 'C:\\xampp\\htdocs...', 20)
#1 C:\xampp\htdocs\plantonistas2.0\system\View\View.php(210): include('C:\\xampp\\htdocs...')
#2 C:\xampp\htdocs\plantonistas2.0\system\View\View.php(213): CodeIgniter\View\View->CodeIgniter\View\{closure}()
#3 C:\xampp\htdocs\plantonistas2.0\system\Common.php(1089): CodeIgniter\View\View->render('plantoes', Array, true)
#4 C:\xampp\htdocs\plantonistas2.0\app\Controllers\Plantoes.php(37): view('plantoes', Array)
#5 C:\xampp\htdocs\plantonistas2.0\system\CodeIgniter.php(825): App\Controllers\Plantoes->index()
#6 C:\xampp\htdocs\plantonistas2.0\system\CodeIgniter.php(412): CodeIgniter\CodeIgniter->runController(Object(App\Controllers\Plantoes))
#7 C:\xampp\htdocs\plantonistas2.0\system\CodeIgniter.php(320): CodeIgniter\CodeIgniter->handleRequest(NULL, Object(Config\Cache), false)
#8 C:\xampp\htdocs\plantonistas2.0\index.php(37): CodeIgniter\CodeIgniter->run()
#9 {main}
CRITICAL - 2022-02-04 12:29:35 --> Undefined variable $plantonistas
#0 C:\xampp\htdocs\plantonistas2.0\app\Views\regioes.php(18): CodeIgniter\Debug\Exceptions->errorHandler(2, 'Undefined varia...', 'C:\\xampp\\htdocs...', 18)
#1 C:\xampp\htdocs\plantonistas2.0\system\View\View.php(210): include('C:\\xampp\\htdocs...')
#2 C:\xampp\htdocs\plantonistas2.0\system\View\View.php(213): CodeIgniter\View\View->CodeIgniter\View\{closure}()
#3 C:\xampp\htdocs\plantonistas2.0\system\Common.php(1089): CodeIgniter\View\View->render('regioes', Array, true)
#4 C:\xampp\htdocs\plantonistas2.0\app\Controllers\Regioes.php(21): view('regioes', Array)
#5 C:\xampp\htdocs\plantonistas2.0\system\CodeIgniter.php(825): App\Controllers\Regioes->index()
#6 C:\xampp\htdocs\plantonistas2.0\system\CodeIgniter.php(412): CodeIgniter\CodeIgniter->runController(Object(App\Controllers\Regioes))
#7 C:\xampp\htdocs\plantonistas2.0\system\CodeIgniter.php(320): CodeIgniter\CodeIgniter->handleRequest(NULL, Object(Config\Cache), false)
#8 C:\xampp\htdocs\plantonistas2.0\index.php(37): CodeIgniter\CodeIgniter->run()
#9 {main}
ERROR - 2022-02-04 12:29:43 --> Cannot delete or update a parent row: a foreign key constraint fails (`plantao`.`cidades`, CONSTRAINT `cidades_ibfk_1` FOREIGN KEY (`regioes_id`) REFERENCES `regioes` (`id`))
CRITICAL - 2022-02-04 12:29:43 --> Cannot delete or update a parent row: a foreign key constraint fails (`plantao`.`cidades`, CONSTRAINT `cidades_ibfk_1` FOREIGN KEY (`regioes_id`) REFERENCES `regioes` (`id`))
#0 C:\xampp\htdocs\plantonistas2.0\system\Database\MySQLi\Connection.php(292): mysqli->query('DELETE FROM `re...', 0)
#1 C:\xampp\htdocs\plantonistas2.0\system\Database\BaseConnection.php(670): CodeIgniter\Database\MySQLi\Connection->execute('DELETE FROM `re...')
#2 C:\xampp\htdocs\plantonistas2.0\system\Database\BaseConnection.php(598): CodeIgniter\Database\BaseConnection->simpleQuery('DELETE FROM `re...')
#3 C:\xampp\htdocs\plantonistas2.0\system\Database\BaseBuilder.php(2225): CodeIgniter\Database\BaseConnection->query('DELETE FROM `re...', Array, false)
#4 C:\xampp\htdocs\plantonistas2.0\system\Model.php(359): CodeIgniter\Database\BaseBuilder->delete()
#5 C:\xampp\htdocs\plantonistas2.0\system\BaseModel.php(963): CodeIgniter\Model->doDelete(Array, false)
#6 C:\xampp\htdocs\plantonistas2.0\app\Controllers\Regioes.php(71): CodeIgniter\BaseModel->delete(Array)
#7 C:\xampp\htdocs\plantonistas2.0\system\CodeIgniter.php(825): App\Controllers\Regioes->excluir('21')
#8 C:\xampp\htdocs\plantonistas2.0\system\CodeIgniter.php(412): CodeIgniter\CodeIgniter->runController(Object(App\Controllers\Regioes))
#9 C:\xampp\htdocs\plantonistas2.0\system\CodeIgniter.php(320): CodeIgniter\CodeIgniter->handleRequest(NULL, Object(Config\Cache), false)
#10 C:\xampp\htdocs\plantonistas2.0\index.php(37): CodeIgniter\CodeIgniter->run()
#11 {main}
ERROR - 2022-02-04 12:29:49 --> Cannot delete or update a parent row: a foreign key constraint fails (`plantao`.`cidades`, CONSTRAINT `cidades_ibfk_1` FOREIGN KEY (`regioes_id`) REFERENCES `regioes` (`id`))
CRITICAL - 2022-02-04 12:29:49 --> Cannot delete or update a parent row: a foreign key constraint fails (`plantao`.`cidades`, CONSTRAINT `cidades_ibfk_1` FOREIGN KEY (`regioes_id`) REFERENCES `regioes` (`id`))
#0 C:\xampp\htdocs\plantonistas2.0\system\Database\MySQLi\Connection.php(292): mysqli->query('DELETE FROM `re...', 0)
#1 C:\xampp\htdocs\plantonistas2.0\system\Database\BaseConnection.php(670): CodeIgniter\Database\MySQLi\Connection->execute('DELETE FROM `re...')
#2 C:\xampp\htdocs\plantonistas2.0\system\Database\BaseConnection.php(598): CodeIgniter\Database\BaseConnection->simpleQuery('DELETE FROM `re...')
#3 C:\xampp\htdocs\plantonistas2.0\system\Database\BaseBuilder.php(2225): CodeIgniter\Database\BaseConnection->query('DELETE FROM `re...', Array, false)
#4 C:\xampp\htdocs\plantonistas2.0\system\Model.php(359): CodeIgniter\Database\BaseBuilder->delete()
#5 C:\xampp\htdocs\plantonistas2.0\system\BaseModel.php(963): CodeIgniter\Model->doDelete(Array, false)
#6 C:\xampp\htdocs\plantonistas2.0\app\Controllers\Regioes.php(71): CodeIgniter\BaseModel->delete(Array)
#7 C:\xampp\htdocs\plantonistas2.0\system\CodeIgniter.php(825): App\Controllers\Regioes->excluir('21')
#8 C:\xampp\htdocs\plantonistas2.0\system\CodeIgniter.php(412): CodeIgniter\CodeIgniter->runController(Object(App\Controllers\Regioes))
#9 C:\xampp\htdocs\plantonistas2.0\system\CodeIgniter.php(320): CodeIgniter\CodeIgniter->handleRequest(NULL, Object(Config\Cache), false)
#10 C:\xampp\htdocs\plantonistas2.0\index.php(37): CodeIgniter\CodeIgniter->run()
#11 {main}
CRITICAL - 2022-02-04 12:30:19 --> Undefined variable $regioes
#0 C:\xampp\htdocs\plantonistas2.0\app\Views\cidades.php(20): CodeIgniter\Debug\Exceptions->errorHandler(2, 'Undefined varia...', 'C:\\xampp\\htdocs...', 20)
#1 C:\xampp\htdocs\plantonistas2.0\system\View\View.php(210): include('C:\\xampp\\htdocs...')
#2 C:\xampp\htdocs\plantonistas2.0\system\View\View.php(213): CodeIgniter\View\View->CodeIgniter\View\{closure}()
#3 C:\xampp\htdocs\plantonistas2.0\system\Common.php(1089): CodeIgniter\View\View->render('cidades', Array, true)
#4 C:\xampp\htdocs\plantonistas2.0\app\Controllers\Cidades.php(24): view('cidades', Array)
#5 C:\xampp\htdocs\plantonistas2.0\system\CodeIgniter.php(825): App\Controllers\Cidades->index()
#6 C:\xampp\htdocs\plantonistas2.0\system\CodeIgniter.php(412): CodeIgniter\CodeIgniter->runController(Object(App\Controllers\Cidades))
#7 C:\xampp\htdocs\plantonistas2.0\system\CodeIgniter.php(320): CodeIgniter\CodeIgniter->handleRequest(NULL, Object(Config\Cache), false)
#8 C:\xampp\htdocs\plantonistas2.0\index.php(37): CodeIgniter\CodeIgniter->run()
#9 {main}
CRITICAL - 2022-02-04 12:47:25 --> Undefined variable $msgLogin
#0 C:\xampp\htdocs\plantonistas2.0\app\Views\listagem.php(72): CodeIgniter\Debug\Exceptions->errorHandler(2, 'Undefined varia...', 'C:\\xampp\\htdocs...', 72)
#1 C:\xampp\htdocs\plantonistas2.0\system\View\View.php(210): include('C:\\xampp\\htdocs...')
#2 C:\xampp\htdocs\plantonistas2.0\system\View\View.php(213): CodeIgniter\View\View->CodeIgniter\View\{closure}()
#3 C:\xampp\htdocs\plantonistas2.0\system\Common.php(1089): CodeIgniter\View\View->render('listagem', Array, true)
#4 C:\xampp\htdocs\plantonistas2.0\app\Controllers\Listagem.php(27): view('listagem', Array)
#5 C:\xampp\htdocs\plantonistas2.0\system\CodeIgniter.php(825): App\Controllers\Listagem->index()
#6 C:\xampp\htdocs\plantonistas2.0\system\CodeIgniter.php(412): CodeIgniter\CodeIgniter->runController(Object(App\Controllers\Listagem))
#7 C:\xampp\htdocs\plantonistas2.0\system\CodeIgniter.php(320): CodeIgniter\CodeIgniter->handleRequest(NULL, Object(Config\Cache), false)
#8 C:\xampp\htdocs\plantonistas2.0\index.php(37): CodeIgniter\CodeIgniter->run()
#9 {main}
CRITICAL - 2022-02-04 12:47:26 --> Undefined variable $msgLogin
#0 C:\xampp\htdocs\plantonistas2.0\app\Views\listagem.php(72): CodeIgniter\Debug\Exceptions->errorHandler(2, 'Undefined varia...', 'C:\\xampp\\htdocs...', 72)
#1 C:\xampp\htdocs\plantonistas2.0\system\View\View.php(210): include('C:\\xampp\\htdocs...')
#2 C:\xampp\htdocs\plantonistas2.0\system\View\View.php(213): CodeIgniter\View\View->CodeIgniter\View\{closure}()
#3 C:\xampp\htdocs\plantonistas2.0\system\Common.php(1089): CodeIgniter\View\View->render('listagem', Array, true)
#4 C:\xampp\htdocs\plantonistas2.0\app\Controllers\Listagem.php(27): view('listagem', Array)
#5 C:\xampp\htdocs\plantonistas2.0\system\CodeIgniter.php(825): App\Controllers\Listagem->index()
#6 C:\xampp\htdocs\plantonistas2.0\system\CodeIgniter.php(412): CodeIgniter\CodeIgniter->runController(Object(App\Controllers\Listagem))
#7 C:\xampp\htdocs\plantonistas2.0\system\CodeIgniter.php(320): CodeIgniter\CodeIgniter->handleRequest(NULL, Object(Config\Cache), false)
#8 C:\xampp\htdocs\plantonistas2.0\index.php(37): CodeIgniter\CodeIgniter->run()
#9 {main}
CRITICAL - 2022-02-04 12:47:26 --> Undefined variable $msgLogin
#0 C:\xampp\htdocs\plantonistas2.0\app\Views\listagem.php(72): CodeIgniter\Debug\Exceptions->errorHandler(2, 'Undefined varia...', 'C:\\xampp\\htdocs...', 72)
#1 C:\xampp\htdocs\plantonistas2.0\system\View\View.php(210): include('C:\\xampp\\htdocs...')
#2 C:\xampp\htdocs\plantonistas2.0\system\View\View.php(213): CodeIgniter\View\View->CodeIgniter\View\{closure}()
#3 C:\xampp\htdocs\plantonistas2.0\system\Common.php(1089): CodeIgniter\View\View->render('listagem', Array, true)
#4 C:\xampp\htdocs\plantonistas2.0\app\Controllers\Listagem.php(27): view('listagem', Array)
#5 C:\xampp\htdocs\plantonistas2.0\system\CodeIgniter.php(825): App\Controllers\Listagem->index()
#6 C:\xampp\htdocs\plantonistas2.0\system\CodeIgniter.php(412): CodeIgniter\CodeIgniter->runController(Object(App\Controllers\Listagem))
#7 C:\xampp\htdocs\plantonistas2.0\system\CodeIgniter.php(320): CodeIgniter\CodeIgniter->handleRequest(NULL, Object(Config\Cache), false)
#8 C:\xampp\htdocs\plantonistas2.0\index.php(37): CodeIgniter\CodeIgniter->run()
#9 {main}
CRITICAL - 2022-02-04 12:47:26 --> Undefined variable $msgLogin
#0 C:\xampp\htdocs\plantonistas2.0\app\Views\listagem.php(72): CodeIgniter\Debug\Exceptions->errorHandler(2, 'Undefined varia...', 'C:\\xampp\\htdocs...', 72)
#1 C:\xampp\htdocs\plantonistas2.0\system\View\View.php(210): include('C:\\xampp\\htdocs...')
#2 C:\xampp\htdocs\plantonistas2.0\system\View\View.php(213): CodeIgniter\View\View->CodeIgniter\View\{closure}()
#3 C:\xampp\htdocs\plantonistas2.0\system\Common.php(1089): CodeIgniter\View\View->render('listagem', Array, true)
#4 C:\xampp\htdocs\plantonistas2.0\app\Controllers\Listagem.php(27): view('listagem', Array)
#5 C:\xampp\htdocs\plantonistas2.0\system\CodeIgniter.php(825): App\Controllers\Listagem->index()
#6 C:\xampp\htdocs\plantonistas2.0\system\CodeIgniter.php(412): CodeIgniter\CodeIgniter->runController(Object(App\Controllers\Listagem))
#7 C:\xampp\htdocs\plantonistas2.0\system\CodeIgniter.php(320): CodeIgniter\CodeIgniter->handleRequest(NULL, Object(Config\Cache), false)
#8 C:\xampp\htdocs\plantonistas2.0\index.php(37): CodeIgniter\CodeIgniter->run()
#9 {main}
CRITICAL - 2022-02-04 12:47:26 --> Undefined variable $msgLogin
#0 C:\xampp\htdocs\plantonistas2.0\app\Views\listagem.php(72): CodeIgniter\Debug\Exceptions->errorHandler(2, 'Undefined varia...', 'C:\\xampp\\htdocs...', 72)
#1 C:\xampp\htdocs\plantonistas2.0\system\View\View.php(210): include('C:\\xampp\\htdocs...')
#2 C:\xampp\htdocs\plantonistas2.0\system\View\View.php(213): CodeIgniter\View\View->CodeIgniter\View\{closure}()
#3 C:\xampp\htdocs\plantonistas2.0\system\Common.php(1089): CodeIgniter\View\View->render('listagem', Array, true)
#4 C:\xampp\htdocs\plantonistas2.0\app\Controllers\Listagem.php(27): view('listagem', Array)
#5 C:\xampp\htdocs\plantonistas2.0\system\CodeIgniter.php(825): App\Controllers\Listagem->index()
#6 C:\xampp\htdocs\plantonistas2.0\system\CodeIgniter.php(412): CodeIgniter\CodeIgniter->runController(Object(App\Controllers\Listagem))
#7 C:\xampp\htdocs\plantonistas2.0\system\CodeIgniter.php(320): CodeIgniter\CodeIgniter->handleRequest(NULL, Object(Config\Cache), false)
#8 C:\xampp\htdocs\plantonistas2.0\index.php(37): CodeIgniter\CodeIgniter->run()
#9 {main}
CRITICAL - 2022-02-04 12:47:27 --> Undefined variable $msgLogin
#0 C:\xampp\htdocs\plantonistas2.0\app\Views\listagem.php(72): CodeIgniter\Debug\Exceptions->errorHandler(2, 'Undefined varia...', 'C:\\xampp\\htdocs...', 72)
#1 C:\xampp\htdocs\plantonistas2.0\system\View\View.php(210): include('C:\\xampp\\htdocs...')
#2 C:\xampp\htdocs\plantonistas2.0\system\View\View.php(213): CodeIgniter\View\View->CodeIgniter\View\{closure}()
#3 C:\xampp\htdocs\plantonistas2.0\system\Common.php(1089): CodeIgniter\View\View->render('listagem', Array, true)
#4 C:\xampp\htdocs\plantonistas2.0\app\Controllers\Listagem.php(27): view('listagem', Array)
#5 C:\xampp\htdocs\plantonistas2.0\system\CodeIgniter.php(825): App\Controllers\Listagem->index()
#6 C:\xampp\htdocs\plantonistas2.0\system\CodeIgniter.php(412): CodeIgniter\CodeIgniter->runController(Object(App\Controllers\Listagem))
#7 C:\xampp\htdocs\plantonistas2.0\system\CodeIgniter.php(320): CodeIgniter\CodeIgniter->handleRequest(NULL, Object(Config\Cache), false)
#8 C:\xampp\htdocs\plantonistas2.0\index.php(37): CodeIgniter\CodeIgniter->run()
#9 {main}
CRITICAL - 2022-02-04 12:47:37 --> Undefined variable $msgLogin
#0 C:\xampp\htdocs\plantonistas2.0\app\Views\listagem.php(72): CodeIgniter\Debug\Exceptions->errorHandler(2, 'Undefined varia...', 'C:\\xampp\\htdocs...', 72)
#1 C:\xampp\htdocs\plantonistas2.0\system\View\View.php(210): include('C:\\xampp\\htdocs...')
#2 C:\xampp\htdocs\plantonistas2.0\system\View\View.php(213): CodeIgniter\View\View->CodeIgniter\View\{closure}()
#3 C:\xampp\htdocs\plantonistas2.0\system\Common.php(1089): CodeIgniter\View\View->render('listagem', Array, true)
#4 C:\xampp\htdocs\plantonistas2.0\app\Controllers\Listagem.php(27): view('listagem', Array)
#5 C:\xampp\htdocs\plantonistas2.0\system\CodeIgniter.php(825): App\Controllers\Listagem->index()
#6 C:\xampp\htdocs\plantonistas2.0\system\CodeIgniter.php(412): CodeIgniter\CodeIgniter->runController(Object(App\Controllers\Listagem))
#7 C:\xampp\htdocs\plantonistas2.0\system\CodeIgniter.php(320): CodeIgniter\CodeIgniter->handleRequest(NULL, Object(Config\Cache), false)
#8 C:\xampp\htdocs\plantonistas2.0\index.php(37): CodeIgniter\CodeIgniter->run()
#9 {main}
CRITICAL - 2022-02-04 12:47:38 --> Undefined variable $msgLogin
#0 C:\xampp\htdocs\plantonistas2.0\app\Views\listagem.php(72): CodeIgniter\Debug\Exceptions->errorHandler(2, 'Undefined varia...', 'C:\\xampp\\htdocs...', 72)
#1 C:\xampp\htdocs\plantonistas2.0\system\View\View.php(210): include('C:\\xampp\\htdocs...')
#2 C:\xampp\htdocs\plantonistas2.0\system\View\View.php(213): CodeIgniter\View\View->CodeIgniter\View\{closure}()
#3 C:\xampp\htdocs\plantonistas2.0\system\Common.php(1089): CodeIgniter\View\View->render('listagem', Array, true)
#4 C:\xampp\htdocs\plantonistas2.0\app\Controllers\Listagem.php(27): view('listagem', Array)
#5 C:\xampp\htdocs\plantonistas2.0\system\CodeIgniter.php(825): App\Controllers\Listagem->index()
#6 C:\xampp\htdocs\plantonistas2.0\system\CodeIgniter.php(412): CodeIgniter\CodeIgniter->runController(Object(App\Controllers\Listagem))
#7 C:\xampp\htdocs\plantonistas2.0\system\CodeIgniter.php(320): CodeIgniter\CodeIgniter->handleRequest(NULL, Object(Config\Cache), false)
#8 C:\xampp\htdocs\plantonistas2.0\index.php(37): CodeIgniter\CodeIgniter->run()
#9 {main}
CRITICAL - 2022-02-04 12:47:39 --> Undefined variable $msgLogin
#0 C:\xampp\htdocs\plantonistas2.0\app\Views\listagem.php(72): CodeIgniter\Debug\Exceptions->errorHandler(2, 'Undefined varia...', 'C:\\xampp\\htdocs...', 72)
#1 C:\xampp\htdocs\plantonistas2.0\system\View\View.php(210): include('C:\\xampp\\htdocs...')
#2 C:\xampp\htdocs\plantonistas2.0\system\View\View.php(213): CodeIgniter\View\View->CodeIgniter\View\{closure}()
#3 C:\xampp\htdocs\plantonistas2.0\system\Common.php(1089): CodeIgniter\View\View->render('listagem', Array, true)
#4 C:\xampp\htdocs\plantonistas2.0\app\Controllers\Listagem.php(27): view('listagem', Array)
#5 C:\xampp\htdocs\plantonistas2.0\system\CodeIgniter.php(825): App\Controllers\Listagem->index()
#6 C:\xampp\htdocs\plantonistas2.0\system\CodeIgniter.php(412): CodeIgniter\CodeIgniter->runController(Object(App\Controllers\Listagem))
#7 C:\xampp\htdocs\plantonistas2.0\system\CodeIgniter.php(320): CodeIgniter\CodeIgniter->handleRequest(NULL, Object(Config\Cache), false)
#8 C:\xampp\htdocs\plantonistas2.0\index.php(37): CodeIgniter\CodeIgniter->run()
#9 {main}
CRITICAL - 2022-02-04 12:47:40 --> Undefined variable $msgLogin
#0 C:\xampp\htdocs\plantonistas2.0\app\Views\listagem.php(72): CodeIgniter\Debug\Exceptions->errorHandler(2, 'Undefined varia...', 'C:\\xampp\\htdocs...', 72)
#1 C:\xampp\htdocs\plantonistas2.0\system\View\View.php(210): include('C:\\xampp\\htdocs...')
#2 C:\xampp\htdocs\plantonistas2.0\system\View\View.php(213): CodeIgniter\View\View->CodeIgniter\View\{closure}()
#3 C:\xampp\htdocs\plantonistas2.0\system\Common.php(1089): CodeIgniter\View\View->render('listagem', Array, true)
#4 C:\xampp\htdocs\plantonistas2.0\app\Controllers\Listagem.php(27): view('listagem', Array)
#5 C:\xampp\htdocs\plantonistas2.0\system\CodeIgniter.php(825): App\Controllers\Listagem->index()
#6 C:\xampp\htdocs\plantonistas2.0\system\CodeIgniter.php(412): CodeIgniter\CodeIgniter->runController(Object(App\Controllers\Listagem))
#7 C:\xampp\htdocs\plantonistas2.0\system\CodeIgniter.php(320): CodeIgniter\CodeIgniter->handleRequest(NULL, Object(Config\Cache), false)
#8 C:\xampp\htdocs\plantonistas2.0\index.php(37): CodeIgniter\CodeIgniter->run()
#9 {main}
CRITICAL - 2022-02-04 12:47:40 --> Undefined variable $msgLogin
#0 C:\xampp\htdocs\plantonistas2.0\app\Views\listagem.php(72): CodeIgniter\Debug\Exceptions->errorHandler(2, 'Undefined varia...', 'C:\\xampp\\htdocs...', 72)
#1 C:\xampp\htdocs\plantonistas2.0\system\View\View.php(210): include('C:\\xampp\\htdocs...')
#2 C:\xampp\htdocs\plantonistas2.0\system\View\View.php(213): CodeIgniter\View\View->CodeIgniter\View\{closure}()
#3 C:\xampp\htdocs\plantonistas2.0\system\Common.php(1089): CodeIgniter\View\View->render('listagem', Array, true)
#4 C:\xampp\htdocs\plantonistas2.0\app\Controllers\Listagem.php(27): view('listagem', Array)
#5 C:\xampp\htdocs\plantonistas2.0\system\CodeIgniter.php(825): App\Controllers\Listagem->index()
#6 C:\xampp\htdocs\plantonistas2.0\system\CodeIgniter.php(412): CodeIgniter\CodeIgniter->runController(Object(App\Controllers\Listagem))
#7 C:\xampp\htdocs\plantonistas2.0\system\CodeIgniter.php(320): CodeIgniter\CodeIgniter->handleRequest(NULL, Object(Config\Cache), false)
#8 C:\xampp\htdocs\plantonistas2.0\index.php(37): CodeIgniter\CodeIgniter->run()
#9 {main}
CRITICAL - 2022-02-04 12:47:40 --> Undefined variable $msgLogin
#0 C:\xampp\htdocs\plantonistas2.0\app\Views\listagem.php(72): CodeIgniter\Debug\Exceptions->errorHandler(2, 'Undefined varia...', 'C:\\xampp\\htdocs...', 72)
#1 C:\xampp\htdocs\plantonistas2.0\system\View\View.php(210): include('C:\\xampp\\htdocs...')
#2 C:\xampp\htdocs\plantonistas2.0\system\View\View.php(213): CodeIgniter\View\View->CodeIgniter\View\{closure}()
#3 C:\xampp\htdocs\plantonistas2.0\system\Common.php(1089): CodeIgniter\View\View->render('listagem', Array, true)
#4 C:\xampp\htdocs\plantonistas2.0\app\Controllers\Listagem.php(27): view('listagem', Array)
#5 C:\xampp\htdocs\plantonistas2.0\system\CodeIgniter.php(825): App\Controllers\Listagem->index()
#6 C:\xampp\htdocs\plantonistas2.0\system\CodeIgniter.php(412): CodeIgniter\CodeIgniter->runController(Object(App\Controllers\Listagem))
#7 C:\xampp\htdocs\plantonistas2.0\system\CodeIgniter.php(320): CodeIgniter\CodeIgniter->handleRequest(NULL, Object(Config\Cache), false)
#8 C:\xampp\htdocs\plantonistas2.0\index.php(37): CodeIgniter\CodeIgniter->run()
#9 {main}
CRITICAL - 2022-02-04 12:47:59 --> Undefined variable $msgLogin
#0 C:\xampp\htdocs\plantonistas2.0\app\Views\listagem.php(72): CodeIgniter\Debug\Exceptions->errorHandler(2, 'Undefined varia...', 'C:\\xampp\\htdocs...', 72)
#1 C:\xampp\htdocs\plantonistas2.0\system\View\View.php(210): include('C:\\xampp\\htdocs...')
#2 C:\xampp\htdocs\plantonistas2.0\system\View\View.php(213): CodeIgniter\View\View->CodeIgniter\View\{closure}()
#3 C:\xampp\htdocs\plantonistas2.0\system\Common.php(1089): CodeIgniter\View\View->render('listagem', Array, true)
#4 C:\xampp\htdocs\plantonistas2.0\app\Controllers\Listagem.php(27): view('listagem', Array)
#5 C:\xampp\htdocs\plantonistas2.0\system\CodeIgniter.php(825): App\Controllers\Listagem->index()
#6 C:\xampp\htdocs\plantonistas2.0\system\CodeIgniter.php(412): CodeIgniter\CodeIgniter->runController(Object(App\Controllers\Listagem))
#7 C:\xampp\htdocs\plantonistas2.0\system\CodeIgniter.php(320): CodeIgniter\CodeIgniter->handleRequest(NULL, Object(Config\Cache), false)
#8 C:\xampp\htdocs\plantonistas2.0\index.php(37): CodeIgniter\CodeIgniter->run()
#9 {main}
CRITICAL - 2022-02-04 12:48:00 --> Undefined variable $msgLogin
#0 C:\xampp\htdocs\plantonistas2.0\app\Views\listagem.php(72): CodeIgniter\Debug\Exceptions->errorHandler(2, 'Undefined varia...', 'C:\\xampp\\htdocs...', 72)
#1 C:\xampp\htdocs\plantonistas2.0\system\View\View.php(210): include('C:\\xampp\\htdocs...')
#2 C:\xampp\htdocs\plantonistas2.0\system\View\View.php(213): CodeIgniter\View\View->CodeIgniter\View\{closure}()
#3 C:\xampp\htdocs\plantonistas2.0\system\Common.php(1089): CodeIgniter\View\View->render('listagem', Array, true)
#4 C:\xampp\htdocs\plantonistas2.0\app\Controllers\Listagem.php(27): view('listagem', Array)
#5 C:\xampp\htdocs\plantonistas2.0\system\CodeIgniter.php(825): App\Controllers\Listagem->index()
#6 C:\xampp\htdocs\plantonistas2.0\system\CodeIgniter.php(412): CodeIgniter\CodeIgniter->runController(Object(App\Controllers\Listagem))
#7 C:\xampp\htdocs\plantonistas2.0\system\CodeIgniter.php(320): CodeIgniter\CodeIgniter->handleRequest(NULL, Object(Config\Cache), false)
#8 C:\xampp\htdocs\plantonistas2.0\index.php(37): CodeIgniter\CodeIgniter->run()
#9 {main}
CRITICAL - 2022-02-04 12:48:00 --> Undefined variable $msgLogin
#0 C:\xampp\htdocs\plantonistas2.0\app\Views\listagem.php(72): CodeIgniter\Debug\Exceptions->errorHandler(2, 'Undefined varia...', 'C:\\xampp\\htdocs...', 72)
#1 C:\xampp\htdocs\plantonistas2.0\system\View\View.php(210): include('C:\\xampp\\htdocs...')
#2 C:\xampp\htdocs\plantonistas2.0\system\View\View.php(213): CodeIgniter\View\View->CodeIgniter\View\{closure}()
#3 C:\xampp\htdocs\plantonistas2.0\system\Common.php(1089): CodeIgniter\View\View->render('listagem', Array, true)
#4 C:\xampp\htdocs\plantonistas2.0\app\Controllers\Listagem.php(27): view('listagem', Array)
#5 C:\xampp\htdocs\plantonistas2.0\system\CodeIgniter.php(825): App\Controllers\Listagem->index()
#6 C:\xampp\htdocs\plantonistas2.0\system\CodeIgniter.php(412): CodeIgniter\CodeIgniter->runController(Object(App\Controllers\Listagem))
#7 C:\xampp\htdocs\plantonistas2.0\system\CodeIgniter.php(320): CodeIgniter\CodeIgniter->handleRequest(NULL, Object(Config\Cache), false)
#8 C:\xampp\htdocs\plantonistas2.0\index.php(37): CodeIgniter\CodeIgniter->run()
#9 {main}
CRITICAL - 2022-02-04 12:48:01 --> Undefined variable $msgLogin
#0 C:\xampp\htdocs\plantonistas2.0\app\Views\listagem.php(72): CodeIgniter\Debug\Exceptions->errorHandler(2, 'Undefined varia...', 'C:\\xampp\\htdocs...', 72)
#1 C:\xampp\htdocs\plantonistas2.0\system\View\View.php(210): include('C:\\xampp\\htdocs...')
#2 C:\xampp\htdocs\plantonistas2.0\system\View\View.php(213): CodeIgniter\View\View->CodeIgniter\View\{closure}()
#3 C:\xampp\htdocs\plantonistas2.0\system\Common.php(1089): CodeIgniter\View\View->render('listagem', Array, true)
#4 C:\xampp\htdocs\plantonistas2.0\app\Controllers\Listagem.php(27): view('listagem', Array)
#5 C:\xampp\htdocs\plantonistas2.0\system\CodeIgniter.php(825): App\Controllers\Listagem->index()
#6 C:\xampp\htdocs\plantonistas2.0\system\CodeIgniter.php(412): CodeIgniter\CodeIgniter->runController(Object(App\Controllers\Listagem))
#7 C:\xampp\htdocs\plantonistas2.0\system\CodeIgniter.php(320): CodeIgniter\CodeIgniter->handleRequest(NULL, Object(Config\Cache), false)
#8 C:\xampp\htdocs\plantonistas2.0\index.php(37): CodeIgniter\CodeIgniter->run()
#9 {main}
CRITICAL - 2022-02-04 12:48:01 --> Undefined variable $msgLogin
#0 C:\xampp\htdocs\plantonistas2.0\app\Views\listagem.php(72): CodeIgniter\Debug\Exceptions->errorHandler(2, 'Undefined varia...', 'C:\\xampp\\htdocs...', 72)
#1 C:\xampp\htdocs\plantonistas2.0\system\View\View.php(210): include('C:\\xampp\\htdocs...')
#2 C:\xampp\htdocs\plantonistas2.0\system\View\View.php(213): CodeIgniter\View\View->CodeIgniter\View\{closure}()
#3 C:\xampp\htdocs\plantonistas2.0\system\Common.php(1089): CodeIgniter\View\View->render('listagem', Array, true)
#4 C:\xampp\htdocs\plantonistas2.0\app\Controllers\Listagem.php(27): view('listagem', Array)
#5 C:\xampp\htdocs\plantonistas2.0\system\CodeIgniter.php(825): App\Controllers\Listagem->index()
#6 C:\xampp\htdocs\plantonistas2.0\system\CodeIgniter.php(412): CodeIgniter\CodeIgniter->runController(Object(App\Controllers\Listagem))
#7 C:\xampp\htdocs\plantonistas2.0\system\CodeIgniter.php(320): CodeIgniter\CodeIgniter->handleRequest(NULL, Object(Config\Cache), false)
#8 C:\xampp\htdocs\plantonistas2.0\index.php(37): CodeIgniter\CodeIgniter->run()
#9 {main}
CRITICAL - 2022-02-04 12:48:02 --> Undefined variable $msgLogin
#0 C:\xampp\htdocs\plantonistas2.0\app\Views\listagem.php(72): CodeIgniter\Debug\Exceptions->errorHandler(2, 'Undefined varia...', 'C:\\xampp\\htdocs...', 72)
#1 C:\xampp\htdocs\plantonistas2.0\system\View\View.php(210): include('C:\\xampp\\htdocs...')
#2 C:\xampp\htdocs\plantonistas2.0\system\View\View.php(213): CodeIgniter\View\View->CodeIgniter\View\{closure}()
#3 C:\xampp\htdocs\plantonistas2.0\system\Common.php(1089): CodeIgniter\View\View->render('listagem', Array, true)
#4 C:\xampp\htdocs\plantonistas2.0\app\Controllers\Listagem.php(27): view('listagem', Array)
#5 C:\xampp\htdocs\plantonistas2.0\system\CodeIgniter.php(825): App\Controllers\Listagem->index()
#6 C:\xampp\htdocs\plantonistas2.0\system\CodeIgniter.php(412): CodeIgniter\CodeIgniter->runController(Object(App\Controllers\Listagem))
#7 C:\xampp\htdocs\plantonistas2.0\system\CodeIgniter.php(320): CodeIgniter\CodeIgniter->handleRequest(NULL, Object(Config\Cache), false)
#8 C:\xampp\htdocs\plantonistas2.0\index.php(37): CodeIgniter\CodeIgniter->run()
#9 {main}
CRITICAL - 2022-02-04 12:48:02 --> Undefined variable $msgLogin
#0 C:\xampp\htdocs\plantonistas2.0\app\Views\listagem.php(72): CodeIgniter\Debug\Exceptions->errorHandler(2, 'Undefined varia...', 'C:\\xampp\\htdocs...', 72)
#1 C:\xampp\htdocs\plantonistas2.0\system\View\View.php(210): include('C:\\xampp\\htdocs...')
#2 C:\xampp\htdocs\plantonistas2.0\system\View\View.php(213): CodeIgniter\View\View->CodeIgniter\View\{closure}()
#3 C:\xampp\htdocs\plantonistas2.0\system\Common.php(1089): CodeIgniter\View\View->render('listagem', Array, true)
#4 C:\xampp\htdocs\plantonistas2.0\app\Controllers\Listagem.php(27): view('listagem', Array)
#5 C:\xampp\htdocs\plantonistas2.0\system\CodeIgniter.php(825): App\Controllers\Listagem->index()
#6 C:\xampp\htdocs\plantonistas2.0\system\CodeIgniter.php(412): CodeIgniter\CodeIgniter->runController(Object(App\Controllers\Listagem))
#7 C:\xampp\htdocs\plantonistas2.0\system\CodeIgniter.php(320): CodeIgniter\CodeIgniter->handleRequest(NULL, Object(Config\Cache), false)
#8 C:\xampp\htdocs\plantonistas2.0\index.php(37): CodeIgniter\CodeIgniter->run()
#9 {main}
CRITICAL - 2022-02-04 12:48:02 --> Undefined property: App\Controllers\Usuarios::$session
#0 C:\xampp\htdocs\plantonistas2.0\app\Controllers\Usuarios.php(14): CodeIgniter\Debug\Exceptions->errorHandler(2, 'Undefined prope...', 'C:\\xampp\\htdocs...', 14)
#1 C:\xampp\htdocs\plantonistas2.0\system\CodeIgniter.php(825): App\Controllers\Usuarios->index()
#2 C:\xampp\htdocs\plantonistas2.0\system\CodeIgniter.php(412): CodeIgniter\CodeIgniter->runController(Object(App\Controllers\Usuarios))
#3 C:\xampp\htdocs\plantonistas2.0\system\CodeIgniter.php(320): CodeIgniter\CodeIgniter->handleRequest(NULL, Object(Config\Cache), false)
#4 C:\xampp\htdocs\plantonistas2.0\index.php(37): CodeIgniter\CodeIgniter->run()
#5 {main}
CRITICAL - 2022-02-04 12:48:02 --> Undefined variable $msgLogin
#0 C:\xampp\htdocs\plantonistas2.0\app\Views\listagem.php(72): CodeIgniter\Debug\Exceptions->errorHandler(2, 'Undefined varia...', 'C:\\xampp\\htdocs...', 72)
#1 C:\xampp\htdocs\plantonistas2.0\system\View\View.php(210): include('C:\\xampp\\htdocs...')
#2 C:\xampp\htdocs\plantonistas2.0\system\View\View.php(213): CodeIgniter\View\View->CodeIgniter\View\{closure}()
#3 C:\xampp\htdocs\plantonistas2.0\system\Common.php(1089): CodeIgniter\View\View->render('listagem', Array, true)
#4 C:\xampp\htdocs\plantonistas2.0\app\Controllers\Listagem.php(27): view('listagem', Array)
#5 C:\xampp\htdocs\plantonistas2.0\system\CodeIgniter.php(825): App\Controllers\Listagem->index()
#6 C:\xampp\htdocs\plantonistas2.0\system\CodeIgniter.php(412): CodeIgniter\CodeIgniter->runController(Object(App\Controllers\Listagem))
#7 C:\xampp\htdocs\plantonistas2.0\system\CodeIgniter.php(320): CodeIgniter\CodeIgniter->handleRequest(NULL, Object(Config\Cache), false)
#8 C:\xampp\htdocs\plantonistas2.0\index.php(37): CodeIgniter\CodeIgniter->run()
#9 {main}
CRITICAL - 2022-02-04 12:48:13 --> Undefined variable $msgLogin
#0 C:\xampp\htdocs\plantonistas2.0\app\Views\listagem.php(72): CodeIgniter\Debug\Exceptions->errorHandler(2, 'Undefined varia...', 'C:\\xampp\\htdocs...', 72)
#1 C:\xampp\htdocs\plantonistas2.0\system\View\View.php(210): include('C:\\xampp\\htdocs...')
#2 C:\xampp\htdocs\plantonistas2.0\system\View\View.php(213): CodeIgniter\View\View->CodeIgniter\View\{closure}()
#3 C:\xampp\htdocs\plantonistas2.0\system\Common.php(1089): CodeIgniter\View\View->render('listagem', Array, true)
#4 C:\xampp\htdocs\plantonistas2.0\app\Controllers\Listagem.php(27): view('listagem', Array)
#5 C:\xampp\htdocs\plantonistas2.0\system\CodeIgniter.php(825): App\Controllers\Listagem->index()
#6 C:\xampp\htdocs\plantonistas2.0\system\CodeIgniter.php(412): CodeIgniter\CodeIgniter->runController(Object(App\Controllers\Listagem))
#7 C:\xampp\htdocs\plantonistas2.0\system\CodeIgniter.php(320): CodeIgniter\CodeIgniter->handleRequest(NULL, Object(Config\Cache), false)
#8 C:\xampp\htdocs\plantonistas2.0\index.php(37): CodeIgniter\CodeIgniter->run()
#9 {main}
CRITICAL - 2022-02-04 12:48:43 --> Undefined variable $msgLogin
#0 C:\xampp\htdocs\plantonistas2.0\app\Views\listagem.php(72): CodeIgniter\Debug\Exceptions->errorHandler(2, 'Undefined varia...', 'C:\\xampp\\htdocs...', 72)
#1 C:\xampp\htdocs\plantonistas2.0\system\View\View.php(210): include('C:\\xampp\\htdocs...')
#2 C:\xampp\htdocs\plantonistas2.0\system\View\View.php(213): CodeIgniter\View\View->CodeIgniter\View\{closure}()
#3 C:\xampp\htdocs\plantonistas2.0\system\Common.php(1089): CodeIgniter\View\View->render('listagem', Array, true)
#4 C:\xampp\htdocs\plantonistas2.0\app\Controllers\Listagem.php(27): view('listagem', Array)
#5 C:\xampp\htdocs\plantonistas2.0\system\CodeIgniter.php(825): App\Controllers\Listagem->index()
#6 C:\xampp\htdocs\plantonistas2.0\system\CodeIgniter.php(412): CodeIgniter\CodeIgniter->runController(Object(App\Controllers\Listagem))
#7 C:\xampp\htdocs\plantonistas2.0\system\CodeIgniter.php(320): CodeIgniter\CodeIgniter->handleRequest(NULL, Object(Config\Cache), false)
#8 C:\xampp\htdocs\plantonistas2.0\index.php(37): CodeIgniter\CodeIgniter->run()
#9 {main}
CRITICAL - 2022-02-04 12:48:44 --> Undefined variable $msgLogin
#0 C:\xampp\htdocs\plantonistas2.0\app\Views\listagem.php(72): CodeIgniter\Debug\Exceptions->errorHandler(2, 'Undefined varia...', 'C:\\xampp\\htdocs...', 72)
#1 C:\xampp\htdocs\plantonistas2.0\system\View\View.php(210): include('C:\\xampp\\htdocs...')
#2 C:\xampp\htdocs\plantonistas2.0\system\View\View.php(213): CodeIgniter\View\View->CodeIgniter\View\{closure}()
#3 C:\xampp\htdocs\plantonistas2.0\system\Common.php(1089): CodeIgniter\View\View->render('listagem', Array, true)
#4 C:\xampp\htdocs\plantonistas2.0\app\Controllers\Listagem.php(27): view('listagem', Array)
#5 C:\xampp\htdocs\plantonistas2.0\system\CodeIgniter.php(825): App\Controllers\Listagem->index()
#6 C:\xampp\htdocs\plantonistas2.0\system\CodeIgniter.php(412): CodeIgniter\CodeIgniter->runController(Object(App\Controllers\Listagem))
#7 C:\xampp\htdocs\plantonistas2.0\system\CodeIgniter.php(320): CodeIgniter\CodeIgniter->handleRequest(NULL, Object(Config\Cache), false)
#8 C:\xampp\htdocs\plantonistas2.0\index.php(37): CodeIgniter\CodeIgniter->run()
#9 {main}
CRITICAL - 2022-02-04 12:48:44 --> Undefined variable $msgLogin
#0 C:\xampp\htdocs\plantonistas2.0\app\Views\listagem.php(72): CodeIgniter\Debug\Exceptions->errorHandler(2, 'Undefined varia...', 'C:\\xampp\\htdocs...', 72)
#1 C:\xampp\htdocs\plantonistas2.0\system\View\View.php(210): include('C:\\xampp\\htdocs...')
#2 C:\xampp\htdocs\plantonistas2.0\system\View\View.php(213): CodeIgniter\View\View->CodeIgniter\View\{closure}()
#3 C:\xampp\htdocs\plantonistas2.0\system\Common.php(1089): CodeIgniter\View\View->render('listagem', Array, true)
#4 C:\xampp\htdocs\plantonistas2.0\app\Controllers\Listagem.php(27): view('listagem', Array)
#5 C:\xampp\htdocs\plantonistas2.0\system\CodeIgniter.php(825): App\Controllers\Listagem->index()
#6 C:\xampp\htdocs\plantonistas2.0\system\CodeIgniter.php(412): CodeIgniter\CodeIgniter->runController(Object(App\Controllers\Listagem))
#7 C:\xampp\htdocs\plantonistas2.0\system\CodeIgniter.php(320): CodeIgniter\CodeIgniter->handleRequest(NULL, Object(Config\Cache), false)
#8 C:\xampp\htdocs\plantonistas2.0\index.php(37): CodeIgniter\CodeIgniter->run()
#9 {main}
CRITICAL - 2022-02-04 12:48:50 --> Undefined variable $msgLogin
#0 C:\xampp\htdocs\plantonistas2.0\app\Views\listagem.php(72): CodeIgniter\Debug\Exceptions->errorHandler(2, 'Undefined varia...', 'C:\\xampp\\htdocs...', 72)
#1 C:\xampp\htdocs\plantonistas2.0\system\View\View.php(210): include('C:\\xampp\\htdocs...')
#2 C:\xampp\htdocs\plantonistas2.0\system\View\View.php(213): CodeIgniter\View\View->CodeIgniter\View\{closure}()
#3 C:\xampp\htdocs\plantonistas2.0\system\Common.php(1089): CodeIgniter\View\View->render('listagem', Array, true)
#4 C:\xampp\htdocs\plantonistas2.0\app\Controllers\Listagem.php(27): view('listagem', Array)
#5 C:\xampp\htdocs\plantonistas2.0\system\CodeIgniter.php(825): App\Controllers\Listagem->index()
#6 C:\xampp\htdocs\plantonistas2.0\system\CodeIgniter.php(412): CodeIgniter\CodeIgniter->runController(Object(App\Controllers\Listagem))
#7 C:\xampp\htdocs\plantonistas2.0\system\CodeIgniter.php(320): CodeIgniter\CodeIgniter->handleRequest(NULL, Object(Config\Cache), false)
#8 C:\xampp\htdocs\plantonistas2.0\index.php(37): CodeIgniter\CodeIgniter->run()
#9 {main}
CRITICAL - 2022-02-04 12:48:51 --> Undefined variable $msgLogin
#0 C:\xampp\htdocs\plantonistas2.0\app\Views\listagem.php(72): CodeIgniter\Debug\Exceptions->errorHandler(2, 'Undefined varia...', 'C:\\xampp\\htdocs...', 72)
#1 C:\xampp\htdocs\plantonistas2.0\system\View\View.php(210): include('C:\\xampp\\htdocs...')
#2 C:\xampp\htdocs\plantonistas2.0\system\View\View.php(213): CodeIgniter\View\View->CodeIgniter\View\{closure}()
#3 C:\xampp\htdocs\plantonistas2.0\system\Common.php(1089): CodeIgniter\View\View->render('listagem', Array, true)
#4 C:\xampp\htdocs\plantonistas2.0\app\Controllers\Listagem.php(27): view('listagem', Array)
#5 C:\xampp\htdocs\plantonistas2.0\system\CodeIgniter.php(825): App\Controllers\Listagem->index()
#6 C:\xampp\htdocs\plantonistas2.0\system\CodeIgniter.php(412): CodeIgniter\CodeIgniter->runController(Object(App\Controllers\Listagem))
#7 C:\xampp\htdocs\plantonistas2.0\system\CodeIgniter.php(320): CodeIgniter\CodeIgniter->handleRequest(NULL, Object(Config\Cache), false)
#8 C:\xampp\htdocs\plantonistas2.0\index.php(37): CodeIgniter\CodeIgniter->run()
#9 {main}
CRITICAL - 2022-02-04 12:48:51 --> Undefined variable $msgLogin
#0 C:\xampp\htdocs\plantonistas2.0\app\Views\listagem.php(72): CodeIgniter\Debug\Exceptions->errorHandler(2, 'Undefined varia...', 'C:\\xampp\\htdocs...', 72)
#1 C:\xampp\htdocs\plantonistas2.0\system\View\View.php(210): include('C:\\xampp\\htdocs...')
#2 C:\xampp\htdocs\plantonistas2.0\system\View\View.php(213): CodeIgniter\View\View->CodeIgniter\View\{closure}()
#3 C:\xampp\htdocs\plantonistas2.0\system\Common.php(1089): CodeIgniter\View\View->render('listagem', Array, true)
#4 C:\xampp\htdocs\plantonistas2.0\app\Controllers\Listagem.php(27): view('listagem', Array)
#5 C:\xampp\htdocs\plantonistas2.0\system\CodeIgniter.php(825): App\Controllers\Listagem->index()
#6 C:\xampp\htdocs\plantonistas2.0\system\CodeIgniter.php(412): CodeIgniter\CodeIgniter->runController(Object(App\Controllers\Listagem))
#7 C:\xampp\htdocs\plantonistas2.0\system\CodeIgniter.php(320): CodeIgniter\CodeIgniter->handleRequest(NULL, Object(Config\Cache), false)
#8 C:\xampp\htdocs\plantonistas2.0\index.php(37): CodeIgniter\CodeIgniter->run()
#9 {main}
CRITICAL - 2022-02-04 12:50:26 --> Undefined variable $msgLogin
#0 C:\xampp\htdocs\plantonistas2.0\app\Views\listagem.php(72): CodeIgniter\Debug\Exceptions->errorHandler(2, 'Undefined varia...', 'C:\\xampp\\htdocs...', 72)
#1 C:\xampp\htdocs\plantonistas2.0\system\View\View.php(210): include('C:\\xampp\\htdocs...')
#2 C:\xampp\htdocs\plantonistas2.0\system\View\View.php(213): CodeIgniter\View\View->CodeIgniter\View\{closure}()
#3 C:\xampp\htdocs\plantonistas2.0\system\Common.php(1089): CodeIgniter\View\View->render('listagem', Array, true)
#4 C:\xampp\htdocs\plantonistas2.0\app\Controllers\Listagem.php(27): view('listagem', Array)
#5 C:\xampp\htdocs\plantonistas2.0\system\CodeIgniter.php(825): App\Controllers\Listagem->index()
#6 C:\xampp\htdocs\plantonistas2.0\system\CodeIgniter.php(412): CodeIgniter\CodeIgniter->runController(Object(App\Controllers\Listagem))
#7 C:\xampp\htdocs\plantonistas2.0\system\CodeIgniter.php(320): CodeIgniter\CodeIgniter->handleRequest(NULL, Object(Config\Cache), false)
#8 C:\xampp\htdocs\plantonistas2.0\index.php(37): CodeIgniter\CodeIgniter->run()
#9 {main}
CRITICAL - 2022-02-04 12:50:26 --> Undefined variable $msgLogin
#0 C:\xampp\htdocs\plantonistas2.0\app\Views\listagem.php(72): CodeIgniter\Debug\Exceptions->errorHandler(2, 'Undefined varia...', 'C:\\xampp\\htdocs...', 72)
#1 C:\xampp\htdocs\plantonistas2.0\system\View\View.php(210): include('C:\\xampp\\htdocs...')
#2 C:\xampp\htdocs\plantonistas2.0\system\View\View.php(213): CodeIgniter\View\View->CodeIgniter\View\{closure}()
#3 C:\xampp\htdocs\plantonistas2.0\system\Common.php(1089): CodeIgniter\View\View->render('listagem', Array, true)
#4 C:\xampp\htdocs\plantonistas2.0\app\Controllers\Listagem.php(27): view('listagem', Array)
#5 C:\xampp\htdocs\plantonistas2.0\system\CodeIgniter.php(825): App\Controllers\Listagem->index()
#6 C:\xampp\htdocs\plantonistas2.0\system\CodeIgniter.php(412): CodeIgniter\CodeIgniter->runController(Object(App\Controllers\Listagem))
#7 C:\xampp\htdocs\plantonistas2.0\system\CodeIgniter.php(320): CodeIgniter\CodeIgniter->handleRequest(NULL, Object(Config\Cache), false)
#8 C:\xampp\htdocs\plantonistas2.0\index.php(37): CodeIgniter\CodeIgniter->run()
#9 {main}
CRITICAL - 2022-02-04 12:50:26 --> Undefined variable $msgLogin
#0 C:\xampp\htdocs\plantonistas2.0\app\Views\listagem.php(72): CodeIgniter\Debug\Exceptions->errorHandler(2, 'Undefined varia...', 'C:\\xampp\\htdocs...', 72)
#1 C:\xampp\htdocs\plantonistas2.0\system\View\View.php(210): include('C:\\xampp\\htdocs...')
#2 C:\xampp\htdocs\plantonistas2.0\system\View\View.php(213): CodeIgniter\View\View->CodeIgniter\View\{closure}()
#3 C:\xampp\htdocs\plantonistas2.0\system\Common.php(1089): CodeIgniter\View\View->render('listagem', Array, true)
#4 C:\xampp\htdocs\plantonistas2.0\app\Controllers\Listagem.php(27): view('listagem', Array)
#5 C:\xampp\htdocs\plantonistas2.0\system\CodeIgniter.php(825): App\Controllers\Listagem->index()
#6 C:\xampp\htdocs\plantonistas2.0\system\CodeIgniter.php(412): CodeIgniter\CodeIgniter->runController(Object(App\Controllers\Listagem))
#7 C:\xampp\htdocs\plantonistas2.0\system\CodeIgniter.php(320): CodeIgniter\CodeIgniter->handleRequest(NULL, Object(Config\Cache), false)
#8 C:\xampp\htdocs\plantonistas2.0\index.php(37): CodeIgniter\CodeIgniter->run()
#9 {main}
CRITICAL - 2022-02-04 12:52:47 --> Undefined property: App\Controllers\Listagem::$session
#0 C:\xampp\htdocs\plantonistas2.0\app\Controllers\Listagem.php(26): CodeIgniter\Debug\Exceptions->errorHandler(2, 'Undefined prope...', 'C:\\xampp\\htdocs...', 26)
#1 C:\xampp\htdocs\plantonistas2.0\system\CodeIgniter.php(825): App\Controllers\Listagem->index()
#2 C:\xampp\htdocs\plantonistas2.0\system\CodeIgniter.php(412): CodeIgniter\CodeIgniter->runController(Object(App\Controllers\Listagem))
#3 C:\xampp\htdocs\plantonistas2.0\system\CodeIgniter.php(320): CodeIgniter\CodeIgniter->handleRequest(NULL, Object(Config\Cache), false)
#4 C:\xampp\htdocs\plantonistas2.0\index.php(37): CodeIgniter\CodeIgniter->run()
#5 {main}
CRITICAL - 2022-02-04 12:53:34 --> Undefined variable $msgLogin
#0 C:\xampp\htdocs\plantonistas2.0\app\Views\listagem.php(72): CodeIgniter\Debug\Exceptions->errorHandler(2, 'Undefined varia...', 'C:\\xampp\\htdocs...', 72)
#1 C:\xampp\htdocs\plantonistas2.0\system\View\View.php(210): include('C:\\xampp\\htdocs...')
#2 C:\xampp\htdocs\plantonistas2.0\system\View\View.php(213): CodeIgniter\View\View->CodeIgniter\View\{closure}()
#3 C:\xampp\htdocs\plantonistas2.0\system\Common.php(1089): CodeIgniter\View\View->render('listagem', Array, true)
#4 C:\xampp\htdocs\plantonistas2.0\app\Controllers\Listagem.php(33): view('listagem', Array)
#5 C:\xampp\htdocs\plantonistas2.0\system\CodeIgniter.php(825): App\Controllers\Listagem->index()
#6 C:\xampp\htdocs\plantonistas2.0\system\CodeIgniter.php(412): CodeIgniter\CodeIgniter->runController(Object(App\Controllers\Listagem))
#7 C:\xampp\htdocs\plantonistas2.0\system\CodeIgniter.php(320): CodeIgniter\CodeIgniter->handleRequest(NULL, Object(Config\Cache), false)
#8 C:\xampp\htdocs\plantonistas2.0\index.php(37): CodeIgniter\CodeIgniter->run()
#9 {main}
CRITICAL - 2022-02-04 13:24:57 --> Undefined property: App\Controllers\Geral::$session
#0 C:\xampp\htdocs\plantonistas2.0\app\Controllers\Geral.php(24): CodeIgniter\Debug\Exceptions->errorHandler(2, 'Undefined prope...', 'C:\\xampp\\htdocs...', 24)
#1 C:\xampp\htdocs\plantonistas2.0\system\CodeIgniter.php(825): App\Controllers\Geral->index()
#2 C:\xampp\htdocs\plantonistas2.0\system\CodeIgniter.php(412): CodeIgniter\CodeIgniter->runController(Object(App\Controllers\Geral))
#3 C:\xampp\htdocs\plantonistas2.0\system\CodeIgniter.php(320): CodeIgniter\CodeIgniter->handleRequest(NULL, Object(Config\Cache), false)
#4 C:\xampp\htdocs\plantonistas2.0\index.php(37): CodeIgniter\CodeIgniter->run()
#5 {main}
CRITICAL - 2022-02-04 13:25:33 --> Undefined variable $msg
#0 C:\xampp\htdocs\plantonistas2.0\app\Views\footer.php(19): CodeIgniter\Debug\Exceptions->errorHandler(2, 'Undefined varia...', 'C:\\xampp\\htdocs...', 19)
#1 C:\xampp\htdocs\plantonistas2.0\system\View\View.php(210): include('C:\\xampp\\htdocs...')
#2 C:\xampp\htdocs\plantonistas2.0\system\View\View.php(213): CodeIgniter\View\View->CodeIgniter\View\{closure}()
#3 C:\xampp\htdocs\plantonistas2.0\system\View\View.php(424): CodeIgniter\View\View->render('footer', NULL, true)
#4 C:\xampp\htdocs\plantonistas2.0\app\Views\home.php(45): CodeIgniter\View\View->include('footer')
#5 C:\xampp\htdocs\plantonistas2.0\system\View\View.php(210): include('C:\\xampp\\htdocs...')
#6 C:\xampp\htdocs\plantonistas2.0\system\View\View.php(213): CodeIgniter\View\View->CodeIgniter\View\{closure}()
#7 C:\xampp\htdocs\plantonistas2.0\system\Common.php(1089): CodeIgniter\View\View->render('home', Array, true)
#8 C:\xampp\htdocs\plantonistas2.0\app\Controllers\Geral.php(33): view('home', Array)
#9 C:\xampp\htdocs\plantonistas2.0\system\CodeIgniter.php(825): App\Controllers\Geral->index()
#10 C:\xampp\htdocs\plantonistas2.0\system\CodeIgniter.php(412): CodeIgniter\CodeIgniter->runController(Object(App\Controllers\Geral))
#11 C:\xampp\htdocs\plantonistas2.0\system\CodeIgniter.php(320): CodeIgniter\CodeIgniter->handleRequest(NULL, Object(Config\Cache), false)
#12 C:\xampp\htdocs\plantonistas2.0\index.php(37): CodeIgniter\CodeIgniter->run()
#13 {main}
CRITICAL - 2022-02-04 13:27:14 --> Undefined variable $msgLogin
#0 C:\xampp\htdocs\plantonistas2.0\app\Views\footer.php(40): CodeIgniter\Debug\Exceptions->errorHandler(2, 'Undefined varia...', 'C:\\xampp\\htdocs...', 40)
#1 C:\xampp\htdocs\plantonistas2.0\system\View\View.php(210): include('C:\\xampp\\htdocs...')
#2 C:\xampp\htdocs\plantonistas2.0\system\View\View.php(213): CodeIgniter\View\View->CodeIgniter\View\{closure}()
#3 C:\xampp\htdocs\plantonistas2.0\system\View\View.php(424): CodeIgniter\View\View->render('footer', NULL, true)
#4 C:\xampp\htdocs\plantonistas2.0\app\Views\plantoes.php(75): CodeIgniter\View\View->include('footer')
#5 C:\xampp\htdocs\plantonistas2.0\system\View\View.php(210): include('C:\\xampp\\htdocs...')
#6 C:\xampp\htdocs\plantonistas2.0\system\View\View.php(213): CodeIgniter\View\View->CodeIgniter\View\{closure}()
#7 C:\xampp\htdocs\plantonistas2.0\system\Common.php(1089): CodeIgniter\View\View->render('plantoes', Array, true)
#8 C:\xampp\htdocs\plantonistas2.0\app\Controllers\Plantoes.php(37): view('plantoes', Array)
#9 C:\xampp\htdocs\plantonistas2.0\system\CodeIgniter.php(825): App\Controllers\Plantoes->index()
#10 C:\xampp\htdocs\plantonistas2.0\system\CodeIgniter.php(412): CodeIgniter\CodeIgniter->runController(Object(App\Controllers\Plantoes))
#11 C:\xampp\htdocs\plantonistas2.0\system\CodeIgniter.php(320): CodeIgniter\CodeIgniter->handleRequest(NULL, Object(Config\Cache), false)
#12 C:\xampp\htdocs\plantonistas2.0\index.php(37): CodeIgniter\CodeIgniter->run()
#13 {main}
