CRITICAL - 2022-02-07 05:42:42 --> Undefined variable $msgLogin
#0 C:\xampp\htdocs\plantonistas2.0\app\Views\footer.php(34): CodeIgniter\Debug\Exceptions->errorHandler(2, 'Undefined varia...', 'C:\\xampp\\htdocs...', 34)
#1 C:\xampp\htdocs\plantonistas2.0\system\View\View.php(210): include('C:\\xampp\\htdocs...')
#2 C:\xampp\htdocs\plantonistas2.0\system\View\View.php(213): CodeIgniter\View\View->CodeIgniter\View\{closure}()
#3 C:\xampp\htdocs\plantonistas2.0\system\View\View.php(424): CodeIgniter\View\View->render('footer', NULL, true)
#4 C:\xampp\htdocs\plantonistas2.0\app\Views\cidades.php(69): CodeIgniter\View\View->include('footer')
#5 C:\xampp\htdocs\plantonistas2.0\system\View\View.php(210): include('C:\\xampp\\htdocs...')
#6 C:\xampp\htdocs\plantonistas2.0\system\View\View.php(213): CodeIgniter\View\View->CodeIgniter\View\{closure}()
#7 C:\xampp\htdocs\plantonistas2.0\system\Common.php(1089): CodeIgniter\View\View->render('cidades', Array, true)
#8 C:\xampp\htdocs\plantonistas2.0\app\Controllers\Cidades.php(24): view('cidades', Array)
#9 C:\xampp\htdocs\plantonistas2.0\system\CodeIgniter.php(825): App\Controllers\Cidades->index()
#10 C:\xampp\htdocs\plantonistas2.0\system\CodeIgniter.php(412): CodeIgniter\CodeIgniter->runController(Object(App\Controllers\Cidades))
#11 C:\xampp\htdocs\plantonistas2.0\system\CodeIgniter.php(320): CodeIgniter\CodeIgniter->handleRequest(NULL, Object(Config\Cache), false)
#12 C:\xampp\htdocs\plantonistas2.0\index.php(37): CodeIgniter\CodeIgniter->run()
#13 {main}
CRITICAL - 2022-02-07 05:43:10 --> Undefined variable $msgLogin
#0 C:\xampp\htdocs\plantonistas2.0\app\Views\footer.php(34): CodeIgniter\Debug\Exceptions->errorHandler(2, 'Undefined varia...', 'C:\\xampp\\htdocs...', 34)
#1 C:\xampp\htdocs\plantonistas2.0\system\View\View.php(210): include('C:\\xampp\\htdocs...')
#2 C:\xampp\htdocs\plantonistas2.0\system\View\View.php(213): CodeIgniter\View\View->CodeIgniter\View\{closure}()
#3 C:\xampp\htdocs\plantonistas2.0\system\View\View.php(424): CodeIgniter\View\View->render('footer', NULL, true)
#4 C:\xampp\htdocs\plantonistas2.0\app\Views\cidades.php(69): CodeIgniter\View\View->include('footer')
#5 C:\xampp\htdocs\plantonistas2.0\system\View\View.php(210): include('C:\\xampp\\htdocs...')
#6 C:\xampp\htdocs\plantonistas2.0\system\View\View.php(213): CodeIgniter\View\View->CodeIgniter\View\{closure}()
#7 C:\xampp\htdocs\plantonistas2.0\system\Common.php(1089): CodeIgniter\View\View->render('cidades', Array, true)
#8 C:\xampp\htdocs\plantonistas2.0\app\Controllers\Cidades.php(24): view('cidades', Array)
#9 C:\xampp\htdocs\plantonistas2.0\system\CodeIgniter.php(825): App\Controllers\Cidades->index()
#10 C:\xampp\htdocs\plantonistas2.0\system\CodeIgniter.php(412): CodeIgniter\CodeIgniter->runController(Object(App\Controllers\Cidades))
#11 C:\xampp\htdocs\plantonistas2.0\system\CodeIgniter.php(320): CodeIgniter\CodeIgniter->handleRequest(NULL, Object(Config\Cache), false)
#12 C:\xampp\htdocs\plantonistas2.0\index.php(37): CodeIgniter\CodeIgniter->run()
#13 {main}
CRITICAL - 2022-02-07 05:44:14 --> Undefined variable $msgLogin
#0 C:\xampp\htdocs\plantonistas2.0\app\Views\footer.php(34): CodeIgniter\Debug\Exceptions->errorHandler(2, 'Undefined varia...', 'C:\\xampp\\htdocs...', 34)
#1 C:\xampp\htdocs\plantonistas2.0\system\View\View.php(210): include('C:\\xampp\\htdocs...')
#2 C:\xampp\htdocs\plantonistas2.0\system\View\View.php(213): CodeIgniter\View\View->CodeIgniter\View\{closure}()
#3 C:\xampp\htdocs\plantonistas2.0\system\View\View.php(424): CodeIgniter\View\View->render('footer', NULL, true)
#4 C:\xampp\htdocs\plantonistas2.0\app\Views\cidades.php(69): CodeIgniter\View\View->include('footer')
#5 C:\xampp\htdocs\plantonistas2.0\system\View\View.php(210): include('C:\\xampp\\htdocs...')
#6 C:\xampp\htdocs\plantonistas2.0\system\View\View.php(213): CodeIgniter\View\View->CodeIgniter\View\{closure}()
#7 C:\xampp\htdocs\plantonistas2.0\system\Common.php(1089): CodeIgniter\View\View->render('cidades', Array, true)
#8 C:\xampp\htdocs\plantonistas2.0\app\Controllers\Cidades.php(24): view('cidades', Array)
#9 C:\xampp\htdocs\plantonistas2.0\system\CodeIgniter.php(825): App\Controllers\Cidades->index()
#10 C:\xampp\htdocs\plantonistas2.0\system\CodeIgniter.php(412): CodeIgniter\CodeIgniter->runController(Object(App\Controllers\Cidades))
#11 C:\xampp\htdocs\plantonistas2.0\system\CodeIgniter.php(320): CodeIgniter\CodeIgniter->handleRequest(NULL, Object(Config\Cache), false)
#12 C:\xampp\htdocs\plantonistas2.0\index.php(37): CodeIgniter\CodeIgniter->run()
#13 {main}
CRITICAL - 2022-02-07 05:44:15 --> Undefined variable $msgLogin
#0 C:\xampp\htdocs\plantonistas2.0\app\Views\footer.php(34): CodeIgniter\Debug\Exceptions->errorHandler(2, 'Undefined varia...', 'C:\\xampp\\htdocs...', 34)
#1 C:\xampp\htdocs\plantonistas2.0\system\View\View.php(210): include('C:\\xampp\\htdocs...')
#2 C:\xampp\htdocs\plantonistas2.0\system\View\View.php(213): CodeIgniter\View\View->CodeIgniter\View\{closure}()
#3 C:\xampp\htdocs\plantonistas2.0\system\View\View.php(424): CodeIgniter\View\View->render('footer', NULL, true)
#4 C:\xampp\htdocs\plantonistas2.0\app\Views\cidades.php(69): CodeIgniter\View\View->include('footer')
#5 C:\xampp\htdocs\plantonistas2.0\system\View\View.php(210): include('C:\\xampp\\htdocs...')
#6 C:\xampp\htdocs\plantonistas2.0\system\View\View.php(213): CodeIgniter\View\View->CodeIgniter\View\{closure}()
#7 C:\xampp\htdocs\plantonistas2.0\system\Common.php(1089): CodeIgniter\View\View->render('cidades', Array, true)
#8 C:\xampp\htdocs\plantonistas2.0\app\Controllers\Cidades.php(24): view('cidades', Array)
#9 C:\xampp\htdocs\plantonistas2.0\system\CodeIgniter.php(825): App\Controllers\Cidades->index()
#10 C:\xampp\htdocs\plantonistas2.0\system\CodeIgniter.php(412): CodeIgniter\CodeIgniter->runController(Object(App\Controllers\Cidades))
#11 C:\xampp\htdocs\plantonistas2.0\system\CodeIgniter.php(320): CodeIgniter\CodeIgniter->handleRequest(NULL, Object(Config\Cache), false)
#12 C:\xampp\htdocs\plantonistas2.0\index.php(37): CodeIgniter\CodeIgniter->run()
#13 {main}
CRITICAL - 2022-02-07 05:44:15 --> Undefined variable $msgLogin
#0 C:\xampp\htdocs\plantonistas2.0\app\Views\footer.php(34): CodeIgniter\Debug\Exceptions->errorHandler(2, 'Undefined varia...', 'C:\\xampp\\htdocs...', 34)
#1 C:\xampp\htdocs\plantonistas2.0\system\View\View.php(210): include('C:\\xampp\\htdocs...')
#2 C:\xampp\htdocs\plantonistas2.0\system\View\View.php(213): CodeIgniter\View\View->CodeIgniter\View\{closure}()
#3 C:\xampp\htdocs\plantonistas2.0\system\View\View.php(424): CodeIgniter\View\View->render('footer', NULL, true)
#4 C:\xampp\htdocs\plantonistas2.0\app\Views\cidades.php(69): CodeIgniter\View\View->include('footer')
#5 C:\xampp\htdocs\plantonistas2.0\system\View\View.php(210): include('C:\\xampp\\htdocs...')
#6 C:\xampp\htdocs\plantonistas2.0\system\View\View.php(213): CodeIgniter\View\View->CodeIgniter\View\{closure}()
#7 C:\xampp\htdocs\plantonistas2.0\system\Common.php(1089): CodeIgniter\View\View->render('cidades', Array, true)
#8 C:\xampp\htdocs\plantonistas2.0\app\Controllers\Cidades.php(24): view('cidades', Array)
#9 C:\xampp\htdocs\plantonistas2.0\system\CodeIgniter.php(825): App\Controllers\Cidades->index()
#10 C:\xampp\htdocs\plantonistas2.0\system\CodeIgniter.php(412): CodeIgniter\CodeIgniter->runController(Object(App\Controllers\Cidades))
#11 C:\xampp\htdocs\plantonistas2.0\system\CodeIgniter.php(320): CodeIgniter\CodeIgniter->handleRequest(NULL, Object(Config\Cache), false)
#12 C:\xampp\htdocs\plantonistas2.0\index.php(37): CodeIgniter\CodeIgniter->run()
#13 {main}
CRITICAL - 2022-02-07 05:44:15 --> Undefined variable $msgLogin
#0 C:\xampp\htdocs\plantonistas2.0\app\Views\footer.php(34): CodeIgniter\Debug\Exceptions->errorHandler(2, 'Undefined varia...', 'C:\\xampp\\htdocs...', 34)
#1 C:\xampp\htdocs\plantonistas2.0\system\View\View.php(210): include('C:\\xampp\\htdocs...')
#2 C:\xampp\htdocs\plantonistas2.0\system\View\View.php(213): CodeIgniter\View\View->CodeIgniter\View\{closure}()
#3 C:\xampp\htdocs\plantonistas2.0\system\View\View.php(424): CodeIgniter\View\View->render('footer', NULL, true)
#4 C:\xampp\htdocs\plantonistas2.0\app\Views\cidades.php(69): CodeIgniter\View\View->include('footer')
#5 C:\xampp\htdocs\plantonistas2.0\system\View\View.php(210): include('C:\\xampp\\htdocs...')
#6 C:\xampp\htdocs\plantonistas2.0\system\View\View.php(213): CodeIgniter\View\View->CodeIgniter\View\{closure}()
#7 C:\xampp\htdocs\plantonistas2.0\system\Common.php(1089): CodeIgniter\View\View->render('cidades', Array, true)
#8 C:\xampp\htdocs\plantonistas2.0\app\Controllers\Cidades.php(24): view('cidades', Array)
#9 C:\xampp\htdocs\plantonistas2.0\system\CodeIgniter.php(825): App\Controllers\Cidades->index()
#10 C:\xampp\htdocs\plantonistas2.0\system\CodeIgniter.php(412): CodeIgniter\CodeIgniter->runController(Object(App\Controllers\Cidades))
#11 C:\xampp\htdocs\plantonistas2.0\system\CodeIgniter.php(320): CodeIgniter\CodeIgniter->handleRequest(NULL, Object(Config\Cache), false)
#12 C:\xampp\htdocs\plantonistas2.0\index.php(37): CodeIgniter\CodeIgniter->run()
#13 {main}
CRITICAL - 2022-02-07 05:44:15 --> Undefined variable $msgLogin
#0 C:\xampp\htdocs\plantonistas2.0\app\Views\footer.php(34): CodeIgniter\Debug\Exceptions->errorHandler(2, 'Undefined varia...', 'C:\\xampp\\htdocs...', 34)
#1 C:\xampp\htdocs\plantonistas2.0\system\View\View.php(210): include('C:\\xampp\\htdocs...')
#2 C:\xampp\htdocs\plantonistas2.0\system\View\View.php(213): CodeIgniter\View\View->CodeIgniter\View\{closure}()
#3 C:\xampp\htdocs\plantonistas2.0\system\View\View.php(424): CodeIgniter\View\View->render('footer', NULL, true)
#4 C:\xampp\htdocs\plantonistas2.0\app\Views\cidades.php(69): CodeIgniter\View\View->include('footer')
#5 C:\xampp\htdocs\plantonistas2.0\system\View\View.php(210): include('C:\\xampp\\htdocs...')
#6 C:\xampp\htdocs\plantonistas2.0\system\View\View.php(213): CodeIgniter\View\View->CodeIgniter\View\{closure}()
#7 C:\xampp\htdocs\plantonistas2.0\system\Common.php(1089): CodeIgniter\View\View->render('cidades', Array, true)
#8 C:\xampp\htdocs\plantonistas2.0\app\Controllers\Cidades.php(24): view('cidades', Array)
#9 C:\xampp\htdocs\plantonistas2.0\system\CodeIgniter.php(825): App\Controllers\Cidades->index()
#10 C:\xampp\htdocs\plantonistas2.0\system\CodeIgniter.php(412): CodeIgniter\CodeIgniter->runController(Object(App\Controllers\Cidades))
#11 C:\xampp\htdocs\plantonistas2.0\system\CodeIgniter.php(320): CodeIgniter\CodeIgniter->handleRequest(NULL, Object(Config\Cache), false)
#12 C:\xampp\htdocs\plantonistas2.0\index.php(37): CodeIgniter\CodeIgniter->run()
#13 {main}
CRITICAL - 2022-02-07 05:44:21 --> Undefined variable $msgLogin
#0 C:\xampp\htdocs\plantonistas2.0\app\Views\footer.php(34): CodeIgniter\Debug\Exceptions->errorHandler(2, 'Undefined varia...', 'C:\\xampp\\htdocs...', 34)
#1 C:\xampp\htdocs\plantonistas2.0\system\View\View.php(210): include('C:\\xampp\\htdocs...')
#2 C:\xampp\htdocs\plantonistas2.0\system\View\View.php(213): CodeIgniter\View\View->CodeIgniter\View\{closure}()
#3 C:\xampp\htdocs\plantonistas2.0\system\View\View.php(424): CodeIgniter\View\View->render('footer', NULL, true)
#4 C:\xampp\htdocs\plantonistas2.0\app\Views\plantonistas.php(69): CodeIgniter\View\View->include('footer')
#5 C:\xampp\htdocs\plantonistas2.0\system\View\View.php(210): include('C:\\xampp\\htdocs...')
#6 C:\xampp\htdocs\plantonistas2.0\system\View\View.php(213): CodeIgniter\View\View->CodeIgniter\View\{closure}()
#7 C:\xampp\htdocs\plantonistas2.0\system\Common.php(1089): CodeIgniter\View\View->render('plantonistas', Array, true)
#8 C:\xampp\htdocs\plantonistas2.0\app\Controllers\Plantonistas.php(22): view('plantonistas', Array)
#9 C:\xampp\htdocs\plantonistas2.0\system\CodeIgniter.php(825): App\Controllers\Plantonistas->index()
#10 C:\xampp\htdocs\plantonistas2.0\system\CodeIgniter.php(412): CodeIgniter\CodeIgniter->runController(Object(App\Controllers\Plantonistas))
#11 C:\xampp\htdocs\plantonistas2.0\system\CodeIgniter.php(320): CodeIgniter\CodeIgniter->handleRequest(NULL, Object(Config\Cache), false)
#12 C:\xampp\htdocs\plantonistas2.0\index.php(37): CodeIgniter\CodeIgniter->run()
#13 {main}
CRITICAL - 2022-02-07 05:44:24 --> Undefined variable $msgLogin
#0 C:\xampp\htdocs\plantonistas2.0\app\Views\footer.php(34): CodeIgniter\Debug\Exceptions->errorHandler(2, 'Undefined varia...', 'C:\\xampp\\htdocs...', 34)
#1 C:\xampp\htdocs\plantonistas2.0\system\View\View.php(210): include('C:\\xampp\\htdocs...')
#2 C:\xampp\htdocs\plantonistas2.0\system\View\View.php(213): CodeIgniter\View\View->CodeIgniter\View\{closure}()
#3 C:\xampp\htdocs\plantonistas2.0\system\View\View.php(424): CodeIgniter\View\View->render('footer', NULL, true)
#4 C:\xampp\htdocs\plantonistas2.0\app\Views\plantoes.php(75): CodeIgniter\View\View->include('footer')
#5 C:\xampp\htdocs\plantonistas2.0\system\View\View.php(210): include('C:\\xampp\\htdocs...')
#6 C:\xampp\htdocs\plantonistas2.0\system\View\View.php(213): CodeIgniter\View\View->CodeIgniter\View\{closure}()
#7 C:\xampp\htdocs\plantonistas2.0\system\Common.php(1089): CodeIgniter\View\View->render('plantoes', Array, true)
#8 C:\xampp\htdocs\plantonistas2.0\app\Controllers\Plantoes.php(37): view('plantoes', Array)
#9 C:\xampp\htdocs\plantonistas2.0\system\CodeIgniter.php(825): App\Controllers\Plantoes->index()
#10 C:\xampp\htdocs\plantonistas2.0\system\CodeIgniter.php(412): CodeIgniter\CodeIgniter->runController(Object(App\Controllers\Plantoes))
#11 C:\xampp\htdocs\plantonistas2.0\system\CodeIgniter.php(320): CodeIgniter\CodeIgniter->handleRequest(NULL, Object(Config\Cache), false)
#12 C:\xampp\htdocs\plantonistas2.0\index.php(37): CodeIgniter\CodeIgniter->run()
#13 {main}
CRITICAL - 2022-02-07 05:44:25 --> Undefined variable $msgLogin
#0 C:\xampp\htdocs\plantonistas2.0\app\Views\footer.php(34): CodeIgniter\Debug\Exceptions->errorHandler(2, 'Undefined varia...', 'C:\\xampp\\htdocs...', 34)
#1 C:\xampp\htdocs\plantonistas2.0\system\View\View.php(210): include('C:\\xampp\\htdocs...')
#2 C:\xampp\htdocs\plantonistas2.0\system\View\View.php(213): CodeIgniter\View\View->CodeIgniter\View\{closure}()
#3 C:\xampp\htdocs\plantonistas2.0\system\View\View.php(424): CodeIgniter\View\View->render('footer', NULL, true)
#4 C:\xampp\htdocs\plantonistas2.0\app\Views\regioes.php(63): CodeIgniter\View\View->include('footer')
#5 C:\xampp\htdocs\plantonistas2.0\system\View\View.php(210): include('C:\\xampp\\htdocs...')
#6 C:\xampp\htdocs\plantonistas2.0\system\View\View.php(213): CodeIgniter\View\View->CodeIgniter\View\{closure}()
#7 C:\xampp\htdocs\plantonistas2.0\system\Common.php(1089): CodeIgniter\View\View->render('regioes', Array, true)
#8 C:\xampp\htdocs\plantonistas2.0\app\Controllers\Regioes.php(21): view('regioes', Array)
#9 C:\xampp\htdocs\plantonistas2.0\system\CodeIgniter.php(825): App\Controllers\Regioes->index()
#10 C:\xampp\htdocs\plantonistas2.0\system\CodeIgniter.php(412): CodeIgniter\CodeIgniter->runController(Object(App\Controllers\Regioes))
#11 C:\xampp\htdocs\plantonistas2.0\system\CodeIgniter.php(320): CodeIgniter\CodeIgniter->handleRequest(NULL, Object(Config\Cache), false)
#12 C:\xampp\htdocs\plantonistas2.0\index.php(37): CodeIgniter\CodeIgniter->run()
#13 {main}
CRITICAL - 2022-02-07 05:44:27 --> Undefined variable $msgLogin
#0 C:\xampp\htdocs\plantonistas2.0\app\Views\footer.php(34): CodeIgniter\Debug\Exceptions->errorHandler(2, 'Undefined varia...', 'C:\\xampp\\htdocs...', 34)
#1 C:\xampp\htdocs\plantonistas2.0\system\View\View.php(210): include('C:\\xampp\\htdocs...')
#2 C:\xampp\htdocs\plantonistas2.0\system\View\View.php(213): CodeIgniter\View\View->CodeIgniter\View\{closure}()
#3 C:\xampp\htdocs\plantonistas2.0\system\View\View.php(424): CodeIgniter\View\View->render('footer', NULL, true)
#4 C:\xampp\htdocs\plantonistas2.0\app\Views\cidades.php(69): CodeIgniter\View\View->include('footer')
#5 C:\xampp\htdocs\plantonistas2.0\system\View\View.php(210): include('C:\\xampp\\htdocs...')
#6 C:\xampp\htdocs\plantonistas2.0\system\View\View.php(213): CodeIgniter\View\View->CodeIgniter\View\{closure}()
#7 C:\xampp\htdocs\plantonistas2.0\system\Common.php(1089): CodeIgniter\View\View->render('cidades', Array, true)
#8 C:\xampp\htdocs\plantonistas2.0\app\Controllers\Cidades.php(24): view('cidades', Array)
#9 C:\xampp\htdocs\plantonistas2.0\system\CodeIgniter.php(825): App\Controllers\Cidades->index()
#10 C:\xampp\htdocs\plantonistas2.0\system\CodeIgniter.php(412): CodeIgniter\CodeIgniter->runController(Object(App\Controllers\Cidades))
#11 C:\xampp\htdocs\plantonistas2.0\system\CodeIgniter.php(320): CodeIgniter\CodeIgniter->handleRequest(NULL, Object(Config\Cache), false)
#12 C:\xampp\htdocs\plantonistas2.0\index.php(37): CodeIgniter\CodeIgniter->run()
#13 {main}
CRITICAL - 2022-02-07 05:44:38 --> Undefined variable $msgLogin
#0 C:\xampp\htdocs\plantonistas2.0\app\Views\footer.php(34): CodeIgniter\Debug\Exceptions->errorHandler(2, 'Undefined varia...', 'C:\\xampp\\htdocs...', 34)
#1 C:\xampp\htdocs\plantonistas2.0\system\View\View.php(210): include('C:\\xampp\\htdocs...')
#2 C:\xampp\htdocs\plantonistas2.0\system\View\View.php(213): CodeIgniter\View\View->CodeIgniter\View\{closure}()
#3 C:\xampp\htdocs\plantonistas2.0\system\View\View.php(424): CodeIgniter\View\View->render('footer', NULL, true)
#4 C:\xampp\htdocs\plantonistas2.0\app\Views\plantonistas.php(69): CodeIgniter\View\View->include('footer')
#5 C:\xampp\htdocs\plantonistas2.0\system\View\View.php(210): include('C:\\xampp\\htdocs...')
#6 C:\xampp\htdocs\plantonistas2.0\system\View\View.php(213): CodeIgniter\View\View->CodeIgniter\View\{closure}()
#7 C:\xampp\htdocs\plantonistas2.0\system\Common.php(1089): CodeIgniter\View\View->render('plantonistas', Array, true)
#8 C:\xampp\htdocs\plantonistas2.0\app\Controllers\Plantonistas.php(22): view('plantonistas', Array)
#9 C:\xampp\htdocs\plantonistas2.0\system\CodeIgniter.php(825): App\Controllers\Plantonistas->index()
#10 C:\xampp\htdocs\plantonistas2.0\system\CodeIgniter.php(412): CodeIgniter\CodeIgniter->runController(Object(App\Controllers\Plantonistas))
#11 C:\xampp\htdocs\plantonistas2.0\system\CodeIgniter.php(320): CodeIgniter\CodeIgniter->handleRequest(NULL, Object(Config\Cache), false)
#12 C:\xampp\htdocs\plantonistas2.0\index.php(37): CodeIgniter\CodeIgniter->run()
#13 {main}
CRITICAL - 2022-02-07 05:44:39 --> Undefined variable $msgLogin
#0 C:\xampp\htdocs\plantonistas2.0\app\Views\footer.php(34): CodeIgniter\Debug\Exceptions->errorHandler(2, 'Undefined varia...', 'C:\\xampp\\htdocs...', 34)
#1 C:\xampp\htdocs\plantonistas2.0\system\View\View.php(210): include('C:\\xampp\\htdocs...')
#2 C:\xampp\htdocs\plantonistas2.0\system\View\View.php(213): CodeIgniter\View\View->CodeIgniter\View\{closure}()
#3 C:\xampp\htdocs\plantonistas2.0\system\View\View.php(424): CodeIgniter\View\View->render('footer', NULL, true)
#4 C:\xampp\htdocs\plantonistas2.0\app\Views\regioes.php(63): CodeIgniter\View\View->include('footer')
#5 C:\xampp\htdocs\plantonistas2.0\system\View\View.php(210): include('C:\\xampp\\htdocs...')
#6 C:\xampp\htdocs\plantonistas2.0\system\View\View.php(213): CodeIgniter\View\View->CodeIgniter\View\{closure}()
#7 C:\xampp\htdocs\plantonistas2.0\system\Common.php(1089): CodeIgniter\View\View->render('regioes', Array, true)
#8 C:\xampp\htdocs\plantonistas2.0\app\Controllers\Regioes.php(21): view('regioes', Array)
#9 C:\xampp\htdocs\plantonistas2.0\system\CodeIgniter.php(825): App\Controllers\Regioes->index()
#10 C:\xampp\htdocs\plantonistas2.0\system\CodeIgniter.php(412): CodeIgniter\CodeIgniter->runController(Object(App\Controllers\Regioes))
#11 C:\xampp\htdocs\plantonistas2.0\system\CodeIgniter.php(320): CodeIgniter\CodeIgniter->handleRequest(NULL, Object(Config\Cache), false)
#12 C:\xampp\htdocs\plantonistas2.0\index.php(37): CodeIgniter\CodeIgniter->run()
#13 {main}
CRITICAL - 2022-02-07 05:44:40 --> Undefined variable $msgLogin
#0 C:\xampp\htdocs\plantonistas2.0\app\Views\footer.php(34): CodeIgniter\Debug\Exceptions->errorHandler(2, 'Undefined varia...', 'C:\\xampp\\htdocs...', 34)
#1 C:\xampp\htdocs\plantonistas2.0\system\View\View.php(210): include('C:\\xampp\\htdocs...')
#2 C:\xampp\htdocs\plantonistas2.0\system\View\View.php(213): CodeIgniter\View\View->CodeIgniter\View\{closure}()
#3 C:\xampp\htdocs\plantonistas2.0\system\View\View.php(424): CodeIgniter\View\View->render('footer', NULL, true)
#4 C:\xampp\htdocs\plantonistas2.0\app\Views\cidades.php(69): CodeIgniter\View\View->include('footer')
#5 C:\xampp\htdocs\plantonistas2.0\system\View\View.php(210): include('C:\\xampp\\htdocs...')
#6 C:\xampp\htdocs\plantonistas2.0\system\View\View.php(213): CodeIgniter\View\View->CodeIgniter\View\{closure}()
#7 C:\xampp\htdocs\plantonistas2.0\system\Common.php(1089): CodeIgniter\View\View->render('cidades', Array, true)
#8 C:\xampp\htdocs\plantonistas2.0\app\Controllers\Cidades.php(24): view('cidades', Array)
#9 C:\xampp\htdocs\plantonistas2.0\system\CodeIgniter.php(825): App\Controllers\Cidades->index()
#10 C:\xampp\htdocs\plantonistas2.0\system\CodeIgniter.php(412): CodeIgniter\CodeIgniter->runController(Object(App\Controllers\Cidades))
#11 C:\xampp\htdocs\plantonistas2.0\system\CodeIgniter.php(320): CodeIgniter\CodeIgniter->handleRequest(NULL, Object(Config\Cache), false)
#12 C:\xampp\htdocs\plantonistas2.0\index.php(37): CodeIgniter\CodeIgniter->run()
#13 {main}
CRITICAL - 2022-02-07 05:44:47 --> Undefined variable $msgLogin
#0 C:\xampp\htdocs\plantonistas2.0\app\Views\footer.php(34): CodeIgniter\Debug\Exceptions->errorHandler(2, 'Undefined varia...', 'C:\\xampp\\htdocs...', 34)
#1 C:\xampp\htdocs\plantonistas2.0\system\View\View.php(210): include('C:\\xampp\\htdocs...')
#2 C:\xampp\htdocs\plantonistas2.0\system\View\View.php(213): CodeIgniter\View\View->CodeIgniter\View\{closure}()
#3 C:\xampp\htdocs\plantonistas2.0\system\View\View.php(424): CodeIgniter\View\View->render('footer', NULL, true)
#4 C:\xampp\htdocs\plantonistas2.0\app\Views\cidades.php(69): CodeIgniter\View\View->include('footer')
#5 C:\xampp\htdocs\plantonistas2.0\system\View\View.php(210): include('C:\\xampp\\htdocs...')
#6 C:\xampp\htdocs\plantonistas2.0\system\View\View.php(213): CodeIgniter\View\View->CodeIgniter\View\{closure}()
#7 C:\xampp\htdocs\plantonistas2.0\system\Common.php(1089): CodeIgniter\View\View->render('cidades', Array, true)
#8 C:\xampp\htdocs\plantonistas2.0\app\Controllers\Cidades.php(24): view('cidades', Array)
#9 C:\xampp\htdocs\plantonistas2.0\system\CodeIgniter.php(825): App\Controllers\Cidades->index()
#10 C:\xampp\htdocs\plantonistas2.0\system\CodeIgniter.php(412): CodeIgniter\CodeIgniter->runController(Object(App\Controllers\Cidades))
#11 C:\xampp\htdocs\plantonistas2.0\system\CodeIgniter.php(320): CodeIgniter\CodeIgniter->handleRequest(NULL, Object(Config\Cache), false)
#12 C:\xampp\htdocs\plantonistas2.0\index.php(37): CodeIgniter\CodeIgniter->run()
#13 {main}
CRITICAL - 2022-02-07 05:46:09 --> Undefined variable $msgLogin
#0 C:\xampp\htdocs\plantonistas2.0\app\Views\footer.php(34): CodeIgniter\Debug\Exceptions->errorHandler(2, 'Undefined varia...', 'C:\\xampp\\htdocs...', 34)
#1 C:\xampp\htdocs\plantonistas2.0\system\View\View.php(210): include('C:\\xampp\\htdocs...')
#2 C:\xampp\htdocs\plantonistas2.0\system\View\View.php(213): CodeIgniter\View\View->CodeIgniter\View\{closure}()
#3 C:\xampp\htdocs\plantonistas2.0\system\View\View.php(424): CodeIgniter\View\View->render('footer', NULL, true)
#4 C:\xampp\htdocs\plantonistas2.0\app\Views\cidades.php(69): CodeIgniter\View\View->include('footer')
#5 C:\xampp\htdocs\plantonistas2.0\system\View\View.php(210): include('C:\\xampp\\htdocs...')
#6 C:\xampp\htdocs\plantonistas2.0\system\View\View.php(213): CodeIgniter\View\View->CodeIgniter\View\{closure}()
#7 C:\xampp\htdocs\plantonistas2.0\system\Common.php(1089): CodeIgniter\View\View->render('cidades', Array, true)
#8 C:\xampp\htdocs\plantonistas2.0\app\Controllers\Cidades.php(24): view('cidades', Array)
#9 C:\xampp\htdocs\plantonistas2.0\system\CodeIgniter.php(825): App\Controllers\Cidades->index()
#10 C:\xampp\htdocs\plantonistas2.0\system\CodeIgniter.php(412): CodeIgniter\CodeIgniter->runController(Object(App\Controllers\Cidades))
#11 C:\xampp\htdocs\plantonistas2.0\system\CodeIgniter.php(320): CodeIgniter\CodeIgniter->handleRequest(NULL, Object(Config\Cache), false)
#12 C:\xampp\htdocs\plantonistas2.0\index.php(37): CodeIgniter\CodeIgniter->run()
#13 {main}
CRITICAL - 2022-02-07 05:46:28 --> Undefined variable $msgLogin
#0 C:\xampp\htdocs\plantonistas2.0\app\Views\footer.php(34): CodeIgniter\Debug\Exceptions->errorHandler(2, 'Undefined varia...', 'C:\\xampp\\htdocs...', 34)
#1 C:\xampp\htdocs\plantonistas2.0\system\View\View.php(210): include('C:\\xampp\\htdocs...')
#2 C:\xampp\htdocs\plantonistas2.0\system\View\View.php(213): CodeIgniter\View\View->CodeIgniter\View\{closure}()
#3 C:\xampp\htdocs\plantonistas2.0\system\View\View.php(424): CodeIgniter\View\View->render('footer', NULL, true)
#4 C:\xampp\htdocs\plantonistas2.0\app\Views\cidades.php(69): CodeIgniter\View\View->include('footer')
#5 C:\xampp\htdocs\plantonistas2.0\system\View\View.php(210): include('C:\\xampp\\htdocs...')
#6 C:\xampp\htdocs\plantonistas2.0\system\View\View.php(213): CodeIgniter\View\View->CodeIgniter\View\{closure}()
#7 C:\xampp\htdocs\plantonistas2.0\system\Common.php(1089): CodeIgniter\View\View->render('cidades', Array, true)
#8 C:\xampp\htdocs\plantonistas2.0\app\Controllers\Cidades.php(24): view('cidades', Array)
#9 C:\xampp\htdocs\plantonistas2.0\system\CodeIgniter.php(825): App\Controllers\Cidades->index()
#10 C:\xampp\htdocs\plantonistas2.0\system\CodeIgniter.php(412): CodeIgniter\CodeIgniter->runController(Object(App\Controllers\Cidades))
#11 C:\xampp\htdocs\plantonistas2.0\system\CodeIgniter.php(320): CodeIgniter\CodeIgniter->handleRequest(NULL, Object(Config\Cache), false)
#12 C:\xampp\htdocs\plantonistas2.0\index.php(37): CodeIgniter\CodeIgniter->run()
#13 {main}
CRITICAL - 2022-02-07 05:47:11 --> Undefined variable $msgLogin
#0 C:\xampp\htdocs\plantonistas2.0\app\Views\footer.php(34): CodeIgniter\Debug\Exceptions->errorHandler(2, 'Undefined varia...', 'C:\\xampp\\htdocs...', 34)
#1 C:\xampp\htdocs\plantonistas2.0\system\View\View.php(210): include('C:\\xampp\\htdocs...')
#2 C:\xampp\htdocs\plantonistas2.0\system\View\View.php(213): CodeIgniter\View\View->CodeIgniter\View\{closure}()
#3 C:\xampp\htdocs\plantonistas2.0\system\View\View.php(424): CodeIgniter\View\View->render('footer', NULL, true)
#4 C:\xampp\htdocs\plantonistas2.0\app\Views\cidades.php(69): CodeIgniter\View\View->include('footer')
#5 C:\xampp\htdocs\plantonistas2.0\system\View\View.php(210): include('C:\\xampp\\htdocs...')
#6 C:\xampp\htdocs\plantonistas2.0\system\View\View.php(213): CodeIgniter\View\View->CodeIgniter\View\{closure}()
#7 C:\xampp\htdocs\plantonistas2.0\system\Common.php(1089): CodeIgniter\View\View->render('cidades', Array, true)
#8 C:\xampp\htdocs\plantonistas2.0\app\Controllers\Cidades.php(24): view('cidades', Array)
#9 C:\xampp\htdocs\plantonistas2.0\system\CodeIgniter.php(825): App\Controllers\Cidades->index()
#10 C:\xampp\htdocs\plantonistas2.0\system\CodeIgniter.php(412): CodeIgniter\CodeIgniter->runController(Object(App\Controllers\Cidades))
#11 C:\xampp\htdocs\plantonistas2.0\system\CodeIgniter.php(320): CodeIgniter\CodeIgniter->handleRequest(NULL, Object(Config\Cache), false)
#12 C:\xampp\htdocs\plantonistas2.0\index.php(37): CodeIgniter\CodeIgniter->run()
#13 {main}
CRITICAL - 2022-02-07 05:47:35 --> Undefined variable $msgLogin
#0 C:\xampp\htdocs\plantonistas2.0\app\Views\footer.php(34): CodeIgniter\Debug\Exceptions->errorHandler(2, 'Undefined varia...', 'C:\\xampp\\htdocs...', 34)
#1 C:\xampp\htdocs\plantonistas2.0\system\View\View.php(210): include('C:\\xampp\\htdocs...')
#2 C:\xampp\htdocs\plantonistas2.0\system\View\View.php(213): CodeIgniter\View\View->CodeIgniter\View\{closure}()
#3 C:\xampp\htdocs\plantonistas2.0\system\View\View.php(424): CodeIgniter\View\View->render('footer', NULL, true)
#4 C:\xampp\htdocs\plantonistas2.0\app\Views\cidades.php(69): CodeIgniter\View\View->include('footer')
#5 C:\xampp\htdocs\plantonistas2.0\system\View\View.php(210): include('C:\\xampp\\htdocs...')
#6 C:\xampp\htdocs\plantonistas2.0\system\View\View.php(213): CodeIgniter\View\View->CodeIgniter\View\{closure}()
#7 C:\xampp\htdocs\plantonistas2.0\system\Common.php(1089): CodeIgniter\View\View->render('cidades', Array, true)
#8 C:\xampp\htdocs\plantonistas2.0\app\Controllers\Cidades.php(24): view('cidades', Array)
#9 C:\xampp\htdocs\plantonistas2.0\system\CodeIgniter.php(825): App\Controllers\Cidades->index()
#10 C:\xampp\htdocs\plantonistas2.0\system\CodeIgniter.php(412): CodeIgniter\CodeIgniter->runController(Object(App\Controllers\Cidades))
#11 C:\xampp\htdocs\plantonistas2.0\system\CodeIgniter.php(320): CodeIgniter\CodeIgniter->handleRequest(NULL, Object(Config\Cache), false)
#12 C:\xampp\htdocs\plantonistas2.0\index.php(37): CodeIgniter\CodeIgniter->run()
#13 {main}
CRITICAL - 2022-02-07 05:48:41 --> Undefined variable $msgLogin
#0 C:\xampp\htdocs\plantonistas2.0\app\Views\footer.php(34): CodeIgniter\Debug\Exceptions->errorHandler(2, 'Undefined varia...', 'C:\\xampp\\htdocs...', 34)
#1 C:\xampp\htdocs\plantonistas2.0\system\View\View.php(210): include('C:\\xampp\\htdocs...')
#2 C:\xampp\htdocs\plantonistas2.0\system\View\View.php(213): CodeIgniter\View\View->CodeIgniter\View\{closure}()
#3 C:\xampp\htdocs\plantonistas2.0\system\View\View.php(424): CodeIgniter\View\View->render('footer', NULL, true)
#4 C:\xampp\htdocs\plantonistas2.0\app\Views\cidades.php(69): CodeIgniter\View\View->include('footer')
#5 C:\xampp\htdocs\plantonistas2.0\system\View\View.php(210): include('C:\\xampp\\htdocs...')
#6 C:\xampp\htdocs\plantonistas2.0\system\View\View.php(213): CodeIgniter\View\View->CodeIgniter\View\{closure}()
#7 C:\xampp\htdocs\plantonistas2.0\system\Common.php(1089): CodeIgniter\View\View->render('cidades', Array, true)
#8 C:\xampp\htdocs\plantonistas2.0\app\Controllers\Cidades.php(24): view('cidades', Array)
#9 C:\xampp\htdocs\plantonistas2.0\system\CodeIgniter.php(825): App\Controllers\Cidades->index()
#10 C:\xampp\htdocs\plantonistas2.0\system\CodeIgniter.php(412): CodeIgniter\CodeIgniter->runController(Object(App\Controllers\Cidades))
#11 C:\xampp\htdocs\plantonistas2.0\system\CodeIgniter.php(320): CodeIgniter\CodeIgniter->handleRequest(NULL, Object(Config\Cache), false)
#12 C:\xampp\htdocs\plantonistas2.0\index.php(37): CodeIgniter\CodeIgniter->run()
#13 {main}
CRITICAL - 2022-02-07 05:49:51 --> Undefined variable $msgLogin
#0 C:\xampp\htdocs\plantonistas2.0\app\Views\footer.php(34): CodeIgniter\Debug\Exceptions->errorHandler(2, 'Undefined varia...', 'C:\\xampp\\htdocs...', 34)
#1 C:\xampp\htdocs\plantonistas2.0\system\View\View.php(210): include('C:\\xampp\\htdocs...')
#2 C:\xampp\htdocs\plantonistas2.0\system\View\View.php(213): CodeIgniter\View\View->CodeIgniter\View\{closure}()
#3 C:\xampp\htdocs\plantonistas2.0\system\View\View.php(424): CodeIgniter\View\View->render('footer', NULL, true)
#4 C:\xampp\htdocs\plantonistas2.0\app\Views\cidades.php(69): CodeIgniter\View\View->include('footer')
#5 C:\xampp\htdocs\plantonistas2.0\system\View\View.php(210): include('C:\\xampp\\htdocs...')
#6 C:\xampp\htdocs\plantonistas2.0\system\View\View.php(213): CodeIgniter\View\View->CodeIgniter\View\{closure}()
#7 C:\xampp\htdocs\plantonistas2.0\system\Common.php(1089): CodeIgniter\View\View->render('cidades', Array, true)
#8 C:\xampp\htdocs\plantonistas2.0\app\Controllers\Cidades.php(24): view('cidades', Array)
#9 C:\xampp\htdocs\plantonistas2.0\system\CodeIgniter.php(825): App\Controllers\Cidades->index()
#10 C:\xampp\htdocs\plantonistas2.0\system\CodeIgniter.php(412): CodeIgniter\CodeIgniter->runController(Object(App\Controllers\Cidades))
#11 C:\xampp\htdocs\plantonistas2.0\system\CodeIgniter.php(320): CodeIgniter\CodeIgniter->handleRequest(NULL, Object(Config\Cache), false)
#12 C:\xampp\htdocs\plantonistas2.0\index.php(37): CodeIgniter\CodeIgniter->run()
#13 {main}
CRITICAL - 2022-02-07 05:49:53 --> Undefined variable $msgLogin
#0 C:\xampp\htdocs\plantonistas2.0\app\Views\footer.php(34): CodeIgniter\Debug\Exceptions->errorHandler(2, 'Undefined varia...', 'C:\\xampp\\htdocs...', 34)
#1 C:\xampp\htdocs\plantonistas2.0\system\View\View.php(210): include('C:\\xampp\\htdocs...')
#2 C:\xampp\htdocs\plantonistas2.0\system\View\View.php(213): CodeIgniter\View\View->CodeIgniter\View\{closure}()
#3 C:\xampp\htdocs\plantonistas2.0\system\View\View.php(424): CodeIgniter\View\View->render('footer', NULL, true)
#4 C:\xampp\htdocs\plantonistas2.0\app\Views\plantoes.php(75): CodeIgniter\View\View->include('footer')
#5 C:\xampp\htdocs\plantonistas2.0\system\View\View.php(210): include('C:\\xampp\\htdocs...')
#6 C:\xampp\htdocs\plantonistas2.0\system\View\View.php(213): CodeIgniter\View\View->CodeIgniter\View\{closure}()
#7 C:\xampp\htdocs\plantonistas2.0\system\Common.php(1089): CodeIgniter\View\View->render('plantoes', Array, true)
#8 C:\xampp\htdocs\plantonistas2.0\app\Controllers\Plantoes.php(37): view('plantoes', Array)
#9 C:\xampp\htdocs\plantonistas2.0\system\CodeIgniter.php(825): App\Controllers\Plantoes->index()
#10 C:\xampp\htdocs\plantonistas2.0\system\CodeIgniter.php(412): CodeIgniter\CodeIgniter->runController(Object(App\Controllers\Plantoes))
#11 C:\xampp\htdocs\plantonistas2.0\system\CodeIgniter.php(320): CodeIgniter\CodeIgniter->handleRequest(NULL, Object(Config\Cache), false)
#12 C:\xampp\htdocs\plantonistas2.0\index.php(37): CodeIgniter\CodeIgniter->run()
#13 {main}
CRITICAL - 2022-02-07 05:49:54 --> Undefined variable $msgLogin
#0 C:\xampp\htdocs\plantonistas2.0\app\Views\footer.php(34): CodeIgniter\Debug\Exceptions->errorHandler(2, 'Undefined varia...', 'C:\\xampp\\htdocs...', 34)
#1 C:\xampp\htdocs\plantonistas2.0\system\View\View.php(210): include('C:\\xampp\\htdocs...')
#2 C:\xampp\htdocs\plantonistas2.0\system\View\View.php(213): CodeIgniter\View\View->CodeIgniter\View\{closure}()
#3 C:\xampp\htdocs\plantonistas2.0\system\View\View.php(424): CodeIgniter\View\View->render('footer', NULL, true)
#4 C:\xampp\htdocs\plantonistas2.0\app\Views\plantonistas.php(69): CodeIgniter\View\View->include('footer')
#5 C:\xampp\htdocs\plantonistas2.0\system\View\View.php(210): include('C:\\xampp\\htdocs...')
#6 C:\xampp\htdocs\plantonistas2.0\system\View\View.php(213): CodeIgniter\View\View->CodeIgniter\View\{closure}()
#7 C:\xampp\htdocs\plantonistas2.0\system\Common.php(1089): CodeIgniter\View\View->render('plantonistas', Array, true)
#8 C:\xampp\htdocs\plantonistas2.0\app\Controllers\Plantonistas.php(22): view('plantonistas', Array)
#9 C:\xampp\htdocs\plantonistas2.0\system\CodeIgniter.php(825): App\Controllers\Plantonistas->index()
#10 C:\xampp\htdocs\plantonistas2.0\system\CodeIgniter.php(412): CodeIgniter\CodeIgniter->runController(Object(App\Controllers\Plantonistas))
#11 C:\xampp\htdocs\plantonistas2.0\system\CodeIgniter.php(320): CodeIgniter\CodeIgniter->handleRequest(NULL, Object(Config\Cache), false)
#12 C:\xampp\htdocs\plantonistas2.0\index.php(37): CodeIgniter\CodeIgniter->run()
#13 {main}
CRITICAL - 2022-02-07 05:49:54 --> Undefined variable $msgLogin
#0 C:\xampp\htdocs\plantonistas2.0\app\Views\footer.php(34): CodeIgniter\Debug\Exceptions->errorHandler(2, 'Undefined varia...', 'C:\\xampp\\htdocs...', 34)
#1 C:\xampp\htdocs\plantonistas2.0\system\View\View.php(210): include('C:\\xampp\\htdocs...')
#2 C:\xampp\htdocs\plantonistas2.0\system\View\View.php(213): CodeIgniter\View\View->CodeIgniter\View\{closure}()
#3 C:\xampp\htdocs\plantonistas2.0\system\View\View.php(424): CodeIgniter\View\View->render('footer', NULL, true)
#4 C:\xampp\htdocs\plantonistas2.0\app\Views\regioes.php(63): CodeIgniter\View\View->include('footer')
#5 C:\xampp\htdocs\plantonistas2.0\system\View\View.php(210): include('C:\\xampp\\htdocs...')
#6 C:\xampp\htdocs\plantonistas2.0\system\View\View.php(213): CodeIgniter\View\View->CodeIgniter\View\{closure}()
#7 C:\xampp\htdocs\plantonistas2.0\system\Common.php(1089): CodeIgniter\View\View->render('regioes', Array, true)
#8 C:\xampp\htdocs\plantonistas2.0\app\Controllers\Regioes.php(21): view('regioes', Array)
#9 C:\xampp\htdocs\plantonistas2.0\system\CodeIgniter.php(825): App\Controllers\Regioes->index()
#10 C:\xampp\htdocs\plantonistas2.0\system\CodeIgniter.php(412): CodeIgniter\CodeIgniter->runController(Object(App\Controllers\Regioes))
#11 C:\xampp\htdocs\plantonistas2.0\system\CodeIgniter.php(320): CodeIgniter\CodeIgniter->handleRequest(NULL, Object(Config\Cache), false)
#12 C:\xampp\htdocs\plantonistas2.0\index.php(37): CodeIgniter\CodeIgniter->run()
#13 {main}
CRITICAL - 2022-02-07 05:49:54 --> Undefined variable $msgLogin
#0 C:\xampp\htdocs\plantonistas2.0\app\Views\footer.php(34): CodeIgniter\Debug\Exceptions->errorHandler(2, 'Undefined varia...', 'C:\\xampp\\htdocs...', 34)
#1 C:\xampp\htdocs\plantonistas2.0\system\View\View.php(210): include('C:\\xampp\\htdocs...')
#2 C:\xampp\htdocs\plantonistas2.0\system\View\View.php(213): CodeIgniter\View\View->CodeIgniter\View\{closure}()
#3 C:\xampp\htdocs\plantonistas2.0\system\View\View.php(424): CodeIgniter\View\View->render('footer', NULL, true)
#4 C:\xampp\htdocs\plantonistas2.0\app\Views\cidades.php(69): CodeIgniter\View\View->include('footer')
#5 C:\xampp\htdocs\plantonistas2.0\system\View\View.php(210): include('C:\\xampp\\htdocs...')
#6 C:\xampp\htdocs\plantonistas2.0\system\View\View.php(213): CodeIgniter\View\View->CodeIgniter\View\{closure}()
#7 C:\xampp\htdocs\plantonistas2.0\system\Common.php(1089): CodeIgniter\View\View->render('cidades', Array, true)
#8 C:\xampp\htdocs\plantonistas2.0\app\Controllers\Cidades.php(24): view('cidades', Array)
#9 C:\xampp\htdocs\plantonistas2.0\system\CodeIgniter.php(825): App\Controllers\Cidades->index()
#10 C:\xampp\htdocs\plantonistas2.0\system\CodeIgniter.php(412): CodeIgniter\CodeIgniter->runController(Object(App\Controllers\Cidades))
#11 C:\xampp\htdocs\plantonistas2.0\system\CodeIgniter.php(320): CodeIgniter\CodeIgniter->handleRequest(NULL, Object(Config\Cache), false)
#12 C:\xampp\htdocs\plantonistas2.0\index.php(37): CodeIgniter\CodeIgniter->run()
#13 {main}
CRITICAL - 2022-02-07 05:50:15 --> Undefined variable $msgLogin
#0 C:\xampp\htdocs\plantonistas2.0\app\Views\footer.php(34): CodeIgniter\Debug\Exceptions->errorHandler(2, 'Undefined varia...', 'C:\\xampp\\htdocs...', 34)
#1 C:\xampp\htdocs\plantonistas2.0\system\View\View.php(210): include('C:\\xampp\\htdocs...')
#2 C:\xampp\htdocs\plantonistas2.0\system\View\View.php(213): CodeIgniter\View\View->CodeIgniter\View\{closure}()
#3 C:\xampp\htdocs\plantonistas2.0\system\View\View.php(424): CodeIgniter\View\View->render('footer', NULL, true)
#4 C:\xampp\htdocs\plantonistas2.0\app\Views\cidades.php(69): CodeIgniter\View\View->include('footer')
#5 C:\xampp\htdocs\plantonistas2.0\system\View\View.php(210): include('C:\\xampp\\htdocs...')
#6 C:\xampp\htdocs\plantonistas2.0\system\View\View.php(213): CodeIgniter\View\View->CodeIgniter\View\{closure}()
#7 C:\xampp\htdocs\plantonistas2.0\system\Common.php(1089): CodeIgniter\View\View->render('cidades', Array, true)
#8 C:\xampp\htdocs\plantonistas2.0\app\Controllers\Cidades.php(24): view('cidades', Array)
#9 C:\xampp\htdocs\plantonistas2.0\system\CodeIgniter.php(825): App\Controllers\Cidades->index()
#10 C:\xampp\htdocs\plantonistas2.0\system\CodeIgniter.php(412): CodeIgniter\CodeIgniter->runController(Object(App\Controllers\Cidades))
#11 C:\xampp\htdocs\plantonistas2.0\system\CodeIgniter.php(320): CodeIgniter\CodeIgniter->handleRequest(NULL, Object(Config\Cache), false)
#12 C:\xampp\htdocs\plantonistas2.0\index.php(37): CodeIgniter\CodeIgniter->run()
#13 {main}
CRITICAL - 2022-02-07 06:33:54 --> Undefined variable $msgLogin
#0 C:\xampp\htdocs\plantonistas2.0\app\Views\footer.php(34): CodeIgniter\Debug\Exceptions->errorHandler(2, 'Undefined varia...', 'C:\\xampp\\htdocs...', 34)
#1 C:\xampp\htdocs\plantonistas2.0\system\View\View.php(210): include('C:\\xampp\\htdocs...')
#2 C:\xampp\htdocs\plantonistas2.0\system\View\View.php(213): CodeIgniter\View\View->CodeIgniter\View\{closure}()
#3 C:\xampp\htdocs\plantonistas2.0\system\View\View.php(424): CodeIgniter\View\View->render('footer', NULL, true)
#4 C:\xampp\htdocs\plantonistas2.0\app\Views\cidades.php(69): CodeIgniter\View\View->include('footer')
#5 C:\xampp\htdocs\plantonistas2.0\system\View\View.php(210): include('C:\\xampp\\htdocs...')
#6 C:\xampp\htdocs\plantonistas2.0\system\View\View.php(213): CodeIgniter\View\View->CodeIgniter\View\{closure}()
#7 C:\xampp\htdocs\plantonistas2.0\system\Common.php(1089): CodeIgniter\View\View->render('cidades', Array, true)
#8 C:\xampp\htdocs\plantonistas2.0\app\Controllers\Cidades.php(24): view('cidades', Array)
#9 C:\xampp\htdocs\plantonistas2.0\system\CodeIgniter.php(825): App\Controllers\Cidades->index()
#10 C:\xampp\htdocs\plantonistas2.0\system\CodeIgniter.php(412): CodeIgniter\CodeIgniter->runController(Object(App\Controllers\Cidades))
#11 C:\xampp\htdocs\plantonistas2.0\system\CodeIgniter.php(320): CodeIgniter\CodeIgniter->handleRequest(NULL, Object(Config\Cache), false)
#12 C:\xampp\htdocs\plantonistas2.0\index.php(37): CodeIgniter\CodeIgniter->run()
#13 {main}
CRITICAL - 2022-02-07 06:34:38 --> Undefined variable $msgLogin
#0 C:\xampp\htdocs\plantonistas2.0\app\Views\footer.php(34): CodeIgniter\Debug\Exceptions->errorHandler(2, 'Undefined varia...', 'C:\\xampp\\htdocs...', 34)
#1 C:\xampp\htdocs\plantonistas2.0\system\View\View.php(210): include('C:\\xampp\\htdocs...')
#2 C:\xampp\htdocs\plantonistas2.0\system\View\View.php(213): CodeIgniter\View\View->CodeIgniter\View\{closure}()
#3 C:\xampp\htdocs\plantonistas2.0\system\View\View.php(424): CodeIgniter\View\View->render('footer', NULL, true)
#4 C:\xampp\htdocs\plantonistas2.0\app\Views\cidades.php(69): CodeIgniter\View\View->include('footer')
#5 C:\xampp\htdocs\plantonistas2.0\system\View\View.php(210): include('C:\\xampp\\htdocs...')
#6 C:\xampp\htdocs\plantonistas2.0\system\View\View.php(213): CodeIgniter\View\View->CodeIgniter\View\{closure}()
#7 C:\xampp\htdocs\plantonistas2.0\system\Common.php(1089): CodeIgniter\View\View->render('cidades', Array, true)
#8 C:\xampp\htdocs\plantonistas2.0\app\Controllers\Cidades.php(24): view('cidades', Array)
#9 C:\xampp\htdocs\plantonistas2.0\system\CodeIgniter.php(825): App\Controllers\Cidades->index()
#10 C:\xampp\htdocs\plantonistas2.0\system\CodeIgniter.php(412): CodeIgniter\CodeIgniter->runController(Object(App\Controllers\Cidades))
#11 C:\xampp\htdocs\plantonistas2.0\system\CodeIgniter.php(320): CodeIgniter\CodeIgniter->handleRequest(NULL, Object(Config\Cache), false)
#12 C:\xampp\htdocs\plantonistas2.0\index.php(37): CodeIgniter\CodeIgniter->run()
#13 {main}
CRITICAL - 2022-02-07 06:38:34 --> Undefined variable $msgLogin
#0 C:\xampp\htdocs\plantonistas2.0\app\Views\footer.php(37): CodeIgniter\Debug\Exceptions->errorHandler(2, 'Undefined varia...', 'C:\\xampp\\htdocs...', 37)
#1 C:\xampp\htdocs\plantonistas2.0\system\View\View.php(210): include('C:\\xampp\\htdocs...')
#2 C:\xampp\htdocs\plantonistas2.0\system\View\View.php(213): CodeIgniter\View\View->CodeIgniter\View\{closure}()
#3 C:\xampp\htdocs\plantonistas2.0\system\View\View.php(424): CodeIgniter\View\View->render('footer', NULL, true)
#4 C:\xampp\htdocs\plantonistas2.0\app\Views\regioes.php(63): CodeIgniter\View\View->include('footer')
#5 C:\xampp\htdocs\plantonistas2.0\system\View\View.php(210): include('C:\\xampp\\htdocs...')
#6 C:\xampp\htdocs\plantonistas2.0\system\View\View.php(213): CodeIgniter\View\View->CodeIgniter\View\{closure}()
#7 C:\xampp\htdocs\plantonistas2.0\system\Common.php(1089): CodeIgniter\View\View->render('regioes', Array, true)
#8 C:\xampp\htdocs\plantonistas2.0\app\Controllers\Regioes.php(21): view('regioes', Array)
#9 C:\xampp\htdocs\plantonistas2.0\system\CodeIgniter.php(825): App\Controllers\Regioes->index()
#10 C:\xampp\htdocs\plantonistas2.0\system\CodeIgniter.php(412): CodeIgniter\CodeIgniter->runController(Object(App\Controllers\Regioes))
#11 C:\xampp\htdocs\plantonistas2.0\system\CodeIgniter.php(320): CodeIgniter\CodeIgniter->handleRequest(NULL, Object(Config\Cache), false)
#12 C:\xampp\htdocs\plantonistas2.0\index.php(37): CodeIgniter\CodeIgniter->run()
#13 {main}
CRITICAL - 2022-02-07 06:38:36 --> Undefined variable $msgLogin
#0 C:\xampp\htdocs\plantonistas2.0\app\Views\footer.php(37): CodeIgniter\Debug\Exceptions->errorHandler(2, 'Undefined varia...', 'C:\\xampp\\htdocs...', 37)
#1 C:\xampp\htdocs\plantonistas2.0\system\View\View.php(210): include('C:\\xampp\\htdocs...')
#2 C:\xampp\htdocs\plantonistas2.0\system\View\View.php(213): CodeIgniter\View\View->CodeIgniter\View\{closure}()
#3 C:\xampp\htdocs\plantonistas2.0\system\View\View.php(424): CodeIgniter\View\View->render('footer', NULL, true)
#4 C:\xampp\htdocs\plantonistas2.0\app\Views\regioes.php(63): CodeIgniter\View\View->include('footer')
#5 C:\xampp\htdocs\plantonistas2.0\system\View\View.php(210): include('C:\\xampp\\htdocs...')
#6 C:\xampp\htdocs\plantonistas2.0\system\View\View.php(213): CodeIgniter\View\View->CodeIgniter\View\{closure}()
#7 C:\xampp\htdocs\plantonistas2.0\system\Common.php(1089): CodeIgniter\View\View->render('regioes', Array, true)
#8 C:\xampp\htdocs\plantonistas2.0\app\Controllers\Regioes.php(21): view('regioes', Array)
#9 C:\xampp\htdocs\plantonistas2.0\system\CodeIgniter.php(825): App\Controllers\Regioes->index()
#10 C:\xampp\htdocs\plantonistas2.0\system\CodeIgniter.php(412): CodeIgniter\CodeIgniter->runController(Object(App\Controllers\Regioes))
#11 C:\xampp\htdocs\plantonistas2.0\system\CodeIgniter.php(320): CodeIgniter\CodeIgniter->handleRequest(NULL, Object(Config\Cache), false)
#12 C:\xampp\htdocs\plantonistas2.0\index.php(37): CodeIgniter\CodeIgniter->run()
#13 {main}
CRITICAL - 2022-02-07 06:38:38 --> Undefined variable $msgLogin
#0 C:\xampp\htdocs\plantonistas2.0\app\Views\footer.php(37): CodeIgniter\Debug\Exceptions->errorHandler(2, 'Undefined varia...', 'C:\\xampp\\htdocs...', 37)
#1 C:\xampp\htdocs\plantonistas2.0\system\View\View.php(210): include('C:\\xampp\\htdocs...')
#2 C:\xampp\htdocs\plantonistas2.0\system\View\View.php(213): CodeIgniter\View\View->CodeIgniter\View\{closure}()
#3 C:\xampp\htdocs\plantonistas2.0\system\View\View.php(424): CodeIgniter\View\View->render('footer', NULL, true)
#4 C:\xampp\htdocs\plantonistas2.0\app\Views\cidades.php(69): CodeIgniter\View\View->include('footer')
#5 C:\xampp\htdocs\plantonistas2.0\system\View\View.php(210): include('C:\\xampp\\htdocs...')
#6 C:\xampp\htdocs\plantonistas2.0\system\View\View.php(213): CodeIgniter\View\View->CodeIgniter\View\{closure}()
#7 C:\xampp\htdocs\plantonistas2.0\system\Common.php(1089): CodeIgniter\View\View->render('cidades', Array, true)
#8 C:\xampp\htdocs\plantonistas2.0\app\Controllers\Cidades.php(24): view('cidades', Array)
#9 C:\xampp\htdocs\plantonistas2.0\system\CodeIgniter.php(825): App\Controllers\Cidades->index()
#10 C:\xampp\htdocs\plantonistas2.0\system\CodeIgniter.php(412): CodeIgniter\CodeIgniter->runController(Object(App\Controllers\Cidades))
#11 C:\xampp\htdocs\plantonistas2.0\system\CodeIgniter.php(320): CodeIgniter\CodeIgniter->handleRequest(NULL, Object(Config\Cache), false)
#12 C:\xampp\htdocs\plantonistas2.0\index.php(37): CodeIgniter\CodeIgniter->run()
#13 {main}
CRITICAL - 2022-02-07 06:39:19 --> Undefined variable $msgLogin
#0 C:\xampp\htdocs\plantonistas2.0\app\Views\footer.php(37): CodeIgniter\Debug\Exceptions->errorHandler(2, 'Undefined varia...', 'C:\\xampp\\htdocs...', 37)
#1 C:\xampp\htdocs\plantonistas2.0\system\View\View.php(210): include('C:\\xampp\\htdocs...')
#2 C:\xampp\htdocs\plantonistas2.0\system\View\View.php(213): CodeIgniter\View\View->CodeIgniter\View\{closure}()
#3 C:\xampp\htdocs\plantonistas2.0\system\View\View.php(424): CodeIgniter\View\View->render('footer', NULL, true)
#4 C:\xampp\htdocs\plantonistas2.0\app\Views\cidades.php(69): CodeIgniter\View\View->include('footer')
#5 C:\xampp\htdocs\plantonistas2.0\system\View\View.php(210): include('C:\\xampp\\htdocs...')
#6 C:\xampp\htdocs\plantonistas2.0\system\View\View.php(213): CodeIgniter\View\View->CodeIgniter\View\{closure}()
#7 C:\xampp\htdocs\plantonistas2.0\system\Common.php(1089): CodeIgniter\View\View->render('cidades', Array, true)
#8 C:\xampp\htdocs\plantonistas2.0\app\Controllers\Cidades.php(24): view('cidades', Array)
#9 C:\xampp\htdocs\plantonistas2.0\system\CodeIgniter.php(825): App\Controllers\Cidades->index()
#10 C:\xampp\htdocs\plantonistas2.0\system\CodeIgniter.php(412): CodeIgniter\CodeIgniter->runController(Object(App\Controllers\Cidades))
#11 C:\xampp\htdocs\plantonistas2.0\system\CodeIgniter.php(320): CodeIgniter\CodeIgniter->handleRequest(NULL, Object(Config\Cache), false)
#12 C:\xampp\htdocs\plantonistas2.0\index.php(37): CodeIgniter\CodeIgniter->run()
#13 {main}
CRITICAL - 2022-02-07 06:39:19 --> Undefined variable $msgLogin
#0 C:\xampp\htdocs\plantonistas2.0\app\Views\footer.php(37): CodeIgniter\Debug\Exceptions->errorHandler(2, 'Undefined varia...', 'C:\\xampp\\htdocs...', 37)
#1 C:\xampp\htdocs\plantonistas2.0\system\View\View.php(210): include('C:\\xampp\\htdocs...')
#2 C:\xampp\htdocs\plantonistas2.0\system\View\View.php(213): CodeIgniter\View\View->CodeIgniter\View\{closure}()
#3 C:\xampp\htdocs\plantonistas2.0\system\View\View.php(424): CodeIgniter\View\View->render('footer', NULL, true)
#4 C:\xampp\htdocs\plantonistas2.0\app\Views\cidades.php(69): CodeIgniter\View\View->include('footer')
#5 C:\xampp\htdocs\plantonistas2.0\system\View\View.php(210): include('C:\\xampp\\htdocs...')
#6 C:\xampp\htdocs\plantonistas2.0\system\View\View.php(213): CodeIgniter\View\View->CodeIgniter\View\{closure}()
#7 C:\xampp\htdocs\plantonistas2.0\system\Common.php(1089): CodeIgniter\View\View->render('cidades', Array, true)
#8 C:\xampp\htdocs\plantonistas2.0\app\Controllers\Cidades.php(24): view('cidades', Array)
#9 C:\xampp\htdocs\plantonistas2.0\system\CodeIgniter.php(825): App\Controllers\Cidades->index()
#10 C:\xampp\htdocs\plantonistas2.0\system\CodeIgniter.php(412): CodeIgniter\CodeIgniter->runController(Object(App\Controllers\Cidades))
#11 C:\xampp\htdocs\plantonistas2.0\system\CodeIgniter.php(320): CodeIgniter\CodeIgniter->handleRequest(NULL, Object(Config\Cache), false)
#12 C:\xampp\htdocs\plantonistas2.0\index.php(37): CodeIgniter\CodeIgniter->run()
#13 {main}
CRITICAL - 2022-02-07 06:39:20 --> Undefined variable $msgLogin
#0 C:\xampp\htdocs\plantonistas2.0\app\Views\footer.php(37): CodeIgniter\Debug\Exceptions->errorHandler(2, 'Undefined varia...', 'C:\\xampp\\htdocs...', 37)
#1 C:\xampp\htdocs\plantonistas2.0\system\View\View.php(210): include('C:\\xampp\\htdocs...')
#2 C:\xampp\htdocs\plantonistas2.0\system\View\View.php(213): CodeIgniter\View\View->CodeIgniter\View\{closure}()
#3 C:\xampp\htdocs\plantonistas2.0\system\View\View.php(424): CodeIgniter\View\View->render('footer', NULL, true)
#4 C:\xampp\htdocs\plantonistas2.0\app\Views\cidades.php(69): CodeIgniter\View\View->include('footer')
#5 C:\xampp\htdocs\plantonistas2.0\system\View\View.php(210): include('C:\\xampp\\htdocs...')
#6 C:\xampp\htdocs\plantonistas2.0\system\View\View.php(213): CodeIgniter\View\View->CodeIgniter\View\{closure}()
#7 C:\xampp\htdocs\plantonistas2.0\system\Common.php(1089): CodeIgniter\View\View->render('cidades', Array, true)
#8 C:\xampp\htdocs\plantonistas2.0\app\Controllers\Cidades.php(24): view('cidades', Array)
#9 C:\xampp\htdocs\plantonistas2.0\system\CodeIgniter.php(825): App\Controllers\Cidades->index()
#10 C:\xampp\htdocs\plantonistas2.0\system\CodeIgniter.php(412): CodeIgniter\CodeIgniter->runController(Object(App\Controllers\Cidades))
#11 C:\xampp\htdocs\plantonistas2.0\system\CodeIgniter.php(320): CodeIgniter\CodeIgniter->handleRequest(NULL, Object(Config\Cache), false)
#12 C:\xampp\htdocs\plantonistas2.0\index.php(37): CodeIgniter\CodeIgniter->run()
#13 {main}
CRITICAL - 2022-02-07 06:39:20 --> Undefined variable $msgLogin
#0 C:\xampp\htdocs\plantonistas2.0\app\Views\footer.php(37): CodeIgniter\Debug\Exceptions->errorHandler(2, 'Undefined varia...', 'C:\\xampp\\htdocs...', 37)
#1 C:\xampp\htdocs\plantonistas2.0\system\View\View.php(210): include('C:\\xampp\\htdocs...')
#2 C:\xampp\htdocs\plantonistas2.0\system\View\View.php(213): CodeIgniter\View\View->CodeIgniter\View\{closure}()
#3 C:\xampp\htdocs\plantonistas2.0\system\View\View.php(424): CodeIgniter\View\View->render('footer', NULL, true)
#4 C:\xampp\htdocs\plantonistas2.0\app\Views\cidades.php(69): CodeIgniter\View\View->include('footer')
#5 C:\xampp\htdocs\plantonistas2.0\system\View\View.php(210): include('C:\\xampp\\htdocs...')
#6 C:\xampp\htdocs\plantonistas2.0\system\View\View.php(213): CodeIgniter\View\View->CodeIgniter\View\{closure}()
#7 C:\xampp\htdocs\plantonistas2.0\system\Common.php(1089): CodeIgniter\View\View->render('cidades', Array, true)
#8 C:\xampp\htdocs\plantonistas2.0\app\Controllers\Cidades.php(24): view('cidades', Array)
#9 C:\xampp\htdocs\plantonistas2.0\system\CodeIgniter.php(825): App\Controllers\Cidades->index()
#10 C:\xampp\htdocs\plantonistas2.0\system\CodeIgniter.php(412): CodeIgniter\CodeIgniter->runController(Object(App\Controllers\Cidades))
#11 C:\xampp\htdocs\plantonistas2.0\system\CodeIgniter.php(320): CodeIgniter\CodeIgniter->handleRequest(NULL, Object(Config\Cache), false)
#12 C:\xampp\htdocs\plantonistas2.0\index.php(37): CodeIgniter\CodeIgniter->run()
#13 {main}
CRITICAL - 2022-02-07 06:39:20 --> Undefined variable $msgLogin
#0 C:\xampp\htdocs\plantonistas2.0\app\Views\footer.php(37): CodeIgniter\Debug\Exceptions->errorHandler(2, 'Undefined varia...', 'C:\\xampp\\htdocs...', 37)
#1 C:\xampp\htdocs\plantonistas2.0\system\View\View.php(210): include('C:\\xampp\\htdocs...')
#2 C:\xampp\htdocs\plantonistas2.0\system\View\View.php(213): CodeIgniter\View\View->CodeIgniter\View\{closure}()
#3 C:\xampp\htdocs\plantonistas2.0\system\View\View.php(424): CodeIgniter\View\View->render('footer', NULL, true)
#4 C:\xampp\htdocs\plantonistas2.0\app\Views\cidades.php(69): CodeIgniter\View\View->include('footer')
#5 C:\xampp\htdocs\plantonistas2.0\system\View\View.php(210): include('C:\\xampp\\htdocs...')
#6 C:\xampp\htdocs\plantonistas2.0\system\View\View.php(213): CodeIgniter\View\View->CodeIgniter\View\{closure}()
#7 C:\xampp\htdocs\plantonistas2.0\system\Common.php(1089): CodeIgniter\View\View->render('cidades', Array, true)
#8 C:\xampp\htdocs\plantonistas2.0\app\Controllers\Cidades.php(24): view('cidades', Array)
#9 C:\xampp\htdocs\plantonistas2.0\system\CodeIgniter.php(825): App\Controllers\Cidades->index()
#10 C:\xampp\htdocs\plantonistas2.0\system\CodeIgniter.php(412): CodeIgniter\CodeIgniter->runController(Object(App\Controllers\Cidades))
#11 C:\xampp\htdocs\plantonistas2.0\system\CodeIgniter.php(320): CodeIgniter\CodeIgniter->handleRequest(NULL, Object(Config\Cache), false)
#12 C:\xampp\htdocs\plantonistas2.0\index.php(37): CodeIgniter\CodeIgniter->run()
#13 {main}
CRITICAL - 2022-02-07 06:39:20 --> Undefined variable $msgLogin
#0 C:\xampp\htdocs\plantonistas2.0\app\Views\footer.php(37): CodeIgniter\Debug\Exceptions->errorHandler(2, 'Undefined varia...', 'C:\\xampp\\htdocs...', 37)
#1 C:\xampp\htdocs\plantonistas2.0\system\View\View.php(210): include('C:\\xampp\\htdocs...')
#2 C:\xampp\htdocs\plantonistas2.0\system\View\View.php(213): CodeIgniter\View\View->CodeIgniter\View\{closure}()
#3 C:\xampp\htdocs\plantonistas2.0\system\View\View.php(424): CodeIgniter\View\View->render('footer', NULL, true)
#4 C:\xampp\htdocs\plantonistas2.0\app\Views\cidades.php(69): CodeIgniter\View\View->include('footer')
#5 C:\xampp\htdocs\plantonistas2.0\system\View\View.php(210): include('C:\\xampp\\htdocs...')
#6 C:\xampp\htdocs\plantonistas2.0\system\View\View.php(213): CodeIgniter\View\View->CodeIgniter\View\{closure}()
#7 C:\xampp\htdocs\plantonistas2.0\system\Common.php(1089): CodeIgniter\View\View->render('cidades', Array, true)
#8 C:\xampp\htdocs\plantonistas2.0\app\Controllers\Cidades.php(24): view('cidades', Array)
#9 C:\xampp\htdocs\plantonistas2.0\system\CodeIgniter.php(825): App\Controllers\Cidades->index()
#10 C:\xampp\htdocs\plantonistas2.0\system\CodeIgniter.php(412): CodeIgniter\CodeIgniter->runController(Object(App\Controllers\Cidades))
#11 C:\xampp\htdocs\plantonistas2.0\system\CodeIgniter.php(320): CodeIgniter\CodeIgniter->handleRequest(NULL, Object(Config\Cache), false)
#12 C:\xampp\htdocs\plantonistas2.0\index.php(37): CodeIgniter\CodeIgniter->run()
#13 {main}
CRITICAL - 2022-02-07 06:39:20 --> Undefined variable $msgLogin
#0 C:\xampp\htdocs\plantonistas2.0\app\Views\footer.php(37): CodeIgniter\Debug\Exceptions->errorHandler(2, 'Undefined varia...', 'C:\\xampp\\htdocs...', 37)
#1 C:\xampp\htdocs\plantonistas2.0\system\View\View.php(210): include('C:\\xampp\\htdocs...')
#2 C:\xampp\htdocs\plantonistas2.0\system\View\View.php(213): CodeIgniter\View\View->CodeIgniter\View\{closure}()
#3 C:\xampp\htdocs\plantonistas2.0\system\View\View.php(424): CodeIgniter\View\View->render('footer', NULL, true)
#4 C:\xampp\htdocs\plantonistas2.0\app\Views\cidades.php(69): CodeIgniter\View\View->include('footer')
#5 C:\xampp\htdocs\plantonistas2.0\system\View\View.php(210): include('C:\\xampp\\htdocs...')
#6 C:\xampp\htdocs\plantonistas2.0\system\View\View.php(213): CodeIgniter\View\View->CodeIgniter\View\{closure}()
#7 C:\xampp\htdocs\plantonistas2.0\system\Common.php(1089): CodeIgniter\View\View->render('cidades', Array, true)
#8 C:\xampp\htdocs\plantonistas2.0\app\Controllers\Cidades.php(24): view('cidades', Array)
#9 C:\xampp\htdocs\plantonistas2.0\system\CodeIgniter.php(825): App\Controllers\Cidades->index()
#10 C:\xampp\htdocs\plantonistas2.0\system\CodeIgniter.php(412): CodeIgniter\CodeIgniter->runController(Object(App\Controllers\Cidades))
#11 C:\xampp\htdocs\plantonistas2.0\system\CodeIgniter.php(320): CodeIgniter\CodeIgniter->handleRequest(NULL, Object(Config\Cache), false)
#12 C:\xampp\htdocs\plantonistas2.0\index.php(37): CodeIgniter\CodeIgniter->run()
#13 {main}
CRITICAL - 2022-02-07 06:39:21 --> Undefined variable $msgLogin
#0 C:\xampp\htdocs\plantonistas2.0\app\Views\footer.php(37): CodeIgniter\Debug\Exceptions->errorHandler(2, 'Undefined varia...', 'C:\\xampp\\htdocs...', 37)
#1 C:\xampp\htdocs\plantonistas2.0\system\View\View.php(210): include('C:\\xampp\\htdocs...')
#2 C:\xampp\htdocs\plantonistas2.0\system\View\View.php(213): CodeIgniter\View\View->CodeIgniter\View\{closure}()
#3 C:\xampp\htdocs\plantonistas2.0\system\View\View.php(424): CodeIgniter\View\View->render('footer', NULL, true)
#4 C:\xampp\htdocs\plantonistas2.0\app\Views\cidades.php(69): CodeIgniter\View\View->include('footer')
#5 C:\xampp\htdocs\plantonistas2.0\system\View\View.php(210): include('C:\\xampp\\htdocs...')
#6 C:\xampp\htdocs\plantonistas2.0\system\View\View.php(213): CodeIgniter\View\View->CodeIgniter\View\{closure}()
#7 C:\xampp\htdocs\plantonistas2.0\system\Common.php(1089): CodeIgniter\View\View->render('cidades', Array, true)
#8 C:\xampp\htdocs\plantonistas2.0\app\Controllers\Cidades.php(24): view('cidades', Array)
#9 C:\xampp\htdocs\plantonistas2.0\system\CodeIgniter.php(825): App\Controllers\Cidades->index()
#10 C:\xampp\htdocs\plantonistas2.0\system\CodeIgniter.php(412): CodeIgniter\CodeIgniter->runController(Object(App\Controllers\Cidades))
#11 C:\xampp\htdocs\plantonistas2.0\system\CodeIgniter.php(320): CodeIgniter\CodeIgniter->handleRequest(NULL, Object(Config\Cache), false)
#12 C:\xampp\htdocs\plantonistas2.0\index.php(37): CodeIgniter\CodeIgniter->run()
#13 {main}
ERROR - 2022-02-07 08:24:34 --> Cannot delete or update a parent row: a foreign key constraint fails (`plantao`.`cidades`, CONSTRAINT `cidades_ibfk_1` FOREIGN KEY (`regioes_id`) REFERENCES `regioes` (`id`))
CRITICAL - 2022-02-07 08:24:34 --> Cannot delete or update a parent row: a foreign key constraint fails (`plantao`.`cidades`, CONSTRAINT `cidades_ibfk_1` FOREIGN KEY (`regioes_id`) REFERENCES `regioes` (`id`))
#0 C:\xampp\htdocs\plantonistas2.0\system\Database\MySQLi\Connection.php(292): mysqli->query('DELETE FROM `re...', 0)
#1 C:\xampp\htdocs\plantonistas2.0\system\Database\BaseConnection.php(670): CodeIgniter\Database\MySQLi\Connection->execute('DELETE FROM `re...')
#2 C:\xampp\htdocs\plantonistas2.0\system\Database\BaseConnection.php(598): CodeIgniter\Database\BaseConnection->simpleQuery('DELETE FROM `re...')
#3 C:\xampp\htdocs\plantonistas2.0\system\Database\BaseBuilder.php(2225): CodeIgniter\Database\BaseConnection->query('DELETE FROM `re...', Array, false)
#4 C:\xampp\htdocs\plantonistas2.0\system\Model.php(359): CodeIgniter\Database\BaseBuilder->delete()
#5 C:\xampp\htdocs\plantonistas2.0\system\BaseModel.php(963): CodeIgniter\Model->doDelete(Array, false)
#6 C:\xampp\htdocs\plantonistas2.0\app\Controllers\Regioes.php(71): CodeIgniter\BaseModel->delete(Array)
#7 C:\xampp\htdocs\plantonistas2.0\system\CodeIgniter.php(825): App\Controllers\Regioes->excluir('53')
#8 C:\xampp\htdocs\plantonistas2.0\system\CodeIgniter.php(412): CodeIgniter\CodeIgniter->runController(Object(App\Controllers\Regioes))
#9 C:\xampp\htdocs\plantonistas2.0\system\CodeIgniter.php(320): CodeIgniter\CodeIgniter->handleRequest(NULL, Object(Config\Cache), false)
#10 C:\xampp\htdocs\plantonistas2.0\index.php(37): CodeIgniter\CodeIgniter->run()
#11 {main}
ERROR - 2022-02-07 13:26:44 --> Cannot delete or update a parent row: a foreign key constraint fails (`plantao`.`plantoes`, CONSTRAINT `plantoes_ibfk_3` FOREIGN KEY (`regioes_id`) REFERENCES `regioes` (`id`))
ERROR - 2022-02-07 13:26:51 --> Cannot delete or update a parent row: a foreign key constraint fails (`plantao`.`plantoes`, CONSTRAINT `plantoes_ibfk_2` FOREIGN KEY (`plantonistas_id`) REFERENCES `plantonistas` (`id`))
ERROR - 2022-02-07 14:01:27 --> Cannot delete or update a parent row: a foreign key constraint fails (`plantao`.`plantoes`, CONSTRAINT `plantoes_ibfk_2` FOREIGN KEY (`plantonistas_id`) REFERENCES `plantonistas` (`id`))
