CRITICAL - 2022-02-03 05:26:38 --> Array to string conversion
#0 C:\xampp\htdocs\plantonistas2.0\app\Views\home.php(13): CodeIgniter\Debug\Exceptions->errorHandler(2, 'Array to string...', 'C:\\xampp\\htdocs...', 13)
#1 C:\xampp\htdocs\plantonistas2.0\system\View\View.php(210): include('C:\\xampp\\htdocs...')
#2 C:\xampp\htdocs\plantonistas2.0\system\View\View.php(213): CodeIgniter\View\View->CodeIgniter\View\{closure}()
#3 C:\xampp\htdocs\plantonistas2.0\system\Common.php(1089): CodeIgniter\View\View->render('home', Array, true)
#4 C:\xampp\htdocs\plantonistas2.0\app\Controllers\Geral.php(25): view('home', Array)
#5 C:\xampp\htdocs\plantonistas2.0\system\CodeIgniter.php(825): App\Controllers\Geral->index()
#6 C:\xampp\htdocs\plantonistas2.0\system\CodeIgniter.php(412): CodeIgniter\CodeIgniter->runController(Object(App\Controllers\Geral))
#7 C:\xampp\htdocs\plantonistas2.0\system\CodeIgniter.php(320): CodeIgniter\CodeIgniter->handleRequest(NULL, Object(Config\Cache), false)
#8 C:\xampp\htdocs\plantonistas2.0\public\index.php(37): CodeIgniter\CodeIgniter->run()
#9 {main}
CRITICAL - 2022-02-03 05:26:47 --> Array to string conversion
#0 C:\xampp\htdocs\plantonistas2.0\app\Views\home.php(13): CodeIgniter\Debug\Exceptions->errorHandler(2, 'Array to string...', 'C:\\xampp\\htdocs...', 13)
#1 C:\xampp\htdocs\plantonistas2.0\system\View\View.php(210): include('C:\\xampp\\htdocs...')
#2 C:\xampp\htdocs\plantonistas2.0\system\View\View.php(213): CodeIgniter\View\View->CodeIgniter\View\{closure}()
#3 C:\xampp\htdocs\plantonistas2.0\system\Common.php(1089): CodeIgniter\View\View->render('home', Array, true)
#4 C:\xampp\htdocs\plantonistas2.0\app\Controllers\Geral.php(25): view('home', Array)
#5 C:\xampp\htdocs\plantonistas2.0\system\CodeIgniter.php(825): App\Controllers\Geral->index()
#6 C:\xampp\htdocs\plantonistas2.0\system\CodeIgniter.php(412): CodeIgniter\CodeIgniter->runController(Object(App\Controllers\Geral))
#7 C:\xampp\htdocs\plantonistas2.0\system\CodeIgniter.php(320): CodeIgniter\CodeIgniter->handleRequest(NULL, Object(Config\Cache), false)
#8 C:\xampp\htdocs\plantonistas2.0\public\index.php(37): CodeIgniter\CodeIgniter->run()
#9 {main}
CRITICAL - 2022-02-03 05:26:57 --> Array to string conversion
#0 C:\xampp\htdocs\plantonistas2.0\app\Views\home.php(13): CodeIgniter\Debug\Exceptions->errorHandler(2, 'Array to string...', 'C:\\xampp\\htdocs...', 13)
#1 C:\xampp\htdocs\plantonistas2.0\system\View\View.php(210): include('C:\\xampp\\htdocs...')
#2 C:\xampp\htdocs\plantonistas2.0\system\View\View.php(213): CodeIgniter\View\View->CodeIgniter\View\{closure}()
#3 C:\xampp\htdocs\plantonistas2.0\system\Common.php(1089): CodeIgniter\View\View->render('home', Array, true)
#4 C:\xampp\htdocs\plantonistas2.0\app\Controllers\Geral.php(25): view('home', Array)
#5 C:\xampp\htdocs\plantonistas2.0\system\CodeIgniter.php(825): App\Controllers\Geral->index()
#6 C:\xampp\htdocs\plantonistas2.0\system\CodeIgniter.php(412): CodeIgniter\CodeIgniter->runController(Object(App\Controllers\Geral))
#7 C:\xampp\htdocs\plantonistas2.0\system\CodeIgniter.php(320): CodeIgniter\CodeIgniter->handleRequest(NULL, Object(Config\Cache), false)
#8 C:\xampp\htdocs\plantonistas2.0\public\index.php(37): CodeIgniter\CodeIgniter->run()
#9 {main}
CRITICAL - 2022-02-03 05:26:58 --> Array to string conversion
#0 C:\xampp\htdocs\plantonistas2.0\app\Views\home.php(13): CodeIgniter\Debug\Exceptions->errorHandler(2, 'Array to string...', 'C:\\xampp\\htdocs...', 13)
#1 C:\xampp\htdocs\plantonistas2.0\system\View\View.php(210): include('C:\\xampp\\htdocs...')
#2 C:\xampp\htdocs\plantonistas2.0\system\View\View.php(213): CodeIgniter\View\View->CodeIgniter\View\{closure}()
#3 C:\xampp\htdocs\plantonistas2.0\system\Common.php(1089): CodeIgniter\View\View->render('home', Array, true)
#4 C:\xampp\htdocs\plantonistas2.0\app\Controllers\Geral.php(25): view('home', Array)
#5 C:\xampp\htdocs\plantonistas2.0\system\CodeIgniter.php(825): App\Controllers\Geral->index()
#6 C:\xampp\htdocs\plantonistas2.0\system\CodeIgniter.php(412): CodeIgniter\CodeIgniter->runController(Object(App\Controllers\Geral))
#7 C:\xampp\htdocs\plantonistas2.0\system\CodeIgniter.php(320): CodeIgniter\CodeIgniter->handleRequest(NULL, Object(Config\Cache), false)
#8 C:\xampp\htdocs\plantonistas2.0\public\index.php(37): CodeIgniter\CodeIgniter->run()
#9 {main}
CRITICAL - 2022-02-03 06:04:59 --> syntax error, unexpected variable "$plantoes"
#0 C:\xampp\htdocs\plantonistas2.0\system\View\View.php(213): CodeIgniter\View\View->CodeIgniter\View\{closure}()
#1 C:\xampp\htdocs\plantonistas2.0\system\Common.php(1089): CodeIgniter\View\View->render('home', Array, true)
#2 C:\xampp\htdocs\plantonistas2.0\app\Controllers\Geral.php(25): view('home', Array)
#3 C:\xampp\htdocs\plantonistas2.0\system\CodeIgniter.php(825): App\Controllers\Geral->index()
#4 C:\xampp\htdocs\plantonistas2.0\system\CodeIgniter.php(412): CodeIgniter\CodeIgniter->runController(Object(App\Controllers\Geral))
#5 C:\xampp\htdocs\plantonistas2.0\system\CodeIgniter.php(320): CodeIgniter\CodeIgniter->handleRequest(NULL, Object(Config\Cache), false)
#6 C:\xampp\htdocs\plantonistas2.0\public\index.php(37): CodeIgniter\CodeIgniter->run()
#7 {main}
CRITICAL - 2022-02-03 06:09:29 --> Call to undefined function mysql_num_rows()
#0 C:\xampp\htdocs\plantonistas2.0\system\View\View.php(210): include()
#1 C:\xampp\htdocs\plantonistas2.0\system\View\View.php(213): CodeIgniter\View\View->CodeIgniter\View\{closure}()
#2 C:\xampp\htdocs\plantonistas2.0\system\Common.php(1089): CodeIgniter\View\View->render('home', Array, true)
#3 C:\xampp\htdocs\plantonistas2.0\app\Controllers\Geral.php(25): view('home', Array)
#4 C:\xampp\htdocs\plantonistas2.0\system\CodeIgniter.php(825): App\Controllers\Geral->index()
#5 C:\xampp\htdocs\plantonistas2.0\system\CodeIgniter.php(412): CodeIgniter\CodeIgniter->runController(Object(App\Controllers\Geral))
#6 C:\xampp\htdocs\plantonistas2.0\system\CodeIgniter.php(320): CodeIgniter\CodeIgniter->handleRequest(NULL, Object(Config\Cache), false)
#7 C:\xampp\htdocs\plantonistas2.0\public\index.php(37): CodeIgniter\CodeIgniter->run()
#8 {main}
CRITICAL - 2022-02-03 06:09:35 --> mysqli_num_rows(): Argument #1 ($result) must be of type mysqli_result, array given
#0 C:\xampp\htdocs\plantonistas2.0\app\Views\home.php(13): mysqli_num_rows(Array)
#1 C:\xampp\htdocs\plantonistas2.0\system\View\View.php(210): include('C:\\xampp\\htdocs...')
#2 C:\xampp\htdocs\plantonistas2.0\system\View\View.php(213): CodeIgniter\View\View->CodeIgniter\View\{closure}()
#3 C:\xampp\htdocs\plantonistas2.0\system\Common.php(1089): CodeIgniter\View\View->render('home', Array, true)
#4 C:\xampp\htdocs\plantonistas2.0\app\Controllers\Geral.php(25): view('home', Array)
#5 C:\xampp\htdocs\plantonistas2.0\system\CodeIgniter.php(825): App\Controllers\Geral->index()
#6 C:\xampp\htdocs\plantonistas2.0\system\CodeIgniter.php(412): CodeIgniter\CodeIgniter->runController(Object(App\Controllers\Geral))
#7 C:\xampp\htdocs\plantonistas2.0\system\CodeIgniter.php(320): CodeIgniter\CodeIgniter->handleRequest(NULL, Object(Config\Cache), false)
#8 C:\xampp\htdocs\plantonistas2.0\public\index.php(37): CodeIgniter\CodeIgniter->run()
#9 {main}
CRITICAL - 2022-02-03 06:10:53 --> mysqli_num_rows(): Argument #1 ($result) must be of type mysqli_result, array given
#0 C:\xampp\htdocs\plantonistas2.0\app\Views\home.php(13): mysqli_num_rows(Array)
#1 C:\xampp\htdocs\plantonistas2.0\system\View\View.php(210): include('C:\\xampp\\htdocs...')
#2 C:\xampp\htdocs\plantonistas2.0\system\View\View.php(213): CodeIgniter\View\View->CodeIgniter\View\{closure}()
#3 C:\xampp\htdocs\plantonistas2.0\system\Common.php(1089): CodeIgniter\View\View->render('home', Array, true)
#4 C:\xampp\htdocs\plantonistas2.0\app\Controllers\Geral.php(25): view('home', Array)
#5 C:\xampp\htdocs\plantonistas2.0\system\CodeIgniter.php(825): App\Controllers\Geral->index()
#6 C:\xampp\htdocs\plantonistas2.0\system\CodeIgniter.php(412): CodeIgniter\CodeIgniter->runController(Object(App\Controllers\Geral))
#7 C:\xampp\htdocs\plantonistas2.0\system\CodeIgniter.php(320): CodeIgniter\CodeIgniter->handleRequest(NULL, Object(Config\Cache), false)
#8 C:\xampp\htdocs\plantonistas2.0\public\index.php(37): CodeIgniter\CodeIgniter->run()
#9 {main}
CRITICAL - 2022-02-03 06:10:54 --> mysqli_num_rows(): Argument #1 ($result) must be of type mysqli_result, array given
#0 C:\xampp\htdocs\plantonistas2.0\app\Views\home.php(13): mysqli_num_rows(Array)
#1 C:\xampp\htdocs\plantonistas2.0\system\View\View.php(210): include('C:\\xampp\\htdocs...')
#2 C:\xampp\htdocs\plantonistas2.0\system\View\View.php(213): CodeIgniter\View\View->CodeIgniter\View\{closure}()
#3 C:\xampp\htdocs\plantonistas2.0\system\Common.php(1089): CodeIgniter\View\View->render('home', Array, true)
#4 C:\xampp\htdocs\plantonistas2.0\app\Controllers\Geral.php(25): view('home', Array)
#5 C:\xampp\htdocs\plantonistas2.0\system\CodeIgniter.php(825): App\Controllers\Geral->index()
#6 C:\xampp\htdocs\plantonistas2.0\system\CodeIgniter.php(412): CodeIgniter\CodeIgniter->runController(Object(App\Controllers\Geral))
#7 C:\xampp\htdocs\plantonistas2.0\system\CodeIgniter.php(320): CodeIgniter\CodeIgniter->handleRequest(NULL, Object(Config\Cache), false)
#8 C:\xampp\htdocs\plantonistas2.0\public\index.php(37): CodeIgniter\CodeIgniter->run()
#9 {main}
CRITICAL - 2022-02-03 06:11:54 --> mysqli_fetch_array(): Argument #1 ($result) must be of type mysqli_result, array given
#0 C:\xampp\htdocs\plantonistas2.0\app\Views\home.php(13): mysqli_fetch_array(Array)
#1 C:\xampp\htdocs\plantonistas2.0\system\View\View.php(210): include('C:\\xampp\\htdocs...')
#2 C:\xampp\htdocs\plantonistas2.0\system\View\View.php(213): CodeIgniter\View\View->CodeIgniter\View\{closure}()
#3 C:\xampp\htdocs\plantonistas2.0\system\Common.php(1089): CodeIgniter\View\View->render('home', Array, true)
#4 C:\xampp\htdocs\plantonistas2.0\app\Controllers\Geral.php(25): view('home', Array)
#5 C:\xampp\htdocs\plantonistas2.0\system\CodeIgniter.php(825): App\Controllers\Geral->index()
#6 C:\xampp\htdocs\plantonistas2.0\system\CodeIgniter.php(412): CodeIgniter\CodeIgniter->runController(Object(App\Controllers\Geral))
#7 C:\xampp\htdocs\plantonistas2.0\system\CodeIgniter.php(320): CodeIgniter\CodeIgniter->handleRequest(NULL, Object(Config\Cache), false)
#8 C:\xampp\htdocs\plantonistas2.0\public\index.php(37): CodeIgniter\CodeIgniter->run()
#9 {main}
CRITICAL - 2022-02-03 06:11:54 --> mysqli_fetch_array(): Argument #1 ($result) must be of type mysqli_result, array given
#0 C:\xampp\htdocs\plantonistas2.0\app\Views\home.php(13): mysqli_fetch_array(Array)
#1 C:\xampp\htdocs\plantonistas2.0\system\View\View.php(210): include('C:\\xampp\\htdocs...')
#2 C:\xampp\htdocs\plantonistas2.0\system\View\View.php(213): CodeIgniter\View\View->CodeIgniter\View\{closure}()
#3 C:\xampp\htdocs\plantonistas2.0\system\Common.php(1089): CodeIgniter\View\View->render('home', Array, true)
#4 C:\xampp\htdocs\plantonistas2.0\app\Controllers\Geral.php(25): view('home', Array)
#5 C:\xampp\htdocs\plantonistas2.0\system\CodeIgniter.php(825): App\Controllers\Geral->index()
#6 C:\xampp\htdocs\plantonistas2.0\system\CodeIgniter.php(412): CodeIgniter\CodeIgniter->runController(Object(App\Controllers\Geral))
#7 C:\xampp\htdocs\plantonistas2.0\system\CodeIgniter.php(320): CodeIgniter\CodeIgniter->handleRequest(NULL, Object(Config\Cache), false)
#8 C:\xampp\htdocs\plantonistas2.0\public\index.php(37): CodeIgniter\CodeIgniter->run()
#9 {main}
CRITICAL - 2022-02-03 06:11:55 --> mysqli_fetch_array(): Argument #1 ($result) must be of type mysqli_result, array given
#0 C:\xampp\htdocs\plantonistas2.0\app\Views\home.php(13): mysqli_fetch_array(Array)
#1 C:\xampp\htdocs\plantonistas2.0\system\View\View.php(210): include('C:\\xampp\\htdocs...')
#2 C:\xampp\htdocs\plantonistas2.0\system\View\View.php(213): CodeIgniter\View\View->CodeIgniter\View\{closure}()
#3 C:\xampp\htdocs\plantonistas2.0\system\Common.php(1089): CodeIgniter\View\View->render('home', Array, true)
#4 C:\xampp\htdocs\plantonistas2.0\app\Controllers\Geral.php(25): view('home', Array)
#5 C:\xampp\htdocs\plantonistas2.0\system\CodeIgniter.php(825): App\Controllers\Geral->index()
#6 C:\xampp\htdocs\plantonistas2.0\system\CodeIgniter.php(412): CodeIgniter\CodeIgniter->runController(Object(App\Controllers\Geral))
#7 C:\xampp\htdocs\plantonistas2.0\system\CodeIgniter.php(320): CodeIgniter\CodeIgniter->handleRequest(NULL, Object(Config\Cache), false)
#8 C:\xampp\htdocs\plantonistas2.0\public\index.php(37): CodeIgniter\CodeIgniter->run()
#9 {main}
CRITICAL - 2022-02-03 06:11:55 --> mysqli_fetch_array(): Argument #1 ($result) must be of type mysqli_result, array given
#0 C:\xampp\htdocs\plantonistas2.0\app\Views\home.php(13): mysqli_fetch_array(Array)
#1 C:\xampp\htdocs\plantonistas2.0\system\View\View.php(210): include('C:\\xampp\\htdocs...')
#2 C:\xampp\htdocs\plantonistas2.0\system\View\View.php(213): CodeIgniter\View\View->CodeIgniter\View\{closure}()
#3 C:\xampp\htdocs\plantonistas2.0\system\Common.php(1089): CodeIgniter\View\View->render('home', Array, true)
#4 C:\xampp\htdocs\plantonistas2.0\app\Controllers\Geral.php(25): view('home', Array)
#5 C:\xampp\htdocs\plantonistas2.0\system\CodeIgniter.php(825): App\Controllers\Geral->index()
#6 C:\xampp\htdocs\plantonistas2.0\system\CodeIgniter.php(412): CodeIgniter\CodeIgniter->runController(Object(App\Controllers\Geral))
#7 C:\xampp\htdocs\plantonistas2.0\system\CodeIgniter.php(320): CodeIgniter\CodeIgniter->handleRequest(NULL, Object(Config\Cache), false)
#8 C:\xampp\htdocs\plantonistas2.0\public\index.php(37): CodeIgniter\CodeIgniter->run()
#9 {main}
CRITICAL - 2022-02-03 06:11:55 --> mysqli_fetch_array(): Argument #1 ($result) must be of type mysqli_result, array given
#0 C:\xampp\htdocs\plantonistas2.0\app\Views\home.php(13): mysqli_fetch_array(Array)
#1 C:\xampp\htdocs\plantonistas2.0\system\View\View.php(210): include('C:\\xampp\\htdocs...')
#2 C:\xampp\htdocs\plantonistas2.0\system\View\View.php(213): CodeIgniter\View\View->CodeIgniter\View\{closure}()
#3 C:\xampp\htdocs\plantonistas2.0\system\Common.php(1089): CodeIgniter\View\View->render('home', Array, true)
#4 C:\xampp\htdocs\plantonistas2.0\app\Controllers\Geral.php(25): view('home', Array)
#5 C:\xampp\htdocs\plantonistas2.0\system\CodeIgniter.php(825): App\Controllers\Geral->index()
#6 C:\xampp\htdocs\plantonistas2.0\system\CodeIgniter.php(412): CodeIgniter\CodeIgniter->runController(Object(App\Controllers\Geral))
#7 C:\xampp\htdocs\plantonistas2.0\system\CodeIgniter.php(320): CodeIgniter\CodeIgniter->handleRequest(NULL, Object(Config\Cache), false)
#8 C:\xampp\htdocs\plantonistas2.0\public\index.php(37): CodeIgniter\CodeIgniter->run()
#9 {main}
CRITICAL - 2022-02-03 06:11:55 --> mysqli_fetch_array(): Argument #1 ($result) must be of type mysqli_result, array given
#0 C:\xampp\htdocs\plantonistas2.0\app\Views\home.php(13): mysqli_fetch_array(Array)
#1 C:\xampp\htdocs\plantonistas2.0\system\View\View.php(210): include('C:\\xampp\\htdocs...')
#2 C:\xampp\htdocs\plantonistas2.0\system\View\View.php(213): CodeIgniter\View\View->CodeIgniter\View\{closure}()
#3 C:\xampp\htdocs\plantonistas2.0\system\Common.php(1089): CodeIgniter\View\View->render('home', Array, true)
#4 C:\xampp\htdocs\plantonistas2.0\app\Controllers\Geral.php(25): view('home', Array)
#5 C:\xampp\htdocs\plantonistas2.0\system\CodeIgniter.php(825): App\Controllers\Geral->index()
#6 C:\xampp\htdocs\plantonistas2.0\system\CodeIgniter.php(412): CodeIgniter\CodeIgniter->runController(Object(App\Controllers\Geral))
#7 C:\xampp\htdocs\plantonistas2.0\system\CodeIgniter.php(320): CodeIgniter\CodeIgniter->handleRequest(NULL, Object(Config\Cache), false)
#8 C:\xampp\htdocs\plantonistas2.0\public\index.php(37): CodeIgniter\CodeIgniter->run()
#9 {main}
CRITICAL - 2022-02-03 06:11:55 --> mysqli_fetch_array(): Argument #1 ($result) must be of type mysqli_result, array given
#0 C:\xampp\htdocs\plantonistas2.0\app\Views\home.php(13): mysqli_fetch_array(Array)
#1 C:\xampp\htdocs\plantonistas2.0\system\View\View.php(210): include('C:\\xampp\\htdocs...')
#2 C:\xampp\htdocs\plantonistas2.0\system\View\View.php(213): CodeIgniter\View\View->CodeIgniter\View\{closure}()
#3 C:\xampp\htdocs\plantonistas2.0\system\Common.php(1089): CodeIgniter\View\View->render('home', Array, true)
#4 C:\xampp\htdocs\plantonistas2.0\app\Controllers\Geral.php(25): view('home', Array)
#5 C:\xampp\htdocs\plantonistas2.0\system\CodeIgniter.php(825): App\Controllers\Geral->index()
#6 C:\xampp\htdocs\plantonistas2.0\system\CodeIgniter.php(412): CodeIgniter\CodeIgniter->runController(Object(App\Controllers\Geral))
#7 C:\xampp\htdocs\plantonistas2.0\system\CodeIgniter.php(320): CodeIgniter\CodeIgniter->handleRequest(NULL, Object(Config\Cache), false)
#8 C:\xampp\htdocs\plantonistas2.0\public\index.php(37): CodeIgniter\CodeIgniter->run()
#9 {main}
CRITICAL - 2022-02-03 06:11:55 --> mysqli_fetch_array(): Argument #1 ($result) must be of type mysqli_result, array given
#0 C:\xampp\htdocs\plantonistas2.0\app\Views\home.php(13): mysqli_fetch_array(Array)
#1 C:\xampp\htdocs\plantonistas2.0\system\View\View.php(210): include('C:\\xampp\\htdocs...')
#2 C:\xampp\htdocs\plantonistas2.0\system\View\View.php(213): CodeIgniter\View\View->CodeIgniter\View\{closure}()
#3 C:\xampp\htdocs\plantonistas2.0\system\Common.php(1089): CodeIgniter\View\View->render('home', Array, true)
#4 C:\xampp\htdocs\plantonistas2.0\app\Controllers\Geral.php(25): view('home', Array)
#5 C:\xampp\htdocs\plantonistas2.0\system\CodeIgniter.php(825): App\Controllers\Geral->index()
#6 C:\xampp\htdocs\plantonistas2.0\system\CodeIgniter.php(412): CodeIgniter\CodeIgniter->runController(Object(App\Controllers\Geral))
#7 C:\xampp\htdocs\plantonistas2.0\system\CodeIgniter.php(320): CodeIgniter\CodeIgniter->handleRequest(NULL, Object(Config\Cache), false)
#8 C:\xampp\htdocs\plantonistas2.0\public\index.php(37): CodeIgniter\CodeIgniter->run()
#9 {main}
CRITICAL - 2022-02-03 06:11:55 --> mysqli_fetch_array(): Argument #1 ($result) must be of type mysqli_result, array given
#0 C:\xampp\htdocs\plantonistas2.0\app\Views\home.php(13): mysqli_fetch_array(Array)
#1 C:\xampp\htdocs\plantonistas2.0\system\View\View.php(210): include('C:\\xampp\\htdocs...')
#2 C:\xampp\htdocs\plantonistas2.0\system\View\View.php(213): CodeIgniter\View\View->CodeIgniter\View\{closure}()
#3 C:\xampp\htdocs\plantonistas2.0\system\Common.php(1089): CodeIgniter\View\View->render('home', Array, true)
#4 C:\xampp\htdocs\plantonistas2.0\app\Controllers\Geral.php(25): view('home', Array)
#5 C:\xampp\htdocs\plantonistas2.0\system\CodeIgniter.php(825): App\Controllers\Geral->index()
#6 C:\xampp\htdocs\plantonistas2.0\system\CodeIgniter.php(412): CodeIgniter\CodeIgniter->runController(Object(App\Controllers\Geral))
#7 C:\xampp\htdocs\plantonistas2.0\system\CodeIgniter.php(320): CodeIgniter\CodeIgniter->handleRequest(NULL, Object(Config\Cache), false)
#8 C:\xampp\htdocs\plantonistas2.0\public\index.php(37): CodeIgniter\CodeIgniter->run()
#9 {main}
CRITICAL - 2022-02-03 06:11:56 --> mysqli_fetch_array(): Argument #1 ($result) must be of type mysqli_result, array given
#0 C:\xampp\htdocs\plantonistas2.0\app\Views\home.php(13): mysqli_fetch_array(Array)
#1 C:\xampp\htdocs\plantonistas2.0\system\View\View.php(210): include('C:\\xampp\\htdocs...')
#2 C:\xampp\htdocs\plantonistas2.0\system\View\View.php(213): CodeIgniter\View\View->CodeIgniter\View\{closure}()
#3 C:\xampp\htdocs\plantonistas2.0\system\Common.php(1089): CodeIgniter\View\View->render('home', Array, true)
#4 C:\xampp\htdocs\plantonistas2.0\app\Controllers\Geral.php(25): view('home', Array)
#5 C:\xampp\htdocs\plantonistas2.0\system\CodeIgniter.php(825): App\Controllers\Geral->index()
#6 C:\xampp\htdocs\plantonistas2.0\system\CodeIgniter.php(412): CodeIgniter\CodeIgniter->runController(Object(App\Controllers\Geral))
#7 C:\xampp\htdocs\plantonistas2.0\system\CodeIgniter.php(320): CodeIgniter\CodeIgniter->handleRequest(NULL, Object(Config\Cache), false)
#8 C:\xampp\htdocs\plantonistas2.0\public\index.php(37): CodeIgniter\CodeIgniter->run()
#9 {main}
CRITICAL - 2022-02-03 06:11:56 --> mysqli_fetch_array(): Argument #1 ($result) must be of type mysqli_result, array given
#0 C:\xampp\htdocs\plantonistas2.0\app\Views\home.php(13): mysqli_fetch_array(Array)
#1 C:\xampp\htdocs\plantonistas2.0\system\View\View.php(210): include('C:\\xampp\\htdocs...')
#2 C:\xampp\htdocs\plantonistas2.0\system\View\View.php(213): CodeIgniter\View\View->CodeIgniter\View\{closure}()
#3 C:\xampp\htdocs\plantonistas2.0\system\Common.php(1089): CodeIgniter\View\View->render('home', Array, true)
#4 C:\xampp\htdocs\plantonistas2.0\app\Controllers\Geral.php(25): view('home', Array)
#5 C:\xampp\htdocs\plantonistas2.0\system\CodeIgniter.php(825): App\Controllers\Geral->index()
#6 C:\xampp\htdocs\plantonistas2.0\system\CodeIgniter.php(412): CodeIgniter\CodeIgniter->runController(Object(App\Controllers\Geral))
#7 C:\xampp\htdocs\plantonistas2.0\system\CodeIgniter.php(320): CodeIgniter\CodeIgniter->handleRequest(NULL, Object(Config\Cache), false)
#8 C:\xampp\htdocs\plantonistas2.0\public\index.php(37): CodeIgniter\CodeIgniter->run()
#9 {main}
CRITICAL - 2022-02-03 06:12:54 --> Undefined array key 0
#0 C:\xampp\htdocs\plantonistas2.0\app\Views\home.php(13): CodeIgniter\Debug\Exceptions->errorHandler(2, 'Undefined array...', 'C:\\xampp\\htdocs...', 13)
#1 C:\xampp\htdocs\plantonistas2.0\system\View\View.php(210): include('C:\\xampp\\htdocs...')
#2 C:\xampp\htdocs\plantonistas2.0\system\View\View.php(213): CodeIgniter\View\View->CodeIgniter\View\{closure}()
#3 C:\xampp\htdocs\plantonistas2.0\system\Common.php(1089): CodeIgniter\View\View->render('home', Array, true)
#4 C:\xampp\htdocs\plantonistas2.0\app\Controllers\Geral.php(25): view('home', Array)
#5 C:\xampp\htdocs\plantonistas2.0\system\CodeIgniter.php(825): App\Controllers\Geral->index()
#6 C:\xampp\htdocs\plantonistas2.0\system\CodeIgniter.php(412): CodeIgniter\CodeIgniter->runController(Object(App\Controllers\Geral))
#7 C:\xampp\htdocs\plantonistas2.0\system\CodeIgniter.php(320): CodeIgniter\CodeIgniter->handleRequest(NULL, Object(Config\Cache), false)
#8 C:\xampp\htdocs\plantonistas2.0\public\index.php(37): CodeIgniter\CodeIgniter->run()
#9 {main}
CRITICAL - 2022-02-03 06:12:55 --> Undefined array key 0
#0 C:\xampp\htdocs\plantonistas2.0\app\Views\home.php(13): CodeIgniter\Debug\Exceptions->errorHandler(2, 'Undefined array...', 'C:\\xampp\\htdocs...', 13)
#1 C:\xampp\htdocs\plantonistas2.0\system\View\View.php(210): include('C:\\xampp\\htdocs...')
#2 C:\xampp\htdocs\plantonistas2.0\system\View\View.php(213): CodeIgniter\View\View->CodeIgniter\View\{closure}()
#3 C:\xampp\htdocs\plantonistas2.0\system\Common.php(1089): CodeIgniter\View\View->render('home', Array, true)
#4 C:\xampp\htdocs\plantonistas2.0\app\Controllers\Geral.php(25): view('home', Array)
#5 C:\xampp\htdocs\plantonistas2.0\system\CodeIgniter.php(825): App\Controllers\Geral->index()
#6 C:\xampp\htdocs\plantonistas2.0\system\CodeIgniter.php(412): CodeIgniter\CodeIgniter->runController(Object(App\Controllers\Geral))
#7 C:\xampp\htdocs\plantonistas2.0\system\CodeIgniter.php(320): CodeIgniter\CodeIgniter->handleRequest(NULL, Object(Config\Cache), false)
#8 C:\xampp\htdocs\plantonistas2.0\public\index.php(37): CodeIgniter\CodeIgniter->run()
#9 {main}
CRITICAL - 2022-02-03 06:33:45 --> Attempt to read property "result" on array
#0 C:\xampp\htdocs\plantonistas2.0\app\Views\home.php(13): CodeIgniter\Debug\Exceptions->errorHandler(2, 'Attempt to read...', 'C:\\xampp\\htdocs...', 13)
#1 C:\xampp\htdocs\plantonistas2.0\system\View\View.php(210): include('C:\\xampp\\htdocs...')
#2 C:\xampp\htdocs\plantonistas2.0\system\View\View.php(213): CodeIgniter\View\View->CodeIgniter\View\{closure}()
#3 C:\xampp\htdocs\plantonistas2.0\system\Common.php(1089): CodeIgniter\View\View->render('home', Array, true)
#4 C:\xampp\htdocs\plantonistas2.0\app\Controllers\Geral.php(25): view('home', Array)
#5 C:\xampp\htdocs\plantonistas2.0\system\CodeIgniter.php(825): App\Controllers\Geral->index()
#6 C:\xampp\htdocs\plantonistas2.0\system\CodeIgniter.php(412): CodeIgniter\CodeIgniter->runController(Object(App\Controllers\Geral))
#7 C:\xampp\htdocs\plantonistas2.0\system\CodeIgniter.php(320): CodeIgniter\CodeIgniter->handleRequest(NULL, Object(Config\Cache), false)
#8 C:\xampp\htdocs\plantonistas2.0\public\index.php(37): CodeIgniter\CodeIgniter->run()
#9 {main}
CRITICAL - 2022-02-03 06:39:46 --> syntax error, unexpected token "}", expecting "," or ";"
#0 C:\xampp\htdocs\plantonistas2.0\system\View\View.php(213): CodeIgniter\View\View->CodeIgniter\View\{closure}()
#1 C:\xampp\htdocs\plantonistas2.0\system\Common.php(1089): CodeIgniter\View\View->render('home', Array, true)
#2 C:\xampp\htdocs\plantonistas2.0\app\Controllers\Geral.php(25): view('home', Array)
#3 C:\xampp\htdocs\plantonistas2.0\system\CodeIgniter.php(825): App\Controllers\Geral->index()
#4 C:\xampp\htdocs\plantonistas2.0\system\CodeIgniter.php(412): CodeIgniter\CodeIgniter->runController(Object(App\Controllers\Geral))
#5 C:\xampp\htdocs\plantonistas2.0\system\CodeIgniter.php(320): CodeIgniter\CodeIgniter->handleRequest(NULL, Object(Config\Cache), false)
#6 C:\xampp\htdocs\plantonistas2.0\public\index.php(37): CodeIgniter\CodeIgniter->run()
#7 {main}
CRITICAL - 2022-02-03 06:41:58 --> Undefined variable $plantao
#0 C:\xampp\htdocs\plantonistas2.0\app\Views\home.php(13): CodeIgniter\Debug\Exceptions->errorHandler(2, 'Undefined varia...', 'C:\\xampp\\htdocs...', 13)
#1 C:\xampp\htdocs\plantonistas2.0\system\View\View.php(210): include('C:\\xampp\\htdocs...')
#2 C:\xampp\htdocs\plantonistas2.0\system\View\View.php(213): CodeIgniter\View\View->CodeIgniter\View\{closure}()
#3 C:\xampp\htdocs\plantonistas2.0\system\Common.php(1089): CodeIgniter\View\View->render('home', Array, true)
#4 C:\xampp\htdocs\plantonistas2.0\app\Controllers\Geral.php(25): view('home', Array)
#5 C:\xampp\htdocs\plantonistas2.0\system\CodeIgniter.php(825): App\Controllers\Geral->index()
#6 C:\xampp\htdocs\plantonistas2.0\system\CodeIgniter.php(412): CodeIgniter\CodeIgniter->runController(Object(App\Controllers\Geral))
#7 C:\xampp\htdocs\plantonistas2.0\system\CodeIgniter.php(320): CodeIgniter\CodeIgniter->handleRequest(NULL, Object(Config\Cache), false)
#8 C:\xampp\htdocs\plantonistas2.0\public\index.php(37): CodeIgniter\CodeIgniter->run()
#9 {main}
CRITICAL - 2022-02-03 06:42:15 --> Undefined variable $plantao
#0 C:\xampp\htdocs\plantonistas2.0\app\Views\home.php(13): CodeIgniter\Debug\Exceptions->errorHandler(2, 'Undefined varia...', 'C:\\xampp\\htdocs...', 13)
#1 C:\xampp\htdocs\plantonistas2.0\system\View\View.php(210): include('C:\\xampp\\htdocs...')
#2 C:\xampp\htdocs\plantonistas2.0\system\View\View.php(213): CodeIgniter\View\View->CodeIgniter\View\{closure}()
#3 C:\xampp\htdocs\plantonistas2.0\system\Common.php(1089): CodeIgniter\View\View->render('home', Array, true)
#4 C:\xampp\htdocs\plantonistas2.0\app\Controllers\Geral.php(25): view('home', Array)
#5 C:\xampp\htdocs\plantonistas2.0\system\CodeIgniter.php(825): App\Controllers\Geral->index()
#6 C:\xampp\htdocs\plantonistas2.0\system\CodeIgniter.php(412): CodeIgniter\CodeIgniter->runController(Object(App\Controllers\Geral))
#7 C:\xampp\htdocs\plantonistas2.0\system\CodeIgniter.php(320): CodeIgniter\CodeIgniter->handleRequest(NULL, Object(Config\Cache), false)
#8 C:\xampp\htdocs\plantonistas2.0\public\index.php(37): CodeIgniter\CodeIgniter->run()
#9 {main}
CRITICAL - 2022-02-03 06:43:26 --> printf(): Argument #1 ($format) must be of type string, array given
#0 C:\xampp\htdocs\plantonistas2.0\app\Views\home.php(14): printf(Array)
#1 C:\xampp\htdocs\plantonistas2.0\system\View\View.php(210): include('C:\\xampp\\htdocs...')
#2 C:\xampp\htdocs\plantonistas2.0\system\View\View.php(213): CodeIgniter\View\View->CodeIgniter\View\{closure}()
#3 C:\xampp\htdocs\plantonistas2.0\system\Common.php(1089): CodeIgniter\View\View->render('home', Array, true)
#4 C:\xampp\htdocs\plantonistas2.0\app\Controllers\Geral.php(25): view('home', Array)
#5 C:\xampp\htdocs\plantonistas2.0\system\CodeIgniter.php(825): App\Controllers\Geral->index()
#6 C:\xampp\htdocs\plantonistas2.0\system\CodeIgniter.php(412): CodeIgniter\CodeIgniter->runController(Object(App\Controllers\Geral))
#7 C:\xampp\htdocs\plantonistas2.0\system\CodeIgniter.php(320): CodeIgniter\CodeIgniter->handleRequest(NULL, Object(Config\Cache), false)
#8 C:\xampp\htdocs\plantonistas2.0\public\index.php(37): CodeIgniter\CodeIgniter->run()
#9 {main}
CRITICAL - 2022-02-03 06:51:12 --> foreach() argument must be of type array|object, bool given
#0 C:\xampp\htdocs\plantonistas2.0\app\Views\home.php(16): CodeIgniter\Debug\Exceptions->errorHandler(2, 'foreach() argum...', 'C:\\xampp\\htdocs...', 16)
#1 C:\xampp\htdocs\plantonistas2.0\system\View\View.php(210): include('C:\\xampp\\htdocs...')
#2 C:\xampp\htdocs\plantonistas2.0\system\View\View.php(213): CodeIgniter\View\View->CodeIgniter\View\{closure}()
#3 C:\xampp\htdocs\plantonistas2.0\system\Common.php(1089): CodeIgniter\View\View->render('home', Array, true)
#4 C:\xampp\htdocs\plantonistas2.0\app\Controllers\Geral.php(25): view('home', Array)
#5 C:\xampp\htdocs\plantonistas2.0\system\CodeIgniter.php(825): App\Controllers\Geral->index()
#6 C:\xampp\htdocs\plantonistas2.0\system\CodeIgniter.php(412): CodeIgniter\CodeIgniter->runController(Object(App\Controllers\Geral))
#7 C:\xampp\htdocs\plantonistas2.0\system\CodeIgniter.php(320): CodeIgniter\CodeIgniter->handleRequest(NULL, Object(Config\Cache), false)
#8 C:\xampp\htdocs\plantonistas2.0\public\index.php(37): CodeIgniter\CodeIgniter->run()
#9 {main}
CRITICAL - 2022-02-03 07:24:16 --> Undefined property: App\Controllers\Cidades::$db
#0 C:\xampp\htdocs\plantonistas2.0\app\Controllers\Cidades.php(30): CodeIgniter\Debug\Exceptions->errorHandler(2, 'Undefined prope...', 'C:\\xampp\\htdocs...', 30)
#1 C:\xampp\htdocs\plantonistas2.0\system\CodeIgniter.php(825): App\Controllers\Cidades->index()
#2 C:\xampp\htdocs\plantonistas2.0\system\CodeIgniter.php(412): CodeIgniter\CodeIgniter->runController(Object(App\Controllers\Cidades))
#3 C:\xampp\htdocs\plantonistas2.0\system\CodeIgniter.php(320): CodeIgniter\CodeIgniter->handleRequest(NULL, Object(Config\Cache), false)
#4 C:\xampp\htdocs\plantonistas2.0\public\index.php(37): CodeIgniter\CodeIgniter->run()
#5 {main}
ERROR - 2022-02-03 07:24:31 --> Unknown column 'cidaes.nome' in 'field list'
CRITICAL - 2022-02-03 07:24:31 --> Unknown column 'cidaes.nome' in 'field list'
#0 C:\xampp\htdocs\plantonistas2.0\system\Database\MySQLi\Connection.php(292): mysqli->query('SELECT cidades....', 0)
#1 C:\xampp\htdocs\plantonistas2.0\system\Database\BaseConnection.php(670): CodeIgniter\Database\MySQLi\Connection->execute('SELECT cidades....')
#2 C:\xampp\htdocs\plantonistas2.0\system\Database\BaseConnection.php(598): CodeIgniter\Database\BaseConnection->simpleQuery('SELECT cidades....')
#3 C:\xampp\htdocs\plantonistas2.0\app\Controllers\Cidades.php(31): CodeIgniter\Database\BaseConnection->query('SELECT cidades....')
#4 C:\xampp\htdocs\plantonistas2.0\system\CodeIgniter.php(825): App\Controllers\Cidades->index()
#5 C:\xampp\htdocs\plantonistas2.0\system\CodeIgniter.php(412): CodeIgniter\CodeIgniter->runController(Object(App\Controllers\Cidades))
#6 C:\xampp\htdocs\plantonistas2.0\system\CodeIgniter.php(320): CodeIgniter\CodeIgniter->handleRequest(NULL, Object(Config\Cache), false)
#7 C:\xampp\htdocs\plantonistas2.0\public\index.php(37): CodeIgniter\CodeIgniter->run()
#8 {main}
CRITICAL - 2022-02-03 07:24:39 --> Call to undefined method CodeIgniter\Database\MySQLi\Result::get()
#0 C:\xampp\htdocs\plantonistas2.0\system\CodeIgniter.php(825): App\Controllers\Cidades->index()
#1 C:\xampp\htdocs\plantonistas2.0\system\CodeIgniter.php(412): CodeIgniter\CodeIgniter->runController(Object(App\Controllers\Cidades))
#2 C:\xampp\htdocs\plantonistas2.0\system\CodeIgniter.php(320): CodeIgniter\CodeIgniter->handleRequest(NULL, Object(Config\Cache), false)
#3 C:\xampp\htdocs\plantonistas2.0\public\index.php(37): CodeIgniter\CodeIgniter->run()
#4 {main}
ERROR - 2022-02-03 07:25:38 --> You have an error in your SQL syntax; check the manual that corresponds to your MariaDB server version for the right syntax to use near 'cidades
            JOIN regioes ON cidades.regioes_id = regioes.id' at line 1
CRITICAL - 2022-02-03 07:25:38 --> You have an error in your SQL syntax; check the manual that corresponds to your MariaDB server version for the right syntax to use near 'cidades
            JOIN regioes ON cidades.regioes_id = regioes.id' at line 1
#0 C:\xampp\htdocs\plantonistas2.0\system\Database\MySQLi\Connection.php(292): mysqli->query('SELECT cidades....', 0)
#1 C:\xampp\htdocs\plantonistas2.0\system\Database\BaseConnection.php(670): CodeIgniter\Database\MySQLi\Connection->execute('SELECT cidades....')
#2 C:\xampp\htdocs\plantonistas2.0\system\Database\BaseConnection.php(598): CodeIgniter\Database\BaseConnection->simpleQuery('SELECT cidades....')
#3 C:\xampp\htdocs\plantonistas2.0\app\Controllers\Cidades.php(31): CodeIgniter\Database\BaseConnection->query('SELECT cidades....')
#4 C:\xampp\htdocs\plantonistas2.0\system\CodeIgniter.php(825): App\Controllers\Cidades->index()
#5 C:\xampp\htdocs\plantonistas2.0\system\CodeIgniter.php(412): CodeIgniter\CodeIgniter->runController(Object(App\Controllers\Cidades))
#6 C:\xampp\htdocs\plantonistas2.0\system\CodeIgniter.php(320): CodeIgniter\CodeIgniter->handleRequest(NULL, Object(Config\Cache), false)
#7 C:\xampp\htdocs\plantonistas2.0\public\index.php(37): CodeIgniter\CodeIgniter->run()
#8 {main}
CRITICAL - 2022-02-03 07:36:19 --> Undefined variable $plantoes
#0 C:\xampp\htdocs\plantonistas2.0\app\Views\listagem.php(6): CodeIgniter\Debug\Exceptions->errorHandler(2, 'Undefined varia...', 'C:\\xampp\\htdocs...', 6)
#1 C:\xampp\htdocs\plantonistas2.0\system\View\View.php(210): include('C:\\xampp\\htdocs...')
#2 C:\xampp\htdocs\plantonistas2.0\system\View\View.php(213): CodeIgniter\View\View->CodeIgniter\View\{closure}()
#3 C:\xampp\htdocs\plantonistas2.0\system\Common.php(1089): CodeIgniter\View\View->render('listagem', Array, true)
#4 C:\xampp\htdocs\plantonistas2.0\app\Controllers\Listagem.php(9): view('listagem')
#5 C:\xampp\htdocs\plantonistas2.0\system\CodeIgniter.php(825): App\Controllers\Listagem->index()
#6 C:\xampp\htdocs\plantonistas2.0\system\CodeIgniter.php(412): CodeIgniter\CodeIgniter->runController(Object(App\Controllers\Listagem))
#7 C:\xampp\htdocs\plantonistas2.0\system\CodeIgniter.php(320): CodeIgniter\CodeIgniter->handleRequest(NULL, Object(Config\Cache), false)
#8 C:\xampp\htdocs\plantonistas2.0\public\index.php(37): CodeIgniter\CodeIgniter->run()
#9 {main}
CRITICAL - 2022-02-03 07:37:08 --> Undefined variable $plantoes
#0 C:\xampp\htdocs\plantonistas2.0\app\Views\listagem.php(6): CodeIgniter\Debug\Exceptions->errorHandler(2, 'Undefined varia...', 'C:\\xampp\\htdocs...', 6)
#1 C:\xampp\htdocs\plantonistas2.0\system\View\View.php(210): include('C:\\xampp\\htdocs...')
#2 C:\xampp\htdocs\plantonistas2.0\system\View\View.php(213): CodeIgniter\View\View->CodeIgniter\View\{closure}()
#3 C:\xampp\htdocs\plantonistas2.0\system\Common.php(1089): CodeIgniter\View\View->render('listagem', Array, true)
#4 C:\xampp\htdocs\plantonistas2.0\app\Controllers\Listagem.php(23): view('listagem')
#5 C:\xampp\htdocs\plantonistas2.0\system\CodeIgniter.php(825): App\Controllers\Listagem->index()
#6 C:\xampp\htdocs\plantonistas2.0\system\CodeIgniter.php(412): CodeIgniter\CodeIgniter->runController(Object(App\Controllers\Listagem))
#7 C:\xampp\htdocs\plantonistas2.0\system\CodeIgniter.php(320): CodeIgniter\CodeIgniter->handleRequest(NULL, Object(Config\Cache), false)
#8 C:\xampp\htdocs\plantonistas2.0\public\index.php(37): CodeIgniter\CodeIgniter->run()
#9 {main}
CRITICAL - 2022-02-03 07:37:10 --> Undefined variable $plantoes
#0 C:\xampp\htdocs\plantonistas2.0\app\Views\listagem.php(6): CodeIgniter\Debug\Exceptions->errorHandler(2, 'Undefined varia...', 'C:\\xampp\\htdocs...', 6)
#1 C:\xampp\htdocs\plantonistas2.0\system\View\View.php(210): include('C:\\xampp\\htdocs...')
#2 C:\xampp\htdocs\plantonistas2.0\system\View\View.php(213): CodeIgniter\View\View->CodeIgniter\View\{closure}()
#3 C:\xampp\htdocs\plantonistas2.0\system\Common.php(1089): CodeIgniter\View\View->render('listagem', Array, true)
#4 C:\xampp\htdocs\plantonistas2.0\app\Controllers\Listagem.php(23): view('listagem')
#5 C:\xampp\htdocs\plantonistas2.0\system\CodeIgniter.php(825): App\Controllers\Listagem->index()
#6 C:\xampp\htdocs\plantonistas2.0\system\CodeIgniter.php(412): CodeIgniter\CodeIgniter->runController(Object(App\Controllers\Listagem))
#7 C:\xampp\htdocs\plantonistas2.0\system\CodeIgniter.php(320): CodeIgniter\CodeIgniter->handleRequest(NULL, Object(Config\Cache), false)
#8 C:\xampp\htdocs\plantonistas2.0\public\index.php(37): CodeIgniter\CodeIgniter->run()
#9 {main}
CRITICAL - 2022-02-03 07:37:10 --> Undefined variable $plantoes
#0 C:\xampp\htdocs\plantonistas2.0\app\Views\listagem.php(6): CodeIgniter\Debug\Exceptions->errorHandler(2, 'Undefined varia...', 'C:\\xampp\\htdocs...', 6)
#1 C:\xampp\htdocs\plantonistas2.0\system\View\View.php(210): include('C:\\xampp\\htdocs...')
#2 C:\xampp\htdocs\plantonistas2.0\system\View\View.php(213): CodeIgniter\View\View->CodeIgniter\View\{closure}()
#3 C:\xampp\htdocs\plantonistas2.0\system\Common.php(1089): CodeIgniter\View\View->render('listagem', Array, true)
#4 C:\xampp\htdocs\plantonistas2.0\app\Controllers\Listagem.php(23): view('listagem')
#5 C:\xampp\htdocs\plantonistas2.0\system\CodeIgniter.php(825): App\Controllers\Listagem->index()
#6 C:\xampp\htdocs\plantonistas2.0\system\CodeIgniter.php(412): CodeIgniter\CodeIgniter->runController(Object(App\Controllers\Listagem))
#7 C:\xampp\htdocs\plantonistas2.0\system\CodeIgniter.php(320): CodeIgniter\CodeIgniter->handleRequest(NULL, Object(Config\Cache), false)
#8 C:\xampp\htdocs\plantonistas2.0\public\index.php(37): CodeIgniter\CodeIgniter->run()
#9 {main}
CRITICAL - 2022-02-03 07:37:10 --> Undefined variable $plantoes
#0 C:\xampp\htdocs\plantonistas2.0\app\Views\listagem.php(6): CodeIgniter\Debug\Exceptions->errorHandler(2, 'Undefined varia...', 'C:\\xampp\\htdocs...', 6)
#1 C:\xampp\htdocs\plantonistas2.0\system\View\View.php(210): include('C:\\xampp\\htdocs...')
#2 C:\xampp\htdocs\plantonistas2.0\system\View\View.php(213): CodeIgniter\View\View->CodeIgniter\View\{closure}()
#3 C:\xampp\htdocs\plantonistas2.0\system\Common.php(1089): CodeIgniter\View\View->render('listagem', Array, true)
#4 C:\xampp\htdocs\plantonistas2.0\app\Controllers\Listagem.php(23): view('listagem')
#5 C:\xampp\htdocs\plantonistas2.0\system\CodeIgniter.php(825): App\Controllers\Listagem->index()
#6 C:\xampp\htdocs\plantonistas2.0\system\CodeIgniter.php(412): CodeIgniter\CodeIgniter->runController(Object(App\Controllers\Listagem))
#7 C:\xampp\htdocs\plantonistas2.0\system\CodeIgniter.php(320): CodeIgniter\CodeIgniter->handleRequest(NULL, Object(Config\Cache), false)
#8 C:\xampp\htdocs\plantonistas2.0\public\index.php(37): CodeIgniter\CodeIgniter->run()
#9 {main}
CRITICAL - 2022-02-03 07:37:10 --> Undefined variable $plantoes
#0 C:\xampp\htdocs\plantonistas2.0\app\Views\listagem.php(6): CodeIgniter\Debug\Exceptions->errorHandler(2, 'Undefined varia...', 'C:\\xampp\\htdocs...', 6)
#1 C:\xampp\htdocs\plantonistas2.0\system\View\View.php(210): include('C:\\xampp\\htdocs...')
#2 C:\xampp\htdocs\plantonistas2.0\system\View\View.php(213): CodeIgniter\View\View->CodeIgniter\View\{closure}()
#3 C:\xampp\htdocs\plantonistas2.0\system\Common.php(1089): CodeIgniter\View\View->render('listagem', Array, true)
#4 C:\xampp\htdocs\plantonistas2.0\app\Controllers\Listagem.php(23): view('listagem')
#5 C:\xampp\htdocs\plantonistas2.0\system\CodeIgniter.php(825): App\Controllers\Listagem->index()
#6 C:\xampp\htdocs\plantonistas2.0\system\CodeIgniter.php(412): CodeIgniter\CodeIgniter->runController(Object(App\Controllers\Listagem))
#7 C:\xampp\htdocs\plantonistas2.0\system\CodeIgniter.php(320): CodeIgniter\CodeIgniter->handleRequest(NULL, Object(Config\Cache), false)
#8 C:\xampp\htdocs\plantonistas2.0\public\index.php(37): CodeIgniter\CodeIgniter->run()
#9 {main}
CRITICAL - 2022-02-03 07:38:17 --> Undefined property: stdClass::$cidadeSigla
#0 C:\xampp\htdocs\plantonistas2.0\app\Views\listagem.php(12): CodeIgniter\Debug\Exceptions->errorHandler(2, 'Undefined prope...', 'C:\\xampp\\htdocs...', 12)
#1 C:\xampp\htdocs\plantonistas2.0\system\View\View.php(210): include('C:\\xampp\\htdocs...')
#2 C:\xampp\htdocs\plantonistas2.0\system\View\View.php(213): CodeIgniter\View\View->CodeIgniter\View\{closure}()
#3 C:\xampp\htdocs\plantonistas2.0\system\Common.php(1089): CodeIgniter\View\View->render('listagem', Array, true)
#4 C:\xampp\htdocs\plantonistas2.0\app\Controllers\Listagem.php(23): view('listagem', Array)
#5 C:\xampp\htdocs\plantonistas2.0\system\CodeIgniter.php(825): App\Controllers\Listagem->index()
#6 C:\xampp\htdocs\plantonistas2.0\system\CodeIgniter.php(412): CodeIgniter\CodeIgniter->runController(Object(App\Controllers\Listagem))
#7 C:\xampp\htdocs\plantonistas2.0\system\CodeIgniter.php(320): CodeIgniter\CodeIgniter->handleRequest(NULL, Object(Config\Cache), false)
#8 C:\xampp\htdocs\plantonistas2.0\public\index.php(37): CodeIgniter\CodeIgniter->run()
#9 {main}
CRITICAL - 2022-02-03 07:47:51 --> Undefined property: Config\App::$indexPage
#0 C:\xampp\htdocs\plantonistas2.0\system\Helpers\url_helper.php(51): CodeIgniter\Debug\Exceptions->errorHandler(2, 'Undefined prope...', 'C:\\xampp\\htdocs...', 51)
#1 C:\xampp\htdocs\plantonistas2.0\system\Helpers\url_helper.php(87): _get_uri('/listagem', Object(Config\App))
#2 C:\xampp\htdocs\plantonistas2.0\system\HTTP\RedirectResponse.php(37): site_url('/listagem')
#3 C:\xampp\htdocs\plantonistas2.0\app\Filters\loginFilter.php(14): CodeIgniter\HTTP\RedirectResponse->to('/listagem')
#4 C:\xampp\htdocs\plantonistas2.0\system\Filters\Filters.php(173): App\Filters\loginFilter->before(Object(CodeIgniter\HTTP\IncomingRequest), NULL)
#5 C:\xampp\htdocs\plantonistas2.0\system\CodeIgniter.php(386): CodeIgniter\Filters\Filters->run('listagem', 'before')
#6 C:\xampp\htdocs\plantonistas2.0\system\CodeIgniter.php(320): CodeIgniter\CodeIgniter->handleRequest(NULL, Object(Config\Cache), false)
#7 C:\xampp\htdocs\plantonistas2.0\public\index.php(37): CodeIgniter\CodeIgniter->run()
#8 {main}
CRITICAL - 2022-02-03 07:47:52 --> Undefined property: Config\App::$indexPage
#0 C:\xampp\htdocs\plantonistas2.0\system\Helpers\url_helper.php(51): CodeIgniter\Debug\Exceptions->errorHandler(2, 'Undefined prope...', 'C:\\xampp\\htdocs...', 51)
#1 C:\xampp\htdocs\plantonistas2.0\system\Helpers\url_helper.php(87): _get_uri('/listagem', Object(Config\App))
#2 C:\xampp\htdocs\plantonistas2.0\system\HTTP\RedirectResponse.php(37): site_url('/listagem')
#3 C:\xampp\htdocs\plantonistas2.0\app\Filters\loginFilter.php(14): CodeIgniter\HTTP\RedirectResponse->to('/listagem')
#4 C:\xampp\htdocs\plantonistas2.0\system\Filters\Filters.php(173): App\Filters\loginFilter->before(Object(CodeIgniter\HTTP\IncomingRequest), NULL)
#5 C:\xampp\htdocs\plantonistas2.0\system\CodeIgniter.php(386): CodeIgniter\Filters\Filters->run('listagem', 'before')
#6 C:\xampp\htdocs\plantonistas2.0\system\CodeIgniter.php(320): CodeIgniter\CodeIgniter->handleRequest(NULL, Object(Config\Cache), false)
#7 C:\xampp\htdocs\plantonistas2.0\public\index.php(37): CodeIgniter\CodeIgniter->run()
#8 {main}
CRITICAL - 2022-02-03 07:47:57 --> Undefined property: Config\App::$indexPage
#0 C:\xampp\htdocs\plantonistas2.0\system\Helpers\url_helper.php(51): CodeIgniter\Debug\Exceptions->errorHandler(2, 'Undefined prope...', 'C:\\xampp\\htdocs...', 51)
#1 C:\xampp\htdocs\plantonistas2.0\system\Helpers\url_helper.php(87): _get_uri('/listagem', Object(Config\App))
#2 C:\xampp\htdocs\plantonistas2.0\system\HTTP\RedirectResponse.php(37): site_url('/listagem')
#3 C:\xampp\htdocs\plantonistas2.0\app\Filters\loginFilter.php(14): CodeIgniter\HTTP\RedirectResponse->to('/listagem')
#4 C:\xampp\htdocs\plantonistas2.0\system\Filters\Filters.php(173): App\Filters\loginFilter->before(Object(CodeIgniter\HTTP\IncomingRequest), NULL)
#5 C:\xampp\htdocs\plantonistas2.0\system\CodeIgniter.php(386): CodeIgniter\Filters\Filters->run('listagem', 'before')
#6 C:\xampp\htdocs\plantonistas2.0\system\CodeIgniter.php(320): CodeIgniter\CodeIgniter->handleRequest(NULL, Object(Config\Cache), false)
#7 C:\xampp\htdocs\plantonistas2.0\public\index.php(37): CodeIgniter\CodeIgniter->run()
#8 {main}
CRITICAL - 2022-02-03 07:48:00 --> Undefined property: Config\App::$indexPage
#0 C:\xampp\htdocs\plantonistas2.0\system\Helpers\url_helper.php(51): CodeIgniter\Debug\Exceptions->errorHandler(2, 'Undefined prope...', 'C:\\xampp\\htdocs...', 51)
#1 C:\xampp\htdocs\plantonistas2.0\system\Helpers\url_helper.php(87): _get_uri('/listagem', Object(Config\App))
#2 C:\xampp\htdocs\plantonistas2.0\system\HTTP\RedirectResponse.php(37): site_url('/listagem')
#3 C:\xampp\htdocs\plantonistas2.0\app\Filters\loginFilter.php(14): CodeIgniter\HTTP\RedirectResponse->to('/listagem')
#4 C:\xampp\htdocs\plantonistas2.0\system\Filters\Filters.php(173): App\Filters\loginFilter->before(Object(CodeIgniter\HTTP\IncomingRequest), NULL)
#5 C:\xampp\htdocs\plantonistas2.0\system\CodeIgniter.php(386): CodeIgniter\Filters\Filters->run('/', 'before')
#6 C:\xampp\htdocs\plantonistas2.0\system\CodeIgniter.php(320): CodeIgniter\CodeIgniter->handleRequest(NULL, Object(Config\Cache), false)
#7 C:\xampp\htdocs\plantonistas2.0\public\index.php(37): CodeIgniter\CodeIgniter->run()
#8 {main}
CRITICAL - 2022-02-03 09:38:33 --> Undefined variable $plantoes
#0 C:\xampp\htdocs\plantonistas2.0\app\Views\home.php(13): CodeIgniter\Debug\Exceptions->errorHandler(2, 'Undefined varia...', 'C:\\xampp\\htdocs...', 13)
#1 C:\xampp\htdocs\plantonistas2.0\system\View\View.php(210): include('C:\\xampp\\htdocs...')
#2 C:\xampp\htdocs\plantonistas2.0\system\View\View.php(213): CodeIgniter\View\View->CodeIgniter\View\{closure}()
#3 C:\xampp\htdocs\plantonistas2.0\system\Common.php(1089): CodeIgniter\View\View->render('home', Array, true)
#4 C:\xampp\htdocs\plantonistas2.0\app\Controllers\Listagem.php(10): view('home')
#5 C:\xampp\htdocs\plantonistas2.0\system\CodeIgniter.php(825): App\Controllers\Listagem->index()
#6 C:\xampp\htdocs\plantonistas2.0\system\CodeIgniter.php(412): CodeIgniter\CodeIgniter->runController(Object(App\Controllers\Listagem))
#7 C:\xampp\htdocs\plantonistas2.0\system\CodeIgniter.php(320): CodeIgniter\CodeIgniter->handleRequest(NULL, Object(Config\Cache), false)
#8 C:\xampp\htdocs\plantonistas2.0\public\index.php(37): CodeIgniter\CodeIgniter->run()
#9 {main}
CRITICAL - 2022-02-03 09:42:39 --> Undefined variable $plantoes
#0 C:\xampp\htdocs\plantonistas2.0\app\Views\home.php(13): CodeIgniter\Debug\Exceptions->errorHandler(2, 'Undefined varia...', 'C:\\xampp\\htdocs...', 13)
#1 C:\xampp\htdocs\plantonistas2.0\system\View\View.php(210): include('C:\\xampp\\htdocs...')
#2 C:\xampp\htdocs\plantonistas2.0\system\View\View.php(213): CodeIgniter\View\View->CodeIgniter\View\{closure}()
#3 C:\xampp\htdocs\plantonistas2.0\system\Common.php(1089): CodeIgniter\View\View->render('home', Array, true)
#4 C:\xampp\htdocs\plantonistas2.0\app\Controllers\Listagem.php(10): view('home')
#5 C:\xampp\htdocs\plantonistas2.0\system\CodeIgniter.php(825): App\Controllers\Listagem->index()
#6 C:\xampp\htdocs\plantonistas2.0\system\CodeIgniter.php(412): CodeIgniter\CodeIgniter->runController(Object(App\Controllers\Listagem))
#7 C:\xampp\htdocs\plantonistas2.0\system\CodeIgniter.php(320): CodeIgniter\CodeIgniter->handleRequest(NULL, Object(Config\Cache), false)
#8 C:\xampp\htdocs\plantonistas2.0\index.php(37): CodeIgniter\CodeIgniter->run()
#9 {main}
CRITICAL - 2022-02-03 09:58:28 --> Undefined variable $plantoes
#0 C:\xampp\htdocs\plantonistas2.0\app\Views\home.php(13): CodeIgniter\Debug\Exceptions->errorHandler(2, 'Undefined varia...', 'C:\\xampp\\htdocs...', 13)
#1 C:\xampp\htdocs\plantonistas2.0\system\View\View.php(210): include('C:\\xampp\\htdocs...')
#2 C:\xampp\htdocs\plantonistas2.0\system\View\View.php(213): CodeIgniter\View\View->CodeIgniter\View\{closure}()
#3 C:\xampp\htdocs\plantonistas2.0\system\Common.php(1089): CodeIgniter\View\View->render('home', Array, true)
#4 C:\xampp\htdocs\plantonistas2.0\app\Controllers\Listagem.php(10): view('home')
#5 C:\xampp\htdocs\plantonistas2.0\system\CodeIgniter.php(825): App\Controllers\Listagem->index()
#6 C:\xampp\htdocs\plantonistas2.0\system\CodeIgniter.php(412): CodeIgniter\CodeIgniter->runController(Object(App\Controllers\Listagem))
#7 C:\xampp\htdocs\plantonistas2.0\system\CodeIgniter.php(320): CodeIgniter\CodeIgniter->handleRequest(NULL, Object(Config\Cache), false)
#8 C:\xampp\htdocs\plantonistas2.0\index.php(37): CodeIgniter\CodeIgniter->run()
#9 {main}
CRITICAL - 2022-02-03 10:00:05 -->  route cannot be found while reverse-routing.
#0 C:\xampp\htdocs\plantonistas2.0\system\HTTP\RedirectResponse.php(56): CodeIgniter\HTTP\Exceptions\HTTPException::forInvalidRedirectRoute('')
#1 C:\xampp\htdocs\plantonistas2.0\app\Controllers\Listagem.php(10): CodeIgniter\HTTP\RedirectResponse->route(false)
#2 C:\xampp\htdocs\plantonistas2.0\system\CodeIgniter.php(825): App\Controllers\Listagem->index()
#3 C:\xampp\htdocs\plantonistas2.0\system\CodeIgniter.php(412): CodeIgniter\CodeIgniter->runController(Object(App\Controllers\Listagem))
#4 C:\xampp\htdocs\plantonistas2.0\system\CodeIgniter.php(320): CodeIgniter\CodeIgniter->handleRequest(NULL, Object(Config\Cache), false)
#5 C:\xampp\htdocs\plantonistas2.0\index.php(37): CodeIgniter\CodeIgniter->run()
#6 {main}
CRITICAL - 2022-02-03 12:28:07 --> Undefined variable $plantoes
#0 C:\xampp\htdocs\plantonistas2.0\app\Views\home.php(13): CodeIgniter\Debug\Exceptions->errorHandler(2, 'Undefined varia...', 'C:\\xampp\\htdocs...', 13)
#1 C:\xampp\htdocs\plantonistas2.0\system\View\View.php(210): include('C:\\xampp\\htdocs...')
#2 C:\xampp\htdocs\plantonistas2.0\system\View\View.php(213): CodeIgniter\View\View->CodeIgniter\View\{closure}()
#3 C:\xampp\htdocs\plantonistas2.0\system\Common.php(1089): CodeIgniter\View\View->render('home', Array, true)
#4 C:\xampp\htdocs\plantonistas2.0\app\Controllers\Listagem.php(10): view('home')
#5 C:\xampp\htdocs\plantonistas2.0\system\CodeIgniter.php(825): App\Controllers\Listagem->index()
#6 C:\xampp\htdocs\plantonistas2.0\system\CodeIgniter.php(412): CodeIgniter\CodeIgniter->runController(Object(App\Controllers\Listagem))
#7 C:\xampp\htdocs\plantonistas2.0\system\CodeIgniter.php(320): CodeIgniter\CodeIgniter->handleRequest(NULL, Object(Config\Cache), false)
#8 C:\xampp\htdocs\plantonistas2.0\index.php(37): CodeIgniter\CodeIgniter->run()
#9 {main}
CRITICAL - 2022-02-03 12:31:43 --> Undefined variable $plantoes
#0 C:\xampp\htdocs\plantonistas2.0\app\Views\home.php(13): CodeIgniter\Debug\Exceptions->errorHandler(2, 'Undefined varia...', 'C:\\xampp\\htdocs...', 13)
#1 C:\xampp\htdocs\plantonistas2.0\system\View\View.php(210): include('C:\\xampp\\htdocs...')
#2 C:\xampp\htdocs\plantonistas2.0\system\View\View.php(213): CodeIgniter\View\View->CodeIgniter\View\{closure}()
#3 C:\xampp\htdocs\plantonistas2.0\system\Common.php(1089): CodeIgniter\View\View->render('home', Array, true)
#4 C:\xampp\htdocs\plantonistas2.0\app\Controllers\Listagem.php(10): view('home')
#5 C:\xampp\htdocs\plantonistas2.0\system\CodeIgniter.php(825): App\Controllers\Listagem->index()
#6 C:\xampp\htdocs\plantonistas2.0\system\CodeIgniter.php(412): CodeIgniter\CodeIgniter->runController(Object(App\Controllers\Listagem))
#7 C:\xampp\htdocs\plantonistas2.0\system\CodeIgniter.php(320): CodeIgniter\CodeIgniter->handleRequest(NULL, Object(Config\Cache), false)
#8 C:\xampp\htdocs\plantonistas2.0\index.php(37): CodeIgniter\CodeIgniter->run()
#9 {main}
CRITICAL - 2022-02-03 12:31:44 --> Undefined variable $plantoes
#0 C:\xampp\htdocs\plantonistas2.0\app\Views\home.php(13): CodeIgniter\Debug\Exceptions->errorHandler(2, 'Undefined varia...', 'C:\\xampp\\htdocs...', 13)
#1 C:\xampp\htdocs\plantonistas2.0\system\View\View.php(210): include('C:\\xampp\\htdocs...')
#2 C:\xampp\htdocs\plantonistas2.0\system\View\View.php(213): CodeIgniter\View\View->CodeIgniter\View\{closure}()
#3 C:\xampp\htdocs\plantonistas2.0\system\Common.php(1089): CodeIgniter\View\View->render('home', Array, true)
#4 C:\xampp\htdocs\plantonistas2.0\app\Controllers\Listagem.php(10): view('home')
#5 C:\xampp\htdocs\plantonistas2.0\system\CodeIgniter.php(825): App\Controllers\Listagem->index()
#6 C:\xampp\htdocs\plantonistas2.0\system\CodeIgniter.php(412): CodeIgniter\CodeIgniter->runController(Object(App\Controllers\Listagem))
#7 C:\xampp\htdocs\plantonistas2.0\system\CodeIgniter.php(320): CodeIgniter\CodeIgniter->handleRequest(NULL, Object(Config\Cache), false)
#8 C:\xampp\htdocs\plantonistas2.0\index.php(37): CodeIgniter\CodeIgniter->run()
#9 {main}
