CRITICAL - 2022-06-15 09:11:35 --> required] is not a valid rule.
#0 /var/www/html/plantao/system/Validation/Validation.php(300): CodeIgniter\Validation\Exceptions\ValidationException::forRuleNotFound()
#1 /var/www/html/plantao/system/Validation/Validation.php(157): CodeIgniter\Validation\Validation->processRules()
#2 /var/www/html/plantao/system/BaseModel.php(1347): CodeIgniter\Validation\Validation->run()
#3 /var/www/html/plantao/system/BaseModel.php(835): CodeIgniter\BaseModel->validate()
#4 /var/www/html/plantao/system/Model.php(651): CodeIgniter\BaseModel->update()
#5 /var/www/html/plantao/app/Controllers/Plantoes.php(93): CodeIgniter\Model->update()
#6 /var/www/html/plantao/system/CodeIgniter.php(825): App\Controllers\Plantoes->editar()
#7 /var/www/html/plantao/system/CodeIgniter.php(412): CodeIgniter\CodeIgniter->runController()
#8 /var/www/html/plantao/system/CodeIgniter.php(320): CodeIgniter\CodeIgniter->handleRequest()
#9 /var/www/html/plantao/index.php(37): CodeIgniter\CodeIgniter->run()
#10 {main}
CRITICAL - 2022-06-15 09:11:38 --> required] is not a valid rule.
#0 /var/www/html/plantao/system/Validation/Validation.php(300): CodeIgniter\Validation\Exceptions\ValidationException::forRuleNotFound()
#1 /var/www/html/plantao/system/Validation/Validation.php(157): CodeIgniter\Validation\Validation->processRules()
#2 /var/www/html/plantao/system/BaseModel.php(1347): CodeIgniter\Validation\Validation->run()
#3 /var/www/html/plantao/system/BaseModel.php(835): CodeIgniter\BaseModel->validate()
#4 /var/www/html/plantao/system/Model.php(651): CodeIgniter\BaseModel->update()
#5 /var/www/html/plantao/app/Controllers/Plantoes.php(93): CodeIgniter\Model->update()
#6 /var/www/html/plantao/system/CodeIgniter.php(825): App\Controllers\Plantoes->editar()
#7 /var/www/html/plantao/system/CodeIgniter.php(412): CodeIgniter\CodeIgniter->runController()
#8 /var/www/html/plantao/system/CodeIgniter.php(320): CodeIgniter\CodeIgniter->handleRequest()
#9 /var/www/html/plantao/index.php(37): CodeIgniter\CodeIgniter->run()
#10 {main}
CRITICAL - 2022-06-15 09:13:35 --> required] is not a valid rule.
#0 /var/www/html/plantao/system/Validation/Validation.php(300): CodeIgniter\Validation\Exceptions\ValidationException::forRuleNotFound()
#1 /var/www/html/plantao/system/Validation/Validation.php(157): CodeIgniter\Validation\Validation->processRules()
#2 /var/www/html/plantao/system/BaseModel.php(1347): CodeIgniter\Validation\Validation->run()
#3 /var/www/html/plantao/system/BaseModel.php(835): CodeIgniter\BaseModel->validate()
#4 /var/www/html/plantao/system/Model.php(651): CodeIgniter\BaseModel->update()
#5 /var/www/html/plantao/app/Controllers/Plantoes.php(93): CodeIgniter\Model->update()
#6 /var/www/html/plantao/system/CodeIgniter.php(825): App\Controllers\Plantoes->editar()
#7 /var/www/html/plantao/system/CodeIgniter.php(412): CodeIgniter\CodeIgniter->runController()
#8 /var/www/html/plantao/system/CodeIgniter.php(320): CodeIgniter\CodeIgniter->handleRequest()
#9 /var/www/html/plantao/index.php(37): CodeIgniter\CodeIgniter->run()
#10 {main}
