CRITICAL - 2022-05-12 07:04:26 --> Argument 1 passed to App\Models\UsuariosModel::getByNome() must be of the type string, null given, called in /var/www/html/plantao/app/Controllers/Usuarios.php on line 33
#0 /var/www/html/plantao/app/Controllers/Usuarios.php(33): App\Models\UsuariosModel->getByNome()
#1 /var/www/html/plantao/system/CodeIgniter.php(825): App\Controllers\Usuarios->signIn()
#2 /var/www/html/plantao/system/CodeIgniter.php(412): CodeIgniter\CodeIgniter->runController()
#3 /var/www/html/plantao/system/CodeIgniter.php(320): CodeIgniter\CodeIgniter->handleRequest()
#4 /var/www/html/plantao/index.php(37): CodeIgniter\CodeIgniter->run()
#5 {main}
ERROR - 2022-05-12 07:05:39 --> Cannot delete or update a parent row: a foreign key constraint fails (`plantao`.`cidades`, CONSTRAINT `cidades_ibfk_1` FOREIGN KEY (`regioes_id`) REFERENCES `regioes` (`id`))
CRITICAL - 2022-05-12 07:05:39 --> Cannot delete or update a parent row: a foreign key constraint fails (`plantao`.`cidades`, CONSTRAINT `cidades_ibfk_1` FOREIGN KEY (`regioes_id`) REFERENCES `regioes` (`id`))
#0 /var/www/html/plantao/system/Database/MySQLi/Connection.php(292): mysqli->query()
#1 /var/www/html/plantao/system/Database/BaseConnection.php(670): CodeIgniter\Database\MySQLi\Connection->execute()
#2 /var/www/html/plantao/system/Database/BaseConnection.php(598): CodeIgniter\Database\BaseConnection->simpleQuery()
#3 /var/www/html/plantao/system/Database/BaseBuilder.php(2225): CodeIgniter\Database\BaseConnection->query()
#4 /var/www/html/plantao/system/Model.php(359): CodeIgniter\Database\BaseBuilder->delete()
#5 /var/www/html/plantao/system/BaseModel.php(963): CodeIgniter\Model->doDelete()
#6 /var/www/html/plantao/app/Controllers/Regioes.php(72): CodeIgniter\BaseModel->delete()
#7 /var/www/html/plantao/system/CodeIgniter.php(825): App\Controllers\Regioes->excluir()
#8 /var/www/html/plantao/system/CodeIgniter.php(412): CodeIgniter\CodeIgniter->runController()
#9 /var/www/html/plantao/system/CodeIgniter.php(320): CodeIgniter\CodeIgniter->handleRequest()
#10 /var/www/html/plantao/index.php(37): CodeIgniter\CodeIgniter->run()
#11 {main}
ERROR - 2022-05-12 07:05:57 --> Cannot delete or update a parent row: a foreign key constraint fails (`plantao`.`cidades`, CONSTRAINT `cidades_ibfk_1` FOREIGN KEY (`regioes_id`) REFERENCES `regioes` (`id`))
CRITICAL - 2022-05-12 07:05:57 --> Cannot delete or update a parent row: a foreign key constraint fails (`plantao`.`cidades`, CONSTRAINT `cidades_ibfk_1` FOREIGN KEY (`regioes_id`) REFERENCES `regioes` (`id`))
#0 /var/www/html/plantao/system/Database/MySQLi/Connection.php(292): mysqli->query()
#1 /var/www/html/plantao/system/Database/BaseConnection.php(670): CodeIgniter\Database\MySQLi\Connection->execute()
#2 /var/www/html/plantao/system/Database/BaseConnection.php(598): CodeIgniter\Database\BaseConnection->simpleQuery()
#3 /var/www/html/plantao/system/Database/BaseBuilder.php(2225): CodeIgniter\Database\BaseConnection->query()
#4 /var/www/html/plantao/system/Model.php(359): CodeIgniter\Database\BaseBuilder->delete()
#5 /var/www/html/plantao/system/BaseModel.php(963): CodeIgniter\Model->doDelete()
#6 /var/www/html/plantao/app/Controllers/Regioes.php(72): CodeIgniter\BaseModel->delete()
#7 /var/www/html/plantao/system/CodeIgniter.php(825): App\Controllers\Regioes->excluir()
#8 /var/www/html/plantao/system/CodeIgniter.php(412): CodeIgniter\CodeIgniter->runController()
#9 /var/www/html/plantao/system/CodeIgniter.php(320): CodeIgniter\CodeIgniter->handleRequest()
#10 /var/www/html/plantao/index.php(37): CodeIgniter\CodeIgniter->run()
#11 {main}
ERROR - 2022-05-12 07:06:07 --> Cannot delete or update a parent row: a foreign key constraint fails (`plantao`.`cidades`, CONSTRAINT `cidades_ibfk_1` FOREIGN KEY (`regioes_id`) REFERENCES `regioes` (`id`))
CRITICAL - 2022-05-12 07:06:07 --> Cannot delete or update a parent row: a foreign key constraint fails (`plantao`.`cidades`, CONSTRAINT `cidades_ibfk_1` FOREIGN KEY (`regioes_id`) REFERENCES `regioes` (`id`))
#0 /var/www/html/plantao/system/Database/MySQLi/Connection.php(292): mysqli->query()
#1 /var/www/html/plantao/system/Database/BaseConnection.php(670): CodeIgniter\Database\MySQLi\Connection->execute()
#2 /var/www/html/plantao/system/Database/BaseConnection.php(598): CodeIgniter\Database\BaseConnection->simpleQuery()
#3 /var/www/html/plantao/system/Database/BaseBuilder.php(2225): CodeIgniter\Database\BaseConnection->query()
#4 /var/www/html/plantao/system/Model.php(359): CodeIgniter\Database\BaseBuilder->delete()
#5 /var/www/html/plantao/system/BaseModel.php(963): CodeIgniter\Model->doDelete()
#6 /var/www/html/plantao/app/Controllers/Regioes.php(72): CodeIgniter\BaseModel->delete()
#7 /var/www/html/plantao/system/CodeIgniter.php(825): App\Controllers\Regioes->excluir()
#8 /var/www/html/plantao/system/CodeIgniter.php(412): CodeIgniter\CodeIgniter->runController()
#9 /var/www/html/plantao/system/CodeIgniter.php(320): CodeIgniter\CodeIgniter->handleRequest()
#10 /var/www/html/plantao/index.php(37): CodeIgniter\CodeIgniter->run()
#11 {main}
ERROR - 2022-05-12 08:39:31 --> Cannot delete or update a parent row: a foreign key constraint fails (`plantao`.`cidades`, CONSTRAINT `cidades_ibfk_1` FOREIGN KEY (`regioes_id`) REFERENCES `regioes` (`id`))
